[wanxinp2p-transaction-service][${env:SERVER_PORT}] 2021-08-18 14:01:13,912 WARN [Apollo-RemoteConfigRepository-1][RemoteConfigRepository.java:194] - Load config failed, will retry in 1 SECONDS. appId: transaction-service, cluster: DEFAULT, namespaces: micro_service.spring-cloud-feign
[wanxinp2p-transaction-service][${env:SERVER_PORT}] 2021-08-18 14:01:14,918 WARN [Apollo-RemoteConfigRepository-1][AbstractConfigRepository.java:26] - Sync config failed, will retry. Repository class com.ctrip.framework.apollo.internals.RemoteConfigRepository, reason: Load Apollo Config failed - appId: transaction-service, cluster: DEFAULT, namespace: micro_service.spring-cloud-feign, url: http://192.168.85.131:8080/configs/transaction-service/DEFAULT/micro_service.spring-cloud-feign?ip=192.168.0.103&messages=%7B%22details%22%3A%7B%22transaction-service%2Bdefault%2Bmicro_service.spring-cloud-feign%22%3A285%2C%22common-template%2Bdefault%2Bmicro_service.spring-cloud-feign%22%3A403%7D%7D [Cause: [status code: 404] Could not find config for namespace - appId: transaction-service, cluster: DEFAULT, namespace: micro_service.spring-cloud-feign, please check whether the configs are released in Apollo!]
[wanxinp2p-transaction-service][${env:SERVER_PORT}] 2021-08-18 14:01:31,216 INFO [AsyncResolver-bootstrap-executor-0][ConfigClusterResolver.java:43] - Resolving eureka endpoints via configuration
[wanxinp2p-transaction-service][${env:SERVER_PORT}] 2021-08-18 14:06:13,914 WARN [Apollo-RemoteConfigRepository-1][RemoteConfigRepository.java:194] - Load config failed, will retry in 1 SECONDS. appId: transaction-service, cluster: DEFAULT, namespaces: micro_service.spring-cloud-feign
[wanxinp2p-transaction-service][${env:SERVER_PORT}] 2021-08-18 14:06:14,924 WARN [Apollo-RemoteConfigRepository-1][AbstractConfigRepository.java:26] - Sync config failed, will retry. Repository class com.ctrip.framework.apollo.internals.RemoteConfigRepository, reason: Load Apollo Config failed - appId: transaction-service, cluster: DEFAULT, namespace: micro_service.spring-cloud-feign, url: http://192.168.85.131:8080/configs/transaction-service/DEFAULT/micro_service.spring-cloud-feign?ip=192.168.0.103&messages=%7B%22details%22%3A%7B%22transaction-service%2Bdefault%2Bmicro_service.spring-cloud-feign%22%3A285%2C%22common-template%2Bdefault%2Bmicro_service.spring-cloud-feign%22%3A403%7D%7D [Cause: [status code: 404] Could not find config for namespace - appId: transaction-service, cluster: DEFAULT, namespace: micro_service.spring-cloud-feign, please check whether the configs are released in Apollo!]
[wanxinp2p-transaction-service][${env:SERVER_PORT}] 2021-08-18 14:06:31,217 INFO [AsyncResolver-bootstrap-executor-0][ConfigClusterResolver.java:43] - Resolving eureka endpoints via configuration
[wanxinp2p-transaction-service][${env:SERVER_PORT}] 2021-08-18 14:11:14,074 WARN [Apollo-RemoteConfigRepository-1][RemoteConfigRepository.java:194] - Load config failed, will retry in 1 SECONDS. appId: transaction-service, cluster: DEFAULT, namespaces: micro_service.spring-cloud-feign
[wanxinp2p-transaction-service][${env:SERVER_PORT}] 2021-08-18 14:11:15,083 WARN [Apollo-RemoteConfigRepository-1][AbstractConfigRepository.java:26] - Sync config failed, will retry. Repository class com.ctrip.framework.apollo.internals.RemoteConfigRepository, reason: Load Apollo Config failed - appId: transaction-service, cluster: DEFAULT, namespace: micro_service.spring-cloud-feign, url: http://192.168.85.131:8080/configs/transaction-service/DEFAULT/micro_service.spring-cloud-feign?ip=192.168.0.103&messages=%7B%22details%22%3A%7B%22transaction-service%2Bdefault%2Bmicro_service.spring-cloud-feign%22%3A285%2C%22common-template%2Bdefault%2Bmicro_service.spring-cloud-feign%22%3A403%7D%7D [Cause: [status code: 404] Could not find config for namespace - appId: transaction-service, cluster: DEFAULT, namespace: micro_service.spring-cloud-feign, please check whether the configs are released in Apollo!]
[wanxinp2p-transaction-service][${env:SERVER_PORT}] 2021-08-18 14:11:31,218 INFO [AsyncResolver-bootstrap-executor-0][ConfigClusterResolver.java:43] - Resolving eureka endpoints via configuration
[wanxinp2p-transaction-service][${env:SERVER_PORT}] 2021-08-18 14:16:13,911 WARN [Apollo-RemoteConfigRepository-1][RemoteConfigRepository.java:194] - Load config failed, will retry in 1 SECONDS. appId: transaction-service, cluster: DEFAULT, namespaces: micro_service.spring-cloud-feign
[wanxinp2p-transaction-service][${env:SERVER_PORT}] 2021-08-18 14:16:14,922 WARN [Apollo-RemoteConfigRepository-1][AbstractConfigRepository.java:26] - Sync config failed, will retry. Repository class com.ctrip.framework.apollo.internals.RemoteConfigRepository, reason: Load Apollo Config failed - appId: transaction-service, cluster: DEFAULT, namespace: micro_service.spring-cloud-feign, url: http://192.168.85.131:8080/configs/transaction-service/DEFAULT/micro_service.spring-cloud-feign?ip=192.168.0.103&messages=%7B%22details%22%3A%7B%22transaction-service%2Bdefault%2Bmicro_service.spring-cloud-feign%22%3A285%2C%22common-template%2Bdefault%2Bmicro_service.spring-cloud-feign%22%3A403%7D%7D [Cause: [status code: 404] Could not find config for namespace - appId: transaction-service, cluster: DEFAULT, namespace: micro_service.spring-cloud-feign, please check whether the configs are released in Apollo!]
[wanxinp2p-transaction-service][${env:SERVER_PORT}] 2021-08-18 14:16:31,243 INFO [AsyncResolver-bootstrap-executor-0][ConfigClusterResolver.java:43] - Resolving eureka endpoints via configuration
[wanxinp2p-transaction-service][${env:SERVER_PORT}] 2021-08-18 14:21:13,913 WARN [Apollo-RemoteConfigRepository-1][RemoteConfigRepository.java:194] - Load config failed, will retry in 1 SECONDS. appId: transaction-service, cluster: DEFAULT, namespaces: micro_service.spring-cloud-feign
[wanxinp2p-transaction-service][${env:SERVER_PORT}] 2021-08-18 14:21:14,917 WARN [Apollo-RemoteConfigRepository-1][AbstractConfigRepository.java:26] - Sync config failed, will retry. Repository class com.ctrip.framework.apollo.internals.RemoteConfigRepository, reason: Load Apollo Config failed - appId: transaction-service, cluster: DEFAULT, namespace: micro_service.spring-cloud-feign, url: http://192.168.85.131:8080/configs/transaction-service/DEFAULT/micro_service.spring-cloud-feign?ip=192.168.0.103&messages=%7B%22details%22%3A%7B%22transaction-service%2Bdefault%2Bmicro_service.spring-cloud-feign%22%3A285%2C%22common-template%2Bdefault%2Bmicro_service.spring-cloud-feign%22%3A403%7D%7D [Cause: [status code: 404] Could not find config for namespace - appId: transaction-service, cluster: DEFAULT, namespace: micro_service.spring-cloud-feign, please check whether the configs are released in Apollo!]
[wanxinp2p-transaction-service][${env:SERVER_PORT}] 2021-08-18 14:21:31,245 INFO [AsyncResolver-bootstrap-executor-0][ConfigClusterResolver.java:43] - Resolving eureka endpoints via configuration
[wanxinp2p-transaction-service][${env:SERVER_PORT}] 2021-08-18 14:26:13,912 WARN [Apollo-RemoteConfigRepository-1][RemoteConfigRepository.java:194] - Load config failed, will retry in 1 SECONDS. appId: transaction-service, cluster: DEFAULT, namespaces: micro_service.spring-cloud-feign
[wanxinp2p-transaction-service][${env:SERVER_PORT}] 2021-08-18 14:26:14,917 WARN [Apollo-RemoteConfigRepository-1][AbstractConfigRepository.java:26] - Sync config failed, will retry. Repository class com.ctrip.framework.apollo.internals.RemoteConfigRepository, reason: Load Apollo Config failed - appId: transaction-service, cluster: DEFAULT, namespace: micro_service.spring-cloud-feign, url: http://192.168.85.131:8080/configs/transaction-service/DEFAULT/micro_service.spring-cloud-feign?ip=192.168.0.103&messages=%7B%22details%22%3A%7B%22transaction-service%2Bdefault%2Bmicro_service.spring-cloud-feign%22%3A285%2C%22common-template%2Bdefault%2Bmicro_service.spring-cloud-feign%22%3A403%7D%7D [Cause: [status code: 404] Could not find config for namespace - appId: transaction-service, cluster: DEFAULT, namespace: micro_service.spring-cloud-feign, please check whether the configs are released in Apollo!]
[wanxinp2p-transaction-service][${env:SERVER_PORT}] 2021-08-18 14:26:31,246 INFO [AsyncResolver-bootstrap-executor-0][ConfigClusterResolver.java:43] - Resolving eureka endpoints via configuration
[wanxinp2p-transaction-service][${env:SERVER_PORT}] 2021-08-18 14:31:13,917 WARN [Apollo-RemoteConfigRepository-1][RemoteConfigRepository.java:194] - Load config failed, will retry in 1 SECONDS. appId: transaction-service, cluster: DEFAULT, namespaces: micro_service.spring-cloud-feign
[wanxinp2p-transaction-service][${env:SERVER_PORT}] 2021-08-18 14:31:14,928 WARN [Apollo-RemoteConfigRepository-1][AbstractConfigRepository.java:26] - Sync config failed, will retry. Repository class com.ctrip.framework.apollo.internals.RemoteConfigRepository, reason: Load Apollo Config failed - appId: transaction-service, cluster: DEFAULT, namespace: micro_service.spring-cloud-feign, url: http://192.168.85.131:8080/configs/transaction-service/DEFAULT/micro_service.spring-cloud-feign?ip=192.168.0.103&messages=%7B%22details%22%3A%7B%22transaction-service%2Bdefault%2Bmicro_service.spring-cloud-feign%22%3A285%2C%22common-template%2Bdefault%2Bmicro_service.spring-cloud-feign%22%3A403%7D%7D [Cause: [status code: 404] Could not find config for namespace - appId: transaction-service, cluster: DEFAULT, namespace: micro_service.spring-cloud-feign, please check whether the configs are released in Apollo!]
[wanxinp2p-transaction-service][${env:SERVER_PORT}] 2021-08-18 14:31:31,247 INFO [AsyncResolver-bootstrap-executor-0][ConfigClusterResolver.java:43] - Resolving eureka endpoints via configuration
[wanxinp2p-transaction-service][${env:SERVER_PORT}] 2021-08-18 14:36:13,912 WARN [Apollo-RemoteConfigRepository-1][RemoteConfigRepository.java:194] - Load config failed, will retry in 1 SECONDS. appId: transaction-service, cluster: DEFAULT, namespaces: micro_service.spring-cloud-feign
[wanxinp2p-transaction-service][${env:SERVER_PORT}] 2021-08-18 14:36:14,919 WARN [Apollo-RemoteConfigRepository-1][AbstractConfigRepository.java:26] - Sync config failed, will retry. Repository class com.ctrip.framework.apollo.internals.RemoteConfigRepository, reason: Load Apollo Config failed - appId: transaction-service, cluster: DEFAULT, namespace: micro_service.spring-cloud-feign, url: http://192.168.85.131:8080/configs/transaction-service/DEFAULT/micro_service.spring-cloud-feign?ip=192.168.0.103&messages=%7B%22details%22%3A%7B%22transaction-service%2Bdefault%2Bmicro_service.spring-cloud-feign%22%3A285%2C%22common-template%2Bdefault%2Bmicro_service.spring-cloud-feign%22%3A403%7D%7D [Cause: [status code: 404] Could not find config for namespace - appId: transaction-service, cluster: DEFAULT, namespace: micro_service.spring-cloud-feign, please check whether the configs are released in Apollo!]
[wanxinp2p-transaction-service][${env:SERVER_PORT}] 2021-08-18 14:36:31,249 INFO [AsyncResolver-bootstrap-executor-0][ConfigClusterResolver.java:43] - Resolving eureka endpoints via configuration
[wanxinp2p-transaction-service][${env:SERVER_PORT}] 2021-08-18 14:41:13,913 WARN [Apollo-RemoteConfigRepository-1][RemoteConfigRepository.java:194] - Load config failed, will retry in 1 SECONDS. appId: transaction-service, cluster: DEFAULT, namespaces: micro_service.spring-cloud-feign
[wanxinp2p-transaction-service][${env:SERVER_PORT}] 2021-08-18 14:41:14,918 WARN [Apollo-RemoteConfigRepository-1][AbstractConfigRepository.java:26] - Sync config failed, will retry. Repository class com.ctrip.framework.apollo.internals.RemoteConfigRepository, reason: Load Apollo Config failed - appId: transaction-service, cluster: DEFAULT, namespace: micro_service.spring-cloud-feign, url: http://192.168.85.131:8080/configs/transaction-service/DEFAULT/micro_service.spring-cloud-feign?ip=192.168.0.103&messages=%7B%22details%22%3A%7B%22transaction-service%2Bdefault%2Bmicro_service.spring-cloud-feign%22%3A285%2C%22common-template%2Bdefault%2Bmicro_service.spring-cloud-feign%22%3A403%7D%7D [Cause: [status code: 404] Could not find config for namespace - appId: transaction-service, cluster: DEFAULT, namespace: micro_service.spring-cloud-feign, please check whether the configs are released in Apollo!]
[wanxinp2p-transaction-service][${env:SERVER_PORT}] 2021-08-18 14:41:31,250 INFO [AsyncResolver-bootstrap-executor-0][ConfigClusterResolver.java:43] - Resolving eureka endpoints via configuration
[wanxinp2p-transaction-service][${env:SERVER_PORT}] 2021-08-18 14:46:13,911 WARN [Apollo-RemoteConfigRepository-1][RemoteConfigRepository.java:194] - Load config failed, will retry in 1 SECONDS. appId: transaction-service, cluster: DEFAULT, namespaces: micro_service.spring-cloud-feign
[wanxinp2p-transaction-service][${env:SERVER_PORT}] 2021-08-18 14:46:14,917 WARN [Apollo-RemoteConfigRepository-1][AbstractConfigRepository.java:26] - Sync config failed, will retry. Repository class com.ctrip.framework.apollo.internals.RemoteConfigRepository, reason: Load Apollo Config failed - appId: transaction-service, cluster: DEFAULT, namespace: micro_service.spring-cloud-feign, url: http://192.168.85.131:8080/configs/transaction-service/DEFAULT/micro_service.spring-cloud-feign?ip=192.168.0.103&messages=%7B%22details%22%3A%7B%22transaction-service%2Bdefault%2Bmicro_service.spring-cloud-feign%22%3A285%2C%22common-template%2Bdefault%2Bmicro_service.spring-cloud-feign%22%3A403%7D%7D [Cause: [status code: 404] Could not find config for namespace - appId: transaction-service, cluster: DEFAULT, namespace: micro_service.spring-cloud-feign, please check whether the configs are released in Apollo!]
[wanxinp2p-transaction-service][${env:SERVER_PORT}] 2021-08-18 14:46:31,251 INFO [AsyncResolver-bootstrap-executor-0][ConfigClusterResolver.java:43] - Resolving eureka endpoints via configuration
[wanxinp2p-transaction-service][${env:SERVER_PORT}] 2021-08-18 14:51:13,911 WARN [Apollo-RemoteConfigRepository-1][RemoteConfigRepository.java:194] - Load config failed, will retry in 1 SECONDS. appId: transaction-service, cluster: DEFAULT, namespaces: micro_service.spring-cloud-feign
[wanxinp2p-transaction-service][${env:SERVER_PORT}] 2021-08-18 14:51:14,917 WARN [Apollo-RemoteConfigRepository-1][AbstractConfigRepository.java:26] - Sync config failed, will retry. Repository class com.ctrip.framework.apollo.internals.RemoteConfigRepository, reason: Load Apollo Config failed - appId: transaction-service, cluster: DEFAULT, namespace: micro_service.spring-cloud-feign, url: http://192.168.85.131:8080/configs/transaction-service/DEFAULT/micro_service.spring-cloud-feign?ip=192.168.0.103&messages=%7B%22details%22%3A%7B%22transaction-service%2Bdefault%2Bmicro_service.spring-cloud-feign%22%3A285%2C%22common-template%2Bdefault%2Bmicro_service.spring-cloud-feign%22%3A403%7D%7D [Cause: [status code: 404] Could not find config for namespace - appId: transaction-service, cluster: DEFAULT, namespace: micro_service.spring-cloud-feign, please check whether the configs are released in Apollo!]
[wanxinp2p-transaction-service][${env:SERVER_PORT}] 2021-08-18 14:51:31,252 INFO [AsyncResolver-bootstrap-executor-0][ConfigClusterResolver.java:43] - Resolving eureka endpoints via configuration
[wanxinp2p-transaction-service][${env:SERVER_PORT}] 2021-08-18 14:56:13,910 WARN [Apollo-RemoteConfigRepository-1][RemoteConfigRepository.java:194] - Load config failed, will retry in 1 SECONDS. appId: transaction-service, cluster: DEFAULT, namespaces: micro_service.spring-cloud-feign
[wanxinp2p-transaction-service][${env:SERVER_PORT}] 2021-08-18 14:56:14,915 WARN [Apollo-RemoteConfigRepository-1][AbstractConfigRepository.java:26] - Sync config failed, will retry. Repository class com.ctrip.framework.apollo.internals.RemoteConfigRepository, reason: Load Apollo Config failed - appId: transaction-service, cluster: DEFAULT, namespace: micro_service.spring-cloud-feign, url: http://192.168.85.131:8080/configs/transaction-service/DEFAULT/micro_service.spring-cloud-feign?ip=192.168.0.103&messages=%7B%22details%22%3A%7B%22transaction-service%2Bdefault%2Bmicro_service.spring-cloud-feign%22%3A285%2C%22common-template%2Bdefault%2Bmicro_service.spring-cloud-feign%22%3A403%7D%7D [Cause: [status code: 404] Could not find config for namespace - appId: transaction-service, cluster: DEFAULT, namespace: micro_service.spring-cloud-feign, please check whether the configs are released in Apollo!]
[wanxinp2p-transaction-service][${env:SERVER_PORT}] 2021-08-18 14:56:31,253 INFO [AsyncResolver-bootstrap-executor-0][ConfigClusterResolver.java:43] - Resolving eureka endpoints via configuration
[wanxinp2p-transaction-service][${env:SERVER_PORT}] 2021-08-18 14:59:03,089 ERROR [http-nio-53060-exec-6][GlobalExceptionHandler.java:45] - 【系统异常】{}
java.lang.NullPointerException
	at cn.itcast.wanxinp2p.transaction.service.ProjectServiceImpl.queryProjectsByQueryDTO(ProjectServiceImpl.java:124)
	at cn.itcast.wanxinp2p.transaction.service.ProjectServiceImpl$$FastClassBySpringCGLIB$$997f0e9f.invoke(<generated>)
	at org.springframework.cglib.proxy.MethodProxy.invoke(MethodProxy.java:218)
	at org.springframework.aop.framework.CglibAopProxy$DynamicAdvisedInterceptor.intercept(CglibAopProxy.java:684)
	at cn.itcast.wanxinp2p.transaction.service.ProjectServiceImpl$$EnhancerBySpringCGLIB$$a88af1b4.queryProjectsByQueryDTO(<generated>)
	at cn.itcast.wanxinp2p.transaction.controller.TransactionController.queryProjects(TransactionController.java:56)
	at sun.reflect.NativeMethodAccessorImpl.invoke0(Native Method)
	at sun.reflect.NativeMethodAccessorImpl.invoke(NativeMethodAccessorImpl.java:62)
	at sun.reflect.DelegatingMethodAccessorImpl.invoke(DelegatingMethodAccessorImpl.java:43)
	at java.lang.reflect.Method.invoke(Method.java:497)
	at org.springframework.web.method.support.InvocableHandlerMethod.doInvoke(InvocableHandlerMethod.java:189)
	at org.springframework.web.method.support.InvocableHandlerMethod.invokeForRequest(InvocableHandlerMethod.java:138)
	at org.springframework.web.servlet.mvc.method.annotation.ServletInvocableHandlerMethod.invokeAndHandle(ServletInvocableHandlerMethod.java:102)
	at org.springframework.web.servlet.mvc.method.annotation.RequestMappingHandlerAdapter.invokeHandlerMethod(RequestMappingHandlerAdapter.java:895)
	at org.springframework.web.servlet.mvc.method.annotation.RequestMappingHandlerAdapter.handleInternal(RequestMappingHandlerAdapter.java:800)
	at org.springframework.web.servlet.mvc.method.AbstractHandlerMethodAdapter.handle(AbstractHandlerMethodAdapter.java:87)
	at org.springframework.web.servlet.DispatcherServlet.doDispatch(DispatcherServlet.java:1038)
	at org.springframework.web.servlet.DispatcherServlet.doService(DispatcherServlet.java:942)
	at org.springframework.web.servlet.FrameworkServlet.processRequest(FrameworkServlet.java:1005)
	at org.springframework.web.servlet.FrameworkServlet.doPost(FrameworkServlet.java:908)
	at javax.servlet.http.HttpServlet.service(HttpServlet.java:660)
	at org.springframework.web.servlet.FrameworkServlet.service(FrameworkServlet.java:882)
	at javax.servlet.http.HttpServlet.service(HttpServlet.java:741)
	at org.apache.catalina.core.ApplicationFilterChain.internalDoFilter(ApplicationFilterChain.java:231)
	at org.apache.catalina.core.ApplicationFilterChain.doFilter(ApplicationFilterChain.java:166)
	at org.apache.tomcat.websocket.server.WsFilter.doFilter(WsFilter.java:53)
	at org.apache.catalina.core.ApplicationFilterChain.internalDoFilter(ApplicationFilterChain.java:193)
	at org.apache.catalina.core.ApplicationFilterChain.doFilter(ApplicationFilterChain.java:166)
	at org.springframework.boot.actuate.web.trace.servlet.HttpTraceFilter.doFilterInternal(HttpTraceFilter.java:90)
	at org.springframework.web.filter.OncePerRequestFilter.doFilter(OncePerRequestFilter.java:107)
	at org.apache.catalina.core.ApplicationFilterChain.internalDoFilter(ApplicationFilterChain.java:193)
	at org.apache.catalina.core.ApplicationFilterChain.doFilter(ApplicationFilterChain.java:166)
	at org.springframework.web.filter.RequestContextFilter.doFilterInternal(RequestContextFilter.java:99)
	at org.springframework.web.filter.OncePerRequestFilter.doFilter(OncePerRequestFilter.java:107)
	at org.apache.catalina.core.ApplicationFilterChain.internalDoFilter(ApplicationFilterChain.java:193)
	at org.apache.catalina.core.ApplicationFilterChain.doFilter(ApplicationFilterChain.java:166)
	at org.springframework.web.filter.FormContentFilter.doFilterInternal(FormContentFilter.java:92)
	at org.springframework.web.filter.OncePerRequestFilter.doFilter(OncePerRequestFilter.java:107)
	at org.apache.catalina.core.ApplicationFilterChain.internalDoFilter(ApplicationFilterChain.java:193)
	at org.apache.catalina.core.ApplicationFilterChain.doFilter(ApplicationFilterChain.java:166)
	at org.springframework.web.filter.HiddenHttpMethodFilter.doFilterInternal(HiddenHttpMethodFilter.java:93)
	at org.springframework.web.filter.OncePerRequestFilter.doFilter(OncePerRequestFilter.java:107)
	at org.apache.catalina.core.ApplicationFilterChain.internalDoFilter(ApplicationFilterChain.java:193)
	at org.apache.catalina.core.ApplicationFilterChain.doFilter(ApplicationFilterChain.java:166)
	at org.springframework.boot.actuate.metrics.web.servlet.WebMvcMetricsFilter.filterAndRecordMetrics(WebMvcMetricsFilter.java:117)
	at org.springframework.boot.actuate.metrics.web.servlet.WebMvcMetricsFilter.doFilterInternal(WebMvcMetricsFilter.java:106)
	at org.springframework.web.filter.OncePerRequestFilter.doFilter(OncePerRequestFilter.java:107)
	at org.apache.catalina.core.ApplicationFilterChain.internalDoFilter(ApplicationFilterChain.java:193)
	at org.apache.catalina.core.ApplicationFilterChain.doFilter(ApplicationFilterChain.java:166)
	at org.springframework.web.filter.CharacterEncodingFilter.doFilterInternal(CharacterEncodingFilter.java:200)
	at org.springframework.web.filter.OncePerRequestFilter.doFilter(OncePerRequestFilter.java:107)
	at org.apache.catalina.core.ApplicationFilterChain.internalDoFilter(ApplicationFilterChain.java:193)
	at org.apache.catalina.core.ApplicationFilterChain.doFilter(ApplicationFilterChain.java:166)
	at org.apache.catalina.core.StandardWrapperValve.invoke(StandardWrapperValve.java:200)
	at org.apache.catalina.core.StandardContextValve.invoke(StandardContextValve.java:96)
	at org.apache.catalina.authenticator.AuthenticatorBase.invoke(AuthenticatorBase.java:490)
	at org.apache.catalina.core.StandardHostValve.invoke(StandardHostValve.java:139)
	at org.apache.catalina.valves.ErrorReportValve.invoke(ErrorReportValve.java:92)
	at org.apache.catalina.core.StandardEngineValve.invoke(StandardEngineValve.java:74)
	at org.apache.catalina.connector.CoyoteAdapter.service(CoyoteAdapter.java:343)
	at org.apache.coyote.http11.Http11Processor.service(Http11Processor.java:408)
	at org.apache.coyote.AbstractProcessorLight.process(AbstractProcessorLight.java:66)
	at org.apache.coyote.AbstractProtocol$ConnectionHandler.process(AbstractProtocol.java:834)
	at org.apache.tomcat.util.net.NioEndpoint$SocketProcessor.doRun(NioEndpoint.java:1415)
	at org.apache.tomcat.util.net.SocketProcessorBase.run(SocketProcessorBase.java:49)
	at java.util.concurrent.ThreadPoolExecutor.runWorker(ThreadPoolExecutor.java:1142)
	at java.util.concurrent.ThreadPoolExecutor$Worker.run(ThreadPoolExecutor.java:617)
	at org.apache.tomcat.util.threads.TaskThread$WrappingRunnable.run(TaskThread.java:61)
	at java.lang.Thread.run(Thread.java:745)
[wanxinp2p-transaction-service][${env:SERVER_PORT}] 2021-08-18 14:59:11,169 WARN [http-nio-53060-exec-7][DefaultConfig.java:95] - Could not load config for namespace micro_service.spring-cloud-feign from Apollo, please check whether the configs are released in Apollo! Return default value now!
[wanxinp2p-transaction-service][${env:SERVER_PORT}] 2021-08-18 14:59:11,294 INFO [http-nio-53060-exec-7][ChainedDynamicProperty.java:115] - Flipping property: consumer-service.ribbon.ActiveConnectionsLimit to use NEXT property: niws.loadbalancer.availabilityFilteringRule.activeConnectionsLimit = 2147483647
[wanxinp2p-transaction-service][${env:SERVER_PORT}] 2021-08-18 14:59:11,299 INFO [http-nio-53060-exec-7][ShutdownEnabledTimer.java:58] - Shutdown hook installed for: NFLoadBalancer-PingTimer-consumer-service
[wanxinp2p-transaction-service][${env:SERVER_PORT}] 2021-08-18 14:59:11,299 INFO [http-nio-53060-exec-7][BaseLoadBalancer.java:197] - Client: consumer-service instantiated a LoadBalancer: DynamicServerListLoadBalancer:{NFLoadBalancer:name=consumer-service,current list of Servers=[],Load balancer stats=Zone stats: {},Server stats: []}ServerList:null
[wanxinp2p-transaction-service][${env:SERVER_PORT}] 2021-08-18 14:59:11,301 INFO [http-nio-53060-exec-7][DynamicServerListLoadBalancer.java:222] - Using serverListUpdater PollingServerListUpdater
[wanxinp2p-transaction-service][${env:SERVER_PORT}] 2021-08-18 14:59:11,303 INFO [http-nio-53060-exec-7][ChainedDynamicProperty.java:115] - Flipping property: consumer-service.ribbon.ActiveConnectionsLimit to use NEXT property: niws.loadbalancer.availabilityFilteringRule.activeConnectionsLimit = 2147483647
[wanxinp2p-transaction-service][${env:SERVER_PORT}] 2021-08-18 14:59:11,304 INFO [http-nio-53060-exec-7][DynamicServerListLoadBalancer.java:150] - DynamicServerListLoadBalancer for client consumer-service initialized: DynamicServerListLoadBalancer:{NFLoadBalancer:name=consumer-service,current list of Servers=[172.19.130.1:53050],Load balancer stats=Zone stats: {defaultzone=[Zone:defaultzone;	Instance count:1;	Active connections count: 0;	Circuit breaker tripped count: 0;	Active connections per server: 0.0;]
},Server stats: [[Server:172.19.130.1:53050;	Zone:defaultZone;	Total Requests:0;	Successive connection failure:0;	Total blackout seconds:0;	Last connection made:Thu Jan 01 08:00:00 CST 1970;	First connection made: Thu Jan 01 08:00:00 CST 1970;	Active Connections:0;	total failure count in last (1000) msecs:0;	average resp time:0.0;	90 percentile resp time:0.0;	95 percentile resp time:0.0;	min resp time:0.0;	max resp time:0.0;	stddev resp time:0.0]
]}ServerList:org.springframework.cloud.netflix.ribbon.eureka.DomainExtractingServerList@66ea19bb
[wanxinp2p-transaction-service][${env:SERVER_PORT}] 2021-08-18 14:59:11,790 DEBUG [http-nio-53060-exec-7][BaseJdbcLogger.java:159] - ==>  Preparing: SELECT COUNT( 1 ) FROM project WHERE CONSUMER_ID = ? 
[wanxinp2p-transaction-service][${env:SERVER_PORT}] 2021-08-18 14:59:11,947 DEBUG [http-nio-53060-exec-7][BaseJdbcLogger.java:159] - ==> Parameters: 9(Long)
[wanxinp2p-transaction-service][${env:SERVER_PORT}] 2021-08-18 14:59:12,304 INFO [PollingServerListUpdater-1][ChainedDynamicProperty.java:115] - Flipping property: consumer-service.ribbon.ActiveConnectionsLimit to use NEXT property: niws.loadbalancer.availabilityFilteringRule.activeConnectionsLimit = 2147483647
[wanxinp2p-transaction-service][${env:SERVER_PORT}] 2021-08-18 14:59:12,443 INFO [http-nio-53060-exec-7][SQLLogger.java:89] - Rule Type: sharding
[wanxinp2p-transaction-service][${env:SERVER_PORT}] 2021-08-18 14:59:12,444 INFO [http-nio-53060-exec-7][SQLLogger.java:89] - Logic SQL: SELECT COUNT( 1 ) FROM project 
 
 WHERE CONSUMER_ID = ?
[wanxinp2p-transaction-service][${env:SERVER_PORT}] 2021-08-18 14:59:12,445 INFO [http-nio-53060-exec-7][SQLLogger.java:89] - SQLStatement: SelectStatement(super=DQLStatement(super=AbstractSQLStatement(type=DQL, tables=Tables(tables=[Table(name=project, alias=Optional.absent())]), routeConditions=Conditions(orCondition=OrCondition(andConditions=[AndCondition(conditions=[Condition(column=Column(name=CONSUMER_ID, tableName=project), operator=EQUAL, compareOperator==, positionValueMap={}, positionIndexMap={0=0})])])), encryptConditions=Conditions(orCondition=OrCondition(andConditions=[])), sqlTokens=[TableToken(tableName=project, quoteCharacter=NONE, schemaNameLength=0)], parametersIndex=1, logicSQL=SELECT COUNT( 1 ) FROM project 
 
 WHERE CONSUMER_ID = ?)), containStar=false, firstSelectItemStartIndex=7, selectListStopIndex=16, groupByLastIndex=0, items=[AggregationSelectItem(type=COUNT, innerExpression=( 1 ), alias=Optional.absent(), derivedAggregationSelectItems=[], index=-1)], groupByItems=[], orderByItems=[], limit=null, subqueryStatement=null, subqueryStatements=[], subqueryConditions=[])
[wanxinp2p-transaction-service][${env:SERVER_PORT}] 2021-08-18 14:59:12,446 INFO [http-nio-53060-exec-7][SQLLogger.java:89] - Actual SQL: ds1 ::: SELECT COUNT( 1 ) FROM project_0 
 
 WHERE CONSUMER_ID = ? ::: [9]
[wanxinp2p-transaction-service][${env:SERVER_PORT}] 2021-08-18 14:59:12,447 INFO [http-nio-53060-exec-7][SQLLogger.java:89] - Actual SQL: ds1 ::: SELECT COUNT( 1 ) FROM project_1 
 
 WHERE CONSUMER_ID = ? ::: [9]
[wanxinp2p-transaction-service][${env:SERVER_PORT}] 2021-08-18 14:59:12,558 DEBUG [http-nio-53060-exec-7][BaseJdbcLogger.java:159] - <==      Total: 1
[wanxinp2p-transaction-service][${env:SERVER_PORT}] 2021-08-18 14:59:13,680 DEBUG [http-nio-53060-exec-7][BaseJdbcLogger.java:159] - ==>  Preparing: INSERT INTO project ( ID, CONSUMER_ID, USER_NO, PROJECT_NO, NAME, DESCRIPTION, TYPE, PERIOD, ANNUAL_RATE, BORROWER_ANNUAL_RATE, COMMISSION_ANNUAL_RATE, REPAYMENT_WAY, AMOUNT, PROJECT_STATUS, CREATE_DATE, STATUS, IS_ASSIGNMENT ) VALUES ( ?, ?, ?, ?, ?, ?, ?, ?, ?, ?, ?, ?, ?, ?, ?, ?, ? ) 
[wanxinp2p-transaction-service][${env:SERVER_PORT}] 2021-08-18 14:59:13,685 DEBUG [http-nio-53060-exec-7][BaseJdbcLogger.java:159] - ==> Parameters: 1427887794252533762(Long), 9(Long), USR_F720319F5AE24FDDBE12685AEEDFCB61(String), PRO_FCCEC870D02E4354B0D7F221D8BBA3F6(String), 苏留先生第3[B@56d1966d(String), 个人生活消费(String), NEW(String), 360(Integer), 0.15(BigDecimal), 0.15(BigDecimal), 0(BigDecimal), FIXED_REPAYMENT(String), 2000(BigDecimal), COLLECTING(String), 2021-08-18 14:59:11.583(Timestamp), 0(Integer), 0(Integer)
[wanxinp2p-transaction-service][${env:SERVER_PORT}] 2021-08-18 14:59:13,737 INFO [http-nio-53060-exec-7][SQLLogger.java:89] - Rule Type: sharding
[wanxinp2p-transaction-service][${env:SERVER_PORT}] 2021-08-18 14:59:13,738 INFO [http-nio-53060-exec-7][SQLLogger.java:89] - Logic SQL: INSERT INTO project  ( ID,
CONSUMER_ID,
USER_NO,
PROJECT_NO,
NAME,
DESCRIPTION,
TYPE,
PERIOD,
ANNUAL_RATE,
BORROWER_ANNUAL_RATE,
COMMISSION_ANNUAL_RATE,
REPAYMENT_WAY,
AMOUNT,
PROJECT_STATUS,
CREATE_DATE,
STATUS,
IS_ASSIGNMENT )  VALUES  ( ?,
?,
?,
?,
?,
?,
?,
?,
?,
?,
?,
?,
?,
?,
?,
?,
? )
[wanxinp2p-transaction-service][${env:SERVER_PORT}] 2021-08-18 14:59:13,738 INFO [http-nio-53060-exec-7][SQLLogger.java:89] - SQLStatement: InsertStatement(super=DMLStatement(super=AbstractSQLStatement(type=DML, tables=Tables(tables=[Table(name=project, alias=Optional.absent())]), routeConditions=Conditions(orCondition=OrCondition(andConditions=[AndCondition(conditions=[Condition(column=Column(name=ID, tableName=project), operator=EQUAL, compareOperator=null, positionValueMap={}, positionIndexMap={0=0}), Condition(column=Column(name=CONSUMER_ID, tableName=project), operator=EQUAL, compareOperator=null, positionValueMap={}, positionIndexMap={0=1})])])), encryptConditions=Conditions(orCondition=OrCondition(andConditions=[])), sqlTokens=[TableToken(tableName=project, quoteCharacter=NONE, schemaNameLength=0), SQLToken(startIndex=21)], parametersIndex=17, logicSQL=INSERT INTO project  ( ID,
CONSUMER_ID,
USER_NO,
PROJECT_NO,
NAME,
DESCRIPTION,
TYPE,
PERIOD,
ANNUAL_RATE,
BORROWER_ANNUAL_RATE,
COMMISSION_ANNUAL_RATE,
REPAYMENT_WAY,
AMOUNT,
PROJECT_STATUS,
CREATE_DATE,
STATUS,
IS_ASSIGNMENT )  VALUES  ( ?,
?,
?,
?,
?,
?,
?,
?,
?,
?,
?,
?,
?,
?,
?,
?,
? )), deleteStatement=false, updateTableAlias={}, updateColumnValues={}, whereStartIndex=0, whereStopIndex=0, whereParameterStartIndex=0, whereParameterEndIndex=0), columnNames=[ID, CONSUMER_ID, USER_NO, PROJECT_NO, NAME, DESCRIPTION, TYPE, PERIOD, ANNUAL_RATE, BORROWER_ANNUAL_RATE, COMMISSION_ANNUAL_RATE, REPAYMENT_WAY, AMOUNT, PROJECT_STATUS, CREATE_DATE, STATUS, IS_ASSIGNMENT], values=[InsertValue(columnValues=[org.apache.shardingsphere.core.parse.old.parser.expression.SQLPlaceholderExpression@5d5bd46e, org.apache.shardingsphere.core.parse.old.parser.expression.SQLPlaceholderExpression@760a0e59, org.apache.shardingsphere.core.parse.old.parser.expression.SQLPlaceholderExpression@4767184a, org.apache.shardingsphere.core.parse.old.parser.expression.SQLPlaceholderExpression@6c0049ee, org.apache.shardingsphere.core.parse.old.parser.expression.SQLPlaceholderExpression@6ffb18a4, org.apache.shardingsphere.core.parse.old.parser.expression.SQLPlaceholderExpression@4925abc4, org.apache.shardingsphere.core.parse.old.parser.expression.SQLPlaceholderExpression@36ff5fe2, org.apache.shardingsphere.core.parse.old.parser.expression.SQLPlaceholderExpression@58de3fea, org.apache.shardingsphere.core.parse.old.parser.expression.SQLPlaceholderExpression@6f57226d, org.apache.shardingsphere.core.parse.old.parser.expression.SQLPlaceholderExpression@bc8dfc8, org.apache.shardingsphere.core.parse.old.parser.expression.SQLPlaceholderExpression@4784811c, org.apache.shardingsphere.core.parse.old.parser.expression.SQLPlaceholderExpression@6e8cd769, org.apache.shardingsphere.core.parse.old.parser.expression.SQLPlaceholderExpression@381ec49f, org.apache.shardingsphere.core.parse.old.parser.expression.SQLPlaceholderExpression@75e56acb, org.apache.shardingsphere.core.parse.old.parser.expression.SQLPlaceholderExpression@168a990a, org.apache.shardingsphere.core.parse.old.parser.expression.SQLPlaceholderExpression@1e35332d, org.apache.shardingsphere.core.parse.old.parser.expression.SQLPlaceholderExpression@50c12648])])
[wanxinp2p-transaction-service][${env:SERVER_PORT}] 2021-08-18 14:59:13,739 INFO [http-nio-53060-exec-7][SQLLogger.java:89] - Actual SQL: ds1 ::: INSERT INTO project_0   (ID, CONSUMER_ID, USER_NO, PROJECT_NO, NAME, DESCRIPTION, TYPE, PERIOD, ANNUAL_RATE, BORROWER_ANNUAL_RATE, COMMISSION_ANNUAL_RATE, REPAYMENT_WAY, AMOUNT, PROJECT_STATUS, CREATE_DATE, STATUS, IS_ASSIGNMENT) VALUES (?, ?, ?, ?, ?, ?, ?, ?, ?, ?, ?, ?, ?, ?, ?, ?, ?) ::: [1427887794252533762, 9, USR_F720319F5AE24FDDBE12685AEEDFCB61, PRO_FCCEC870D02E4354B0D7F221D8BBA3F6, 苏留先生第3[B@56d1966d, 个人生活消费, NEW, 360, 0.15, 0.15, 0, FIXED_REPAYMENT, 2000, COLLECTING, 2021-08-18T14:59:11.583+0800, 0, 0]
[wanxinp2p-transaction-service][${env:SERVER_PORT}] 2021-08-18 14:59:13,805 DEBUG [http-nio-53060-exec-7][BaseJdbcLogger.java:159] - <==    Updates: 1
