[wanxinp2p-consumer-service][${env:SERVER_PORT}] 2021-08-18 17:00:14,420 DEBUG [http-nio-53050-exec-7][BaseJdbcLogger.java:159] - ==>  Preparing: SELECT ID,USERNAME,FULLNAME,ID_NUMBER,USER_NO,MOBILE,USER_TYPE,ROLE,AUTH_LIST,IS_BIND_CARD,STATUS,LOAN_AMOUNT,REQUEST_NO FROM consumer WHERE ID=? 
[wanxinp2p-consumer-service][${env:SERVER_PORT}] 2021-08-18 17:00:14,420 DEBUG [http-nio-53050-exec-7][BaseJdbcLogger.java:159] - ==> Parameters: 9(Long)
[wanxinp2p-consumer-service][${env:SERVER_PORT}] 2021-08-18 17:00:14,422 DEBUG [http-nio-53050-exec-7][BaseJdbcLogger.java:159] - <==      Total: 1
[wanxinp2p-consumer-service][${env:SERVER_PORT}] 2021-08-18 17:00:26,701 INFO [hmilyTransaction-hmily-transaction-self-recovery-26][LogUtil.java:87] - self recovery execute delayTime:60
[wanxinp2p-consumer-service][${env:SERVER_PORT}] 2021-08-18 17:00:26,812 INFO [hmilyTransaction-hmily-transaction-self-recovery-52][LogUtil.java:87] - self recovery execute delayTime:60
[wanxinp2p-consumer-service][${env:SERVER_PORT}] 2021-08-18 17:00:26,978 DEBUG [http-nio-53050-exec-10][BaseJdbcLogger.java:159] - ==>  Preparing: SELECT ID,USERNAME,FULLNAME,ID_NUMBER,USER_NO,MOBILE,USER_TYPE,ROLE,AUTH_LIST,IS_BIND_CARD,STATUS,LOAN_AMOUNT,REQUEST_NO FROM consumer WHERE ID=? 
[wanxinp2p-consumer-service][${env:SERVER_PORT}] 2021-08-18 17:00:26,978 DEBUG [http-nio-53050-exec-10][BaseJdbcLogger.java:159] - ==> Parameters: 9(Long)
[wanxinp2p-consumer-service][${env:SERVER_PORT}] 2021-08-18 17:00:26,980 DEBUG [http-nio-53050-exec-10][BaseJdbcLogger.java:159] - <==      Total: 1
[wanxinp2p-consumer-service][${env:SERVER_PORT}] 2021-08-18 17:00:31,544 DEBUG [http-nio-53050-exec-1][BaseJdbcLogger.java:159] - ==>  Preparing: SELECT ID,USERNAME,FULLNAME,ID_NUMBER,USER_NO,MOBILE,USER_TYPE,ROLE,AUTH_LIST,IS_BIND_CARD,STATUS,LOAN_AMOUNT,REQUEST_NO FROM consumer WHERE ID=? 
[wanxinp2p-consumer-service][${env:SERVER_PORT}] 2021-08-18 17:00:31,544 DEBUG [http-nio-53050-exec-1][BaseJdbcLogger.java:159] - ==> Parameters: 9(Long)
[wanxinp2p-consumer-service][${env:SERVER_PORT}] 2021-08-18 17:00:31,546 DEBUG [http-nio-53050-exec-1][BaseJdbcLogger.java:159] - <==      Total: 1
[wanxinp2p-consumer-service][${env:SERVER_PORT}] 2021-08-18 17:00:33,772 INFO [hmilyTransaction-hmily-transaction-self-recovery-78][LogUtil.java:87] - self recovery execute delayTime:60
[wanxinp2p-consumer-service][${env:SERVER_PORT}] 2021-08-18 17:01:26,703 INFO [hmilyTransaction-hmily-transaction-self-recovery-26][LogUtil.java:87] - self recovery execute delayTime:60
[wanxinp2p-consumer-service][${env:SERVER_PORT}] 2021-08-18 17:01:26,814 INFO [hmilyTransaction-hmily-transaction-self-recovery-52][LogUtil.java:87] - self recovery execute delayTime:60
[wanxinp2p-consumer-service][${env:SERVER_PORT}] 2021-08-18 17:01:31,744 INFO [Thread-63][HmilyInitServiceImpl.java:66] - hmily shutdown now
[wanxinp2p-consumer-service][${env:SERVER_PORT}] 2021-08-18 17:01:31,748 INFO [Thread-83][EurekaServiceRegistry.java:65] - Unregistering application CONSUMER-SERVICE with eureka with status DOWN
[wanxinp2p-consumer-service][${env:SERVER_PORT}] 2021-08-18 17:01:31,748 WARN [Thread-83][DiscoveryClient.java:1303] - Saw local status change event StatusChangeEvent [timestamp=1629277291748, current=DOWN, previous=UP]
[wanxinp2p-consumer-service][${env:SERVER_PORT}] 2021-08-18 17:01:31,749 INFO [DiscoveryClient-InstanceInfoReplicator-0][DiscoveryClient.java:826] - DiscoveryClient_CONSUMER-SERVICE/consumer-service:172.19.130.1:53050: registering service...
[wanxinp2p-consumer-service][${env:SERVER_PORT}] 2021-08-18 17:01:31,753 INFO [DiscoveryClient-InstanceInfoReplicator-0][DiscoveryClient.java:835] - DiscoveryClient_CONSUMER-SERVICE/consumer-service:172.19.130.1:53050 - registration status: 204
[wanxinp2p-consumer-service][${env:SERVER_PORT}] 2021-08-18 17:01:31,784 INFO [Thread-83][ExecutorConfigurationSupport.java:208] - Shutting down ExecutorService 'applicationTaskExecutor'
[wanxinp2p-consumer-service][${env:SERVER_PORT}] 2021-08-18 17:01:32,927 INFO [Thread-83][DruidDataSource.java:1885] - {dataSource-1} closing ...
[wanxinp2p-consumer-service][${env:SERVER_PORT}] 2021-08-18 17:01:32,930 INFO [Thread-83][DruidDataSource.java:1955] - {dataSource-1} closed
[wanxinp2p-consumer-service][${env:SERVER_PORT}] 2021-08-18 17:01:32,940 INFO [NettyClientSelector_1][Slf4jLoggerFactory.java:95] - closeChannel: close the connection to remote address[192.168.85.131:9876] result: true
[wanxinp2p-consumer-service][${env:SERVER_PORT}] 2021-08-18 17:01:32,940 INFO [Thread-83][DisposableBeanAdapter.java:265] - Invocation of destroy method failed on bean with name 'rocketMQTemplate': java.lang.IllegalStateException: Shutdown in progress
[wanxinp2p-consumer-service][${env:SERVER_PORT}] 2021-08-18 17:01:32,940 INFO [Thread-83][DisposableBeanAdapter.java:347] - Destroy method 'shutdown' on bean with name 'defaultMQProducer' threw an exception: java.lang.IllegalStateException: Shutdown in progress
[wanxinp2p-consumer-service][${env:SERVER_PORT}] 2021-08-18 17:01:32,940 INFO [Thread-83][DiscoveryClient.java:888] - Shutting down DiscoveryClient ...
[wanxinp2p-consumer-service][${env:SERVER_PORT}] 2021-08-18 17:01:33,252 INFO [AsyncResolver-bootstrap-executor-0][ConfigClusterResolver.java:43] - Resolving eureka endpoints via configuration
[wanxinp2p-consumer-service][${env:SERVER_PORT}] 2021-08-18 17:01:33,775 INFO [hmilyTransaction-hmily-transaction-self-recovery-78][LogUtil.java:87] - self recovery execute delayTime:60
[wanxinp2p-consumer-service][${env:SERVER_PORT}] 2021-08-18 17:01:35,942 INFO [Thread-83][DiscoveryClient.java:922] - Unregistering ...
[wanxinp2p-consumer-service][${env:SERVER_PORT}] 2021-08-18 17:01:35,942 WARN [DiscoveryClient-0][TimedSupervisorTask.java:88] - task supervisor shutting down, can't accept the task
[wanxinp2p-consumer-service][${env:SERVER_PORT}] 2021-08-18 17:01:35,947 INFO [Thread-83][DiscoveryClient.java:924] - DiscoveryClient_CONSUMER-SERVICE/consumer-service:172.19.130.1:53050 - deregister  status: 200
[wanxinp2p-consumer-service][${env:SERVER_PORT}] 2021-08-18 17:01:35,957 INFO [Thread-83][DiscoveryClient.java:911] - Completed shut down of DiscoveryClient
[wanxinp2p-consumer-service][${env:SERVER_PORT}] 2021-08-18 17:01:54,146 INFO [main][DefaultApplicationProvider.java:85] - App ID is set to consumer-service by app.id property from System Property
[wanxinp2p-consumer-service][${env:SERVER_PORT}] 2021-08-18 17:01:54,152 INFO [main][DefaultServerProvider.java:108] - Environment is set to [dev] by JVM system property 'env'.
[wanxinp2p-consumer-service][${env:SERVER_PORT}] 2021-08-18 17:01:54,203 WARN [main][DefaultMetaServerProvider.java:39] - Could not find meta server address, because it is not available in neither (1) JVM system property 'apollo.meta', (2) OS env variable 'APOLLO_META' (3) property 'apollo.meta' from server.properties nor (4) property 'apollo.meta' from app.properties
[wanxinp2p-consumer-service][${env:SERVER_PORT}] 2021-08-18 17:01:54,210 INFO [main][MetaDomainConsts.java:93] - Located meta server address http://192.168.85.131:8080 for env DEV from com.ctrip.framework.apollo.core.internals.LegacyMetaServerProvider
[wanxinp2p-consumer-service][${env:SERVER_PORT}] 2021-08-18 17:02:00,657 INFO [main][SpringApplication.java:675] - No active profile set, falling back to default profiles: default
[wanxinp2p-consumer-service][${env:SERVER_PORT}] 2021-08-18 17:02:02,359 INFO [main][RepositoryConfigurationDelegate.java:244] - Multiple Spring Data modules found, entering strict repository configuration mode!
[wanxinp2p-consumer-service][${env:SERVER_PORT}] 2021-08-18 17:02:02,365 INFO [main][RepositoryConfigurationDelegate.java:126] - Bootstrapping Spring Data repositories in DEFAULT mode.
[wanxinp2p-consumer-service][${env:SERVER_PORT}] 2021-08-18 17:02:02,405 INFO [main][RepositoryConfigurationDelegate.java:182] - Finished Spring Data repository scanning in 17ms. Found 0 repository interfaces.
[wanxinp2p-consumer-service][${env:SERVER_PORT}] 2021-08-18 17:02:02,556 WARN [main][EndpointId.java:135] - Endpoint ID 'service-registry' contains invalid characters, please migrate to a valid format.
[wanxinp2p-consumer-service][${env:SERVER_PORT}] 2021-08-18 17:02:02,695 INFO [main][ConfigurationClassPostProcessor.java:380] - Cannot enhance @Configuration bean definition 'com.ctrip.framework.apollo.spring.boot.ApolloAutoConfiguration' since its singleton instance has been created too early. The typical cause is a non-static @Bean method with a BeanDefinitionRegistryPostProcessor return type: Consider declaring such methods as 'static'.
[wanxinp2p-consumer-service][${env:SERVER_PORT}] 2021-08-18 17:02:03,008 INFO [main][GenericScope.java:294] - BeanFactory id=09c61fa8-dde8-31eb-be9c-26a62fa10b7b
[wanxinp2p-consumer-service][${env:SERVER_PORT}] 2021-08-18 17:02:03,059 WARN [main][PropertySourcesDeducer.java:75] - Multiple PropertySourcesPlaceholderConfigurer beans registered [propertySourcesPlaceholderConfigurer, org.springframework.context.support.PropertySourcesPlaceholderConfigurer], falling back to Environment
[wanxinp2p-consumer-service][${env:SERVER_PORT}] 2021-08-18 17:02:03,137 INFO [main][PostProcessorRegistrationDelegate.java:330] - Bean 'cn.itcast.wanxinp2p.consumer.agent.AccountApiAgent' of type [org.springframework.cloud.openfeign.FeignClientFactoryBean] is not eligible for getting processed by all BeanPostProcessors (for example: not eligible for auto-proxying)
[wanxinp2p-consumer-service][${env:SERVER_PORT}] 2021-08-18 17:02:03,138 INFO [main][PostProcessorRegistrationDelegate.java:330] - Bean 'cn.itcast.wanxinp2p.consumer.agent.DepositoryAgentApiAgent' of type [org.springframework.cloud.openfeign.FeignClientFactoryBean] is not eligible for getting processed by all BeanPostProcessors (for example: not eligible for auto-proxying)
[wanxinp2p-consumer-service][${env:SERVER_PORT}] 2021-08-18 17:02:03,164 INFO [main][PostProcessorRegistrationDelegate.java:330] - Bean 'com.alibaba.druid.spring.boot.autoconfigure.stat.DruidSpringAopConfiguration' of type [com.alibaba.druid.spring.boot.autoconfigure.stat.DruidSpringAopConfiguration] is not eligible for getting processed by all BeanPostProcessors (for example: not eligible for auto-proxying)
[wanxinp2p-consumer-service][${env:SERVER_PORT}] 2021-08-18 17:02:03,172 INFO [main][PostProcessorRegistrationDelegate.java:330] - Bean 'org.apache.rocketmq.spring.autoconfigure.RocketMQAutoConfiguration' of type [org.apache.rocketmq.spring.autoconfigure.RocketMQAutoConfiguration$$EnhancerBySpringCGLIB$$87821b92] is not eligible for getting processed by all BeanPostProcessors (for example: not eligible for auto-proxying)
[wanxinp2p-consumer-service][${env:SERVER_PORT}] 2021-08-18 17:02:03,186 INFO [main][PostProcessorRegistrationDelegate.java:330] - Bean 'rocketmq-org.apache.rocketmq.spring.autoconfigure.RocketMQProperties' of type [org.apache.rocketmq.spring.autoconfigure.RocketMQProperties] is not eligible for getting processed by all BeanPostProcessors (for example: not eligible for auto-proxying)
[wanxinp2p-consumer-service][${env:SERVER_PORT}] 2021-08-18 17:02:05,857 INFO [main][PostProcessorRegistrationDelegate.java:330] - Bean 'defaultMQProducer' of type [org.apache.rocketmq.client.producer.DefaultMQProducer] is not eligible for getting processed by all BeanPostProcessors (for example: not eligible for auto-proxying)
[wanxinp2p-consumer-service][${env:SERVER_PORT}] 2021-08-18 17:02:05,859 INFO [main][PostProcessorRegistrationDelegate.java:330] - Bean 'org.springframework.boot.autoconfigure.jackson.JacksonAutoConfiguration$JacksonObjectMapperConfiguration' of type [org.springframework.boot.autoconfigure.jackson.JacksonAutoConfiguration$JacksonObjectMapperConfiguration$$EnhancerBySpringCGLIB$$ba7f8c27] is not eligible for getting processed by all BeanPostProcessors (for example: not eligible for auto-proxying)
[wanxinp2p-consumer-service][${env:SERVER_PORT}] 2021-08-18 17:02:05,864 INFO [main][PostProcessorRegistrationDelegate.java:330] - Bean 'org.springframework.boot.autoconfigure.jackson.JacksonAutoConfiguration$JacksonObjectMapperBuilderConfiguration' of type [org.springframework.boot.autoconfigure.jackson.JacksonAutoConfiguration$JacksonObjectMapperBuilderConfiguration$$EnhancerBySpringCGLIB$$6ccc4e40] is not eligible for getting processed by all BeanPostProcessors (for example: not eligible for auto-proxying)
[wanxinp2p-consumer-service][${env:SERVER_PORT}] 2021-08-18 17:02:05,867 INFO [main][PostProcessorRegistrationDelegate.java:330] - Bean 'org.springframework.boot.autoconfigure.jackson.JacksonAutoConfiguration$Jackson2ObjectMapperBuilderCustomizerConfiguration' of type [org.springframework.boot.autoconfigure.jackson.JacksonAutoConfiguration$Jackson2ObjectMapperBuilderCustomizerConfiguration$$EnhancerBySpringCGLIB$$27e3342f] is not eligible for getting processed by all BeanPostProcessors (for example: not eligible for auto-proxying)
[wanxinp2p-consumer-service][${env:SERVER_PORT}] 2021-08-18 17:02:05,872 INFO [main][PostProcessorRegistrationDelegate.java:330] - Bean 'spring.jackson-org.springframework.boot.autoconfigure.jackson.JacksonProperties' of type [org.springframework.boot.autoconfigure.jackson.JacksonProperties] is not eligible for getting processed by all BeanPostProcessors (for example: not eligible for auto-proxying)
[wanxinp2p-consumer-service][${env:SERVER_PORT}] 2021-08-18 17:02:05,874 INFO [main][PostProcessorRegistrationDelegate.java:330] - Bean 'standardJacksonObjectMapperBuilderCustomizer' of type [org.springframework.boot.autoconfigure.jackson.JacksonAutoConfiguration$Jackson2ObjectMapperBuilderCustomizerConfiguration$StandardJackson2ObjectMapperBuilderCustomizer] is not eligible for getting processed by all BeanPostProcessors (for example: not eligible for auto-proxying)
[wanxinp2p-consumer-service][${env:SERVER_PORT}] 2021-08-18 17:02:05,879 INFO [main][PostProcessorRegistrationDelegate.java:330] - Bean 'org.springframework.boot.autoconfigure.jackson.JacksonAutoConfiguration$ParameterNamesModuleConfiguration' of type [org.springframework.boot.autoconfigure.jackson.JacksonAutoConfiguration$ParameterNamesModuleConfiguration$$EnhancerBySpringCGLIB$$4eaeab5d] is not eligible for getting processed by all BeanPostProcessors (for example: not eligible for auto-proxying)
[wanxinp2p-consumer-service][${env:SERVER_PORT}] 2021-08-18 17:02:05,886 INFO [main][PostProcessorRegistrationDelegate.java:330] - Bean 'parameterNamesModule' of type [com.fasterxml.jackson.module.paramnames.ParameterNamesModule] is not eligible for getting processed by all BeanPostProcessors (for example: not eligible for auto-proxying)
[wanxinp2p-consumer-service][${env:SERVER_PORT}] 2021-08-18 17:02:05,887 INFO [main][PostProcessorRegistrationDelegate.java:330] - Bean 'org.springframework.boot.autoconfigure.jackson.JacksonAutoConfiguration' of type [org.springframework.boot.autoconfigure.jackson.JacksonAutoConfiguration$$EnhancerBySpringCGLIB$$9c8b29b6] is not eligible for getting processed by all BeanPostProcessors (for example: not eligible for auto-proxying)
[wanxinp2p-consumer-service][${env:SERVER_PORT}] 2021-08-18 17:02:05,926 INFO [main][PostProcessorRegistrationDelegate.java:330] - Bean 'jsonComponentModule' of type [org.springframework.boot.jackson.JsonComponentModule] is not eligible for getting processed by all BeanPostProcessors (for example: not eligible for auto-proxying)
[wanxinp2p-consumer-service][${env:SERVER_PORT}] 2021-08-18 17:02:05,927 INFO [main][PostProcessorRegistrationDelegate.java:330] - Bean 'org.springframework.data.web.config.SpringDataJacksonConfiguration' of type [org.springframework.data.web.config.SpringDataJacksonConfiguration] is not eligible for getting processed by all BeanPostProcessors (for example: not eligible for auto-proxying)
[wanxinp2p-consumer-service][${env:SERVER_PORT}] 2021-08-18 17:02:05,932 INFO [main][PostProcessorRegistrationDelegate.java:330] - Bean 'jacksonGeoModule' of type [org.springframework.data.geo.GeoModule] is not eligible for getting processed by all BeanPostProcessors (for example: not eligible for auto-proxying)
[wanxinp2p-consumer-service][${env:SERVER_PORT}] 2021-08-18 17:02:05,935 INFO [main][PostProcessorRegistrationDelegate.java:330] - Bean 'jacksonObjectMapperBuilder' of type [org.springframework.http.converter.json.Jackson2ObjectMapperBuilder] is not eligible for getting processed by all BeanPostProcessors (for example: not eligible for auto-proxying)
[wanxinp2p-consumer-service][${env:SERVER_PORT}] 2021-08-18 17:02:05,959 INFO [main][PostProcessorRegistrationDelegate.java:330] - Bean 'jacksonObjectMapper' of type [com.fasterxml.jackson.databind.ObjectMapper] is not eligible for getting processed by all BeanPostProcessors (for example: not eligible for auto-proxying)
[wanxinp2p-consumer-service][${env:SERVER_PORT}] 2021-08-18 17:02:12,625 INFO [main][PostProcessorRegistrationDelegate.java:330] - Bean 'rocketMQTemplate' of type [org.apache.rocketmq.spring.core.RocketMQTemplate] is not eligible for getting processed by all BeanPostProcessors (for example: not eligible for auto-proxying)
[wanxinp2p-consumer-service][${env:SERVER_PORT}] 2021-08-18 17:02:12,627 INFO [main][PostProcessorRegistrationDelegate.java:330] - Bean 'transactionHandlerRegistry' of type [org.apache.rocketmq.spring.config.TransactionHandlerRegistry] is not eligible for getting processed by all BeanPostProcessors (for example: not eligible for auto-proxying)
[wanxinp2p-consumer-service][${env:SERVER_PORT}] 2021-08-18 17:02:12,685 INFO [main][PostProcessorRegistrationDelegate.java:330] - Bean 'org.springframework.transaction.annotation.ProxyTransactionManagementConfiguration' of type [org.springframework.transaction.annotation.ProxyTransactionManagementConfiguration$$EnhancerBySpringCGLIB$$5eec0c96] is not eligible for getting processed by all BeanPostProcessors (for example: not eligible for auto-proxying)
[wanxinp2p-consumer-service][${env:SERVER_PORT}] 2021-08-18 17:02:12,863 INFO [main][PostProcessorRegistrationDelegate.java:330] - Bean 'spring.datasource.druid-com.alibaba.druid.spring.boot.autoconfigure.properties.DruidStatProperties' of type [com.alibaba.druid.spring.boot.autoconfigure.properties.DruidStatProperties] is not eligible for getting processed by all BeanPostProcessors (for example: not eligible for auto-proxying)
[wanxinp2p-consumer-service][${env:SERVER_PORT}] 2021-08-18 17:02:12,878 INFO [main][PostProcessorRegistrationDelegate.java:330] - Bean 'advisor' of type [org.springframework.aop.support.RegexpMethodPointcutAdvisor] is not eligible for getting processed by all BeanPostProcessors (for example: not eligible for auto-proxying)
[wanxinp2p-consumer-service][${env:SERVER_PORT}] 2021-08-18 17:02:12,879 INFO [main][PostProcessorRegistrationDelegate.java:330] - Bean 'hmilyFeignConfiguration' of type [org.dromara.hmily.springcloud.configuration.HmilyFeignConfiguration$$EnhancerBySpringCGLIB$$8d3d2562] is not eligible for getting processed by all BeanPostProcessors (for example: not eligible for auto-proxying)
[wanxinp2p-consumer-service][${env:SERVER_PORT}] 2021-08-18 17:02:12,900 INFO [main][PostProcessorRegistrationDelegate.java:330] - Bean 'org.springframework.cloud.autoconfigure.ConfigurationPropertiesRebinderAutoConfiguration' of type [org.springframework.cloud.autoconfigure.ConfigurationPropertiesRebinderAutoConfiguration$$EnhancerBySpringCGLIB$$7b060f93] is not eligible for getting processed by all BeanPostProcessors (for example: not eligible for auto-proxying)
[wanxinp2p-consumer-service][${env:SERVER_PORT}] 2021-08-18 17:02:13,347 INFO [main][TomcatWebServer.java:90] - Tomcat initialized with port(s): 53050 (http)
[wanxinp2p-consumer-service][${env:SERVER_PORT}] 2021-08-18 17:02:13,394 INFO [main][DirectJDKLog.java:173] - Initializing ProtocolHandler ["http-nio-53050"]
[wanxinp2p-consumer-service][${env:SERVER_PORT}] 2021-08-18 17:02:13,405 INFO [main][DirectJDKLog.java:173] - Starting service [Tomcat]
[wanxinp2p-consumer-service][${env:SERVER_PORT}] 2021-08-18 17:02:13,407 INFO [main][DirectJDKLog.java:173] - Starting Servlet engine: [Apache Tomcat/9.0.16]
[wanxinp2p-consumer-service][${env:SERVER_PORT}] 2021-08-18 17:02:13,418 INFO [main][DirectJDKLog.java:173] - The APR based Apache Tomcat Native library which allows optimal performance in production environments was not found on the java.library.path: [D:\jdk1.8.0_91\bin;C:\WINDOWS\Sun\Java\bin;C:\WINDOWS\system32;C:\WINDOWS;C:\Program Files (x86)\VMware\VMware Workstation\bin\;D:\Oracle\bin;C:\Program Files\AdoptOpenJDK\jdk-11.0.9.101-hotspot\bin;C:\ProgramData\Oracle\Java\javapath;C:\Program Files (x86)\Intel\Intel(R) Management Engine Components\iCLS\;C:\Program Files\Intel\Intel(R) Management Engine Components\iCLS\;C:\Windows\system32;C:\Windows;C:\Windows\System32\Wbem;C:\Windows\System32\WindowsPowerShell\v1.0\;C:\Windows\System32\OpenSSH\;C:\Program Files (x86)\Intel\Intel(R) Management Engine Components\DAL;C:\Program Files\Intel\Intel(R) Management Engine Components\DAL;C:\Program Files (x86)\Intel\Intel(R) Management Engine Components\IPT;C:\Program Files\Intel\Intel(R) Management Engine Components\IPT;C:\Program Files (x86)\NVIDIA Corporation\PhysX\Common;D:\python38;D:\MySQL\mysql-8.0.19-winx64;C:\Program Files\dotnet\;C:\Program Files\Microsoft SQL Server\130\Tools\Binn\;C:\Program Files\Microsoft SQL Server\Client SDK\ODBC\170\Tools\Binn\;D:\MySQL\mysql-5.6.47-winx64\bin;C:\Program Files\NVIDIA Corporation\NVIDIA NvDLISR;D:\python3.8;D:\python3.8\Scripts;C:\WINDOWS\system32;C:\WINDOWS;C:\WINDOWS\System32\Wbem;C:\WINDOWS\System32\WindowsPowerShell\v1.0\;C:\WINDOWS\System32\OpenSSH\;D:\java\jdk-14.0.2\bin;D:\Program Files (x86)\Git\cmd;D:\jdk1.8.0_91\bin;C:\MinGW\bin;C:\Program Files\Pandoc\;D:\apache-maven-3.6.3\bin;C:\Program Files (x86)\Common Files\Thunder Network\KanKan\Codecs;D:\nodejs9.4\;D:\nodejs9.4\npm_modules;D:\matlab\runtime\win64;D:\matlab\bin;D:\matlab\polyspace\bin;C:\Program Files\erl9.3\bin;D:\ffmpeg-20180227-fa0c9d6-win64-static\bin;C:\Program Files\OpenSSL-Win64\bin;D:\rocketmq-all-4.5.2-bin-release\bin;D:\Ruby25\bin;C:\Users\suxiang\AppData\Local\Microsoft\WindowsApps;D:\Program Files (x86)\Microsoft VS Code\bin;D:\MySQL\mysql-8.0.19-winx64\bin;D:\python3.8;D:\Program Files (x86)\WebStorm 2021.1.1\bin;;C:\Program Files (x86)\GitHub CLI\;D:\Program Files (x86)\PyCharm 2021.1.1\bin;;D:\Program Files (x86)\IntelliJ IDEA 2021.1.1\bin;;D:\Program Files (x86)\CLion 2020.1\bin;;C:\Users\suxiang\AppData\Local\GitHubDesktop\bin;C:\Users\suxiang\AppData\Roaming\npm;;.]
[wanxinp2p-consumer-service][${env:SERVER_PORT}] 2021-08-18 17:02:13,638 INFO [main][DirectJDKLog.java:173] - Initializing Spring embedded WebApplicationContext
[wanxinp2p-consumer-service][${env:SERVER_PORT}] 2021-08-18 17:02:13,638 INFO [main][ServletWebServerApplicationContext.java:296] - Root WebApplicationContext: initialization completed in 12954 ms
[wanxinp2p-consumer-service][${env:SERVER_PORT}] 2021-08-18 17:02:13,823 WARN [main][URLConfigurationSource.java:121] - No URLs will be polled as dynamic configuration sources.
[wanxinp2p-consumer-service][${env:SERVER_PORT}] 2021-08-18 17:02:13,823 INFO [main][URLConfigurationSource.java:122] - To enable URLs as dynamic configuration sources, define System property archaius.configurationSource.additionalUrls or make config.properties available on classpath.
[wanxinp2p-consumer-service][${env:SERVER_PORT}] 2021-08-18 17:02:13,838 INFO [main][DynamicPropertyFactory.java:281] - DynamicPropertyFactory is initialized with configuration sources: com.netflix.config.ConcurrentCompositeConfiguration@296bfddb
[wanxinp2p-consumer-service][${env:SERVER_PORT}] 2021-08-18 17:02:13,997 INFO [main][DruidDataSourceAutoConfigure.java:56] - Init DruidDataSource
[wanxinp2p-consumer-service][${env:SERVER_PORT}] 2021-08-18 17:02:14,325 INFO [main][DruidDataSource.java:1002] - {dataSource-1} inited
[wanxinp2p-consumer-service][${env:SERVER_PORT}] 2021-08-18 17:02:17,050 INFO [main][InetUtils.java:170] - Cannot determine local hostname
[wanxinp2p-consumer-service][${env:SERVER_PORT}] 2021-08-18 17:02:17,674 INFO [main][HikariDataSource.java:110] - HikariPool-1 - Starting...
[wanxinp2p-consumer-service][${env:SERVER_PORT}] 2021-08-18 17:02:17,704 INFO [main][HikariDataSource.java:123] - HikariPool-1 - Start completed.
[wanxinp2p-consumer-service][${env:SERVER_PORT}] 2021-08-18 17:02:17,741 INFO [main][HmilyLogo.java:49] - 


    __  __          _ __     
   / / / /___ ___  (_) /_  __
  / /_/ / __ `__ \/ / / / / /
 / __  / / / / / / / / /_/ / 
/_/ /_/_/ /_/ /_/_/_/\__, /  
                    /____/   

 :: Hmily :: (v2.0.5-RELEASE)

[wanxinp2p-consumer-service][${env:SERVER_PORT}] 2021-08-18 17:02:17,757 INFO [main][AutowiredAnnotationBeanPostProcessor.java:342] - Inconsistent constructor declaration on bean with name 'hmilyTransactionSelfRecoveryScheduled': single autowire-marked constructor flagged as optional - this constructor is effectively required since there is no default constructor to fall back to: public org.dromara.hmily.core.schedule.HmilyTransactionSelfRecoveryScheduled(org.dromara.hmily.common.config.HmilyConfig)
[wanxinp2p-consumer-service][${env:SERVER_PORT}] 2021-08-18 17:02:20,426 INFO [main][EndpointLinksResolver.java:59] - Exposing 2 endpoint(s) beneath base path '/actuator'
[wanxinp2p-consumer-service][${env:SERVER_PORT}] 2021-08-18 17:02:20,538 INFO [main][PropertySourcedRequestMappingHandlerMapping.java:69] - Mapped URL path [/v2/api-docs] onto method [public org.springframework.http.ResponseEntity<springfox.documentation.spring.web.json.Json> springfox.documentation.swagger2.web.Swagger2Controller.getDocumentation(java.lang.String,javax.servlet.http.HttpServletRequest)]
[wanxinp2p-consumer-service][${env:SERVER_PORT}] 2021-08-18 17:02:20,551 WARN [main][URLConfigurationSource.java:121] - No URLs will be polled as dynamic configuration sources.
[wanxinp2p-consumer-service][${env:SERVER_PORT}] 2021-08-18 17:02:20,552 INFO [main][URLConfigurationSource.java:122] - To enable URLs as dynamic configuration sources, define System property archaius.configurationSource.additionalUrls or make config.properties available on classpath.
[wanxinp2p-consumer-service][${env:SERVER_PORT}] 2021-08-18 17:02:20,683 INFO [main][ExecutorConfigurationSupport.java:171] - Initializing ExecutorService 'applicationTaskExecutor'
[wanxinp2p-consumer-service][${env:SERVER_PORT}] 2021-08-18 17:02:23,682 INFO [main][InetUtils.java:170] - Cannot determine local hostname
[wanxinp2p-consumer-service][${env:SERVER_PORT}] 2021-08-18 17:02:23,929 INFO [main][InstanceInfoFactory.java:71] - Setting initial instance status as: STARTING
[wanxinp2p-consumer-service][${env:SERVER_PORT}] 2021-08-18 17:02:23,970 INFO [main][DiscoveryClient.java:349] - Initializing Eureka in region us-east-1
[wanxinp2p-consumer-service][${env:SERVER_PORT}] 2021-08-18 17:02:24,108 INFO [main][DiscoveryJerseyProvider.java:70] - Using JSON encoding codec LegacyJacksonJson
[wanxinp2p-consumer-service][${env:SERVER_PORT}] 2021-08-18 17:02:24,108 INFO [main][DiscoveryJerseyProvider.java:71] - Using JSON decoding codec LegacyJacksonJson
[wanxinp2p-consumer-service][${env:SERVER_PORT}] 2021-08-18 17:02:24,242 INFO [main][DiscoveryJerseyProvider.java:80] - Using XML encoding codec XStreamXml
[wanxinp2p-consumer-service][${env:SERVER_PORT}] 2021-08-18 17:02:24,242 INFO [main][DiscoveryJerseyProvider.java:81] - Using XML decoding codec XStreamXml
[wanxinp2p-consumer-service][${env:SERVER_PORT}] 2021-08-18 17:02:24,473 INFO [main][ConfigClusterResolver.java:43] - Resolving eureka endpoints via configuration
[wanxinp2p-consumer-service][${env:SERVER_PORT}] 2021-08-18 17:02:25,476 INFO [main][DiscoveryClient.java:958] - Disable delta property : false
[wanxinp2p-consumer-service][${env:SERVER_PORT}] 2021-08-18 17:02:25,476 INFO [main][DiscoveryClient.java:959] - Single vip registry refresh property : null
[wanxinp2p-consumer-service][${env:SERVER_PORT}] 2021-08-18 17:02:25,476 INFO [main][DiscoveryClient.java:960] - Force full registry fetch : false
[wanxinp2p-consumer-service][${env:SERVER_PORT}] 2021-08-18 17:02:25,477 INFO [main][DiscoveryClient.java:961] - Application is null : false
[wanxinp2p-consumer-service][${env:SERVER_PORT}] 2021-08-18 17:02:25,477 INFO [main][DiscoveryClient.java:962] - Registered Applications size is zero : true
[wanxinp2p-consumer-service][${env:SERVER_PORT}] 2021-08-18 17:02:25,477 INFO [main][DiscoveryClient.java:964] - Application version is -1: true
[wanxinp2p-consumer-service][${env:SERVER_PORT}] 2021-08-18 17:02:25,477 INFO [main][DiscoveryClient.java:1047] - Getting all instance registry info from the eureka server
[wanxinp2p-consumer-service][${env:SERVER_PORT}] 2021-08-18 17:02:25,663 INFO [main][DiscoveryClient.java:1056] - The response status is 200
[wanxinp2p-consumer-service][${env:SERVER_PORT}] 2021-08-18 17:02:25,667 INFO [main][DiscoveryClient.java:1270] - Starting heartbeat executor: renew interval is: 30
[wanxinp2p-consumer-service][${env:SERVER_PORT}] 2021-08-18 17:02:25,670 INFO [main][InstanceInfoReplicator.java:60] - InstanceInfoReplicator onDemand update allowed rate per min is 4
[wanxinp2p-consumer-service][${env:SERVER_PORT}] 2021-08-18 17:02:25,673 INFO [main][DiscoveryClient.java:449] - Discovery Client initialized at timestamp 1629277345673 with initial instances count: 6
[wanxinp2p-consumer-service][${env:SERVER_PORT}] 2021-08-18 17:02:25,677 INFO [main][EurekaServiceRegistry.java:42] - Registering application CONSUMER-SERVICE with eureka with status UP
[wanxinp2p-consumer-service][${env:SERVER_PORT}] 2021-08-18 17:02:25,678 INFO [main][DiscoveryClient.java:1305] - Saw local status change event StatusChangeEvent [timestamp=1629277345678, current=UP, previous=STARTING]
[wanxinp2p-consumer-service][${env:SERVER_PORT}] 2021-08-18 17:02:25,679 INFO [main][DocumentationPluginsBootstrapper.java:160] - Context refreshed
[wanxinp2p-consumer-service][${env:SERVER_PORT}] 2021-08-18 17:02:25,681 INFO [DiscoveryClient-InstanceInfoReplicator-0][DiscoveryClient.java:826] - DiscoveryClient_CONSUMER-SERVICE/consumer-service:172.19.130.1:53050: registering service...
[wanxinp2p-consumer-service][${env:SERVER_PORT}] 2021-08-18 17:02:25,698 INFO [main][DocumentationPluginsBootstrapper.java:163] - Found 1 custom documentation plugin(s)
[wanxinp2p-consumer-service][${env:SERVER_PORT}] 2021-08-18 17:02:25,724 INFO [DiscoveryClient-InstanceInfoReplicator-0][DiscoveryClient.java:835] - DiscoveryClient_CONSUMER-SERVICE/consumer-service:172.19.130.1:53050 - registration status: 204
[wanxinp2p-consumer-service][${env:SERVER_PORT}] 2021-08-18 17:02:25,741 INFO [main][ApiListingReferenceScanner.java:41] - Scanning for api listing references
[wanxinp2p-consumer-service][${env:SERVER_PORT}] 2021-08-18 17:02:25,899 INFO [main][CachingOperationNameGenerator.java:40] - Generating unique operation named: handleUsingGET_1
[wanxinp2p-consumer-service][${env:SERVER_PORT}] 2021-08-18 17:02:25,899 INFO [main][CachingOperationNameGenerator.java:40] - Generating unique operation named: handleUsingGET_2
[wanxinp2p-consumer-service][${env:SERVER_PORT}] 2021-08-18 17:02:25,901 INFO [main][CachingOperationNameGenerator.java:40] - Generating unique operation named: handleUsingGET_3
[wanxinp2p-consumer-service][${env:SERVER_PORT}] 2021-08-18 17:02:25,932 INFO [main][DirectJDKLog.java:173] - Starting ProtocolHandler ["http-nio-53050"]
[wanxinp2p-consumer-service][${env:SERVER_PORT}] 2021-08-18 17:02:25,956 INFO [main][TomcatWebServer.java:204] - Tomcat started on port(s): 53050 (http) with context path '/consumer'
[wanxinp2p-consumer-service][${env:SERVER_PORT}] 2021-08-18 17:02:25,957 INFO [main][EurekaAutoServiceRegistration.java:141] - Updating port to 53050
[wanxinp2p-consumer-service][${env:SERVER_PORT}] 2021-08-18 17:02:25,960 INFO [main][StartupInfoLogger.java:59] - Started ConsumerService in 39.882 seconds (JVM running for 46.741)
[wanxinp2p-consumer-service][${env:SERVER_PORT}] 2021-08-18 17:02:28,468 INFO [RMI TCP Connection(2)-172.19.130.1][DirectJDKLog.java:173] - Initializing Spring DispatcherServlet 'dispatcherServlet'
[wanxinp2p-consumer-service][${env:SERVER_PORT}] 2021-08-18 17:02:28,468 INFO [RMI TCP Connection(2)-172.19.130.1][FrameworkServlet.java:524] - Initializing Servlet 'dispatcherServlet'
[wanxinp2p-consumer-service][${env:SERVER_PORT}] 2021-08-18 17:02:28,482 INFO [RMI TCP Connection(2)-172.19.130.1][FrameworkServlet.java:546] - Completed initialization in 14 ms
[wanxinp2p-consumer-service][${env:SERVER_PORT}] 2021-08-18 17:02:34,248 DEBUG [http-nio-53050-exec-1][BaseJdbcLogger.java:159] - ==>  Preparing: SELECT ID,USERNAME,FULLNAME,ID_NUMBER,USER_NO,MOBILE,USER_TYPE,ROLE,AUTH_LIST,IS_BIND_CARD,STATUS,LOAN_AMOUNT,REQUEST_NO FROM consumer WHERE ID=? 
[wanxinp2p-consumer-service][${env:SERVER_PORT}] 2021-08-18 17:02:34,314 DEBUG [http-nio-53050-exec-1][BaseJdbcLogger.java:159] - ==> Parameters: 9(Long)
[wanxinp2p-consumer-service][${env:SERVER_PORT}] 2021-08-18 17:02:34,334 DEBUG [http-nio-53050-exec-1][BaseJdbcLogger.java:159] - <==      Total: 1
[wanxinp2p-consumer-service][${env:SERVER_PORT}] 2021-08-18 17:03:11,134 DEBUG [http-nio-53050-exec-2][BaseJdbcLogger.java:159] - ==>  Preparing: SELECT ID,USERNAME,FULLNAME,ID_NUMBER,USER_NO,MOBILE,USER_TYPE,ROLE,AUTH_LIST,IS_BIND_CARD,STATUS,LOAN_AMOUNT,REQUEST_NO FROM consumer WHERE ID=? 
[wanxinp2p-consumer-service][${env:SERVER_PORT}] 2021-08-18 17:03:11,135 DEBUG [http-nio-53050-exec-2][BaseJdbcLogger.java:159] - ==> Parameters: 9(Long)
[wanxinp2p-consumer-service][${env:SERVER_PORT}] 2021-08-18 17:03:11,138 DEBUG [http-nio-53050-exec-2][BaseJdbcLogger.java:159] - <==      Total: 1
[wanxinp2p-consumer-service][${env:SERVER_PORT}] 2021-08-18 17:03:29,049 DEBUG [http-nio-53050-exec-3][BaseJdbcLogger.java:159] - ==>  Preparing: SELECT ID,USERNAME,FULLNAME,ID_NUMBER,USER_NO,MOBILE,USER_TYPE,ROLE,AUTH_LIST,IS_BIND_CARD,STATUS,LOAN_AMOUNT,REQUEST_NO FROM consumer WHERE ID=? 
[wanxinp2p-consumer-service][${env:SERVER_PORT}] 2021-08-18 17:03:29,050 DEBUG [http-nio-53050-exec-3][BaseJdbcLogger.java:159] - ==> Parameters: 9(Long)
[wanxinp2p-consumer-service][${env:SERVER_PORT}] 2021-08-18 17:03:29,052 DEBUG [http-nio-53050-exec-3][BaseJdbcLogger.java:159] - <==      Total: 1
[wanxinp2p-consumer-service][${env:SERVER_PORT}] 2021-08-18 17:03:46,096 DEBUG [http-nio-53050-exec-4][BaseJdbcLogger.java:159] - ==>  Preparing: SELECT ID,USERNAME,FULLNAME,ID_NUMBER,USER_NO,MOBILE,USER_TYPE,ROLE,AUTH_LIST,IS_BIND_CARD,STATUS,LOAN_AMOUNT,REQUEST_NO FROM consumer WHERE ID=? 
[wanxinp2p-consumer-service][${env:SERVER_PORT}] 2021-08-18 17:03:46,096 DEBUG [http-nio-53050-exec-4][BaseJdbcLogger.java:159] - ==> Parameters: 9(Long)
[wanxinp2p-consumer-service][${env:SERVER_PORT}] 2021-08-18 17:03:46,098 DEBUG [http-nio-53050-exec-4][BaseJdbcLogger.java:159] - <==      Total: 1
[wanxinp2p-consumer-service][${env:SERVER_PORT}] 2021-08-18 17:03:46,908 DEBUG [http-nio-53050-exec-5][BaseJdbcLogger.java:159] - ==>  Preparing: SELECT ID,USERNAME,FULLNAME,ID_NUMBER,USER_NO,MOBILE,USER_TYPE,ROLE,AUTH_LIST,IS_BIND_CARD,STATUS,LOAN_AMOUNT,REQUEST_NO FROM consumer WHERE ID=? 
[wanxinp2p-consumer-service][${env:SERVER_PORT}] 2021-08-18 17:03:46,909 DEBUG [http-nio-53050-exec-5][BaseJdbcLogger.java:159] - ==> Parameters: 9(Long)
[wanxinp2p-consumer-service][${env:SERVER_PORT}] 2021-08-18 17:03:46,911 DEBUG [http-nio-53050-exec-5][BaseJdbcLogger.java:159] - <==      Total: 1
[wanxinp2p-consumer-service][${env:SERVER_PORT}] 2021-08-18 17:04:18,808 INFO [hmilyTransaction-hmily-transaction-self-recovery-26][LogUtil.java:87] - self recovery execute delayTime:60
[wanxinp2p-consumer-service][${env:SERVER_PORT}] 2021-08-18 17:04:18,949 INFO [hmilyTransaction-hmily-transaction-self-recovery-52][LogUtil.java:87] - self recovery execute delayTime:60
[wanxinp2p-consumer-service][${env:SERVER_PORT}] 2021-08-18 17:04:25,931 INFO [hmilyTransaction-hmily-transaction-self-recovery-78][LogUtil.java:87] - self recovery execute delayTime:60
[wanxinp2p-consumer-service][${env:SERVER_PORT}] 2021-08-18 17:04:52,193 INFO [Thread-69][HmilyInitServiceImpl.java:66] - hmily shutdown now
[wanxinp2p-consumer-service][${env:SERVER_PORT}] 2021-08-18 17:04:52,194 INFO [Thread-90][EurekaServiceRegistry.java:65] - Unregistering application CONSUMER-SERVICE with eureka with status DOWN
[wanxinp2p-consumer-service][${env:SERVER_PORT}] 2021-08-18 17:04:52,195 WARN [Thread-90][DiscoveryClient.java:1303] - Saw local status change event StatusChangeEvent [timestamp=1629277492195, current=DOWN, previous=UP]
[wanxinp2p-consumer-service][${env:SERVER_PORT}] 2021-08-18 17:04:52,195 INFO [DiscoveryClient-InstanceInfoReplicator-0][DiscoveryClient.java:826] - DiscoveryClient_CONSUMER-SERVICE/consumer-service:172.19.130.1:53050: registering service...
[wanxinp2p-consumer-service][${env:SERVER_PORT}] 2021-08-18 17:04:52,201 INFO [Thread-90][ExecutorConfigurationSupport.java:208] - Shutting down ExecutorService 'applicationTaskExecutor'
[wanxinp2p-consumer-service][${env:SERVER_PORT}] 2021-08-18 17:04:52,203 INFO [DiscoveryClient-InstanceInfoReplicator-0][DiscoveryClient.java:835] - DiscoveryClient_CONSUMER-SERVICE/consumer-service:172.19.130.1:53050 - registration status: 204
[wanxinp2p-consumer-service][${env:SERVER_PORT}] 2021-08-18 17:04:53,329 INFO [Thread-90][DruidDataSource.java:1885] - {dataSource-1} closing ...
[wanxinp2p-consumer-service][${env:SERVER_PORT}] 2021-08-18 17:04:53,334 INFO [Thread-90][DruidDataSource.java:1955] - {dataSource-1} closed
[wanxinp2p-consumer-service][${env:SERVER_PORT}] 2021-08-18 17:04:53,341 INFO [NettyClientSelector_1][Slf4jLoggerFactory.java:95] - closeChannel: close the connection to remote address[192.168.85.131:9876] result: true
[wanxinp2p-consumer-service][${env:SERVER_PORT}] 2021-08-18 17:04:53,342 INFO [Thread-90][DisposableBeanAdapter.java:265] - Invocation of destroy method failed on bean with name 'rocketMQTemplate': java.lang.IllegalStateException: Shutdown in progress
[wanxinp2p-consumer-service][${env:SERVER_PORT}] 2021-08-18 17:04:53,342 INFO [Thread-90][DisposableBeanAdapter.java:347] - Destroy method 'shutdown' on bean with name 'defaultMQProducer' threw an exception: java.lang.IllegalStateException: Shutdown in progress
[wanxinp2p-consumer-service][${env:SERVER_PORT}] 2021-08-18 17:04:53,342 INFO [Thread-90][DiscoveryClient.java:888] - Shutting down DiscoveryClient ...
[wanxinp2p-consumer-service][${env:SERVER_PORT}] 2021-08-18 17:04:56,345 INFO [Thread-90][DiscoveryClient.java:922] - Unregistering ...
[wanxinp2p-consumer-service][${env:SERVER_PORT}] 2021-08-18 17:04:56,345 WARN [DiscoveryClient-0][TimedSupervisorTask.java:88] - task supervisor shutting down, can't accept the task
[wanxinp2p-consumer-service][${env:SERVER_PORT}] 2021-08-18 17:04:56,378 INFO [Thread-90][DiscoveryClient.java:924] - DiscoveryClient_CONSUMER-SERVICE/consumer-service:172.19.130.1:53050 - deregister  status: 200
[wanxinp2p-consumer-service][${env:SERVER_PORT}] 2021-08-18 17:04:56,383 INFO [Thread-90][DiscoveryClient.java:911] - Completed shut down of DiscoveryClient
