[${project.name}][${env:SERVER_PORT}] 2021-08-27 19:01:23,353 WARN [Apollo-RemoteConfigRepository-1][RemoteConfigRepository.java:194] - Load config failed, will retry in 1 SECONDS. appId: repayment-service, cluster: DEFAULT, namespaces: application
[${project.name}][${env:SERVER_PORT}] 2021-08-27 19:01:24,357 WARN [Apollo-RemoteConfigRepository-1][AbstractConfigRepository.java:26] - Sync config failed, will retry. Repository class com.ctrip.framework.apollo.internals.RemoteConfigRepository, reason: Load Apollo Config failed - appId: repayment-service, cluster: DEFAULT, namespace: application, url: http://192.168.85.131:8080/configs/repayment-service/DEFAULT/application?ip=192.168.137.1&messages=%7B%22details%22%3A%7B%22repayment-service%2Bdefault%2Bapplication%22%3A318%7D%7D [Cause: [status code: 404] Could not find config for namespace - appId: repayment-service, cluster: DEFAULT, namespace: application, please check whether the configs are released in Apollo!]
[${project.name}][${env:SERVER_PORT}] 2021-08-27 19:01:29,246 INFO [Eureka-EvictionTimer][AbstractInstanceRegistry.java:1250] - Running the evict task with compensationTime 0ms
[${project.name}][${env:SERVER_PORT}] 2021-08-27 19:01:29,409 WARN [Apollo-RemoteConfigRepository-1][RemoteConfigRepository.java:194] - Load config failed, will retry in 1 SECONDS. appId: repayment-service, cluster: DEFAULT, namespaces: micro_service.spring-cloud-feign
[${project.name}][${env:SERVER_PORT}] 2021-08-27 19:01:30,414 WARN [Apollo-RemoteConfigRepository-1][AbstractConfigRepository.java:26] - Sync config failed, will retry. Repository class com.ctrip.framework.apollo.internals.RemoteConfigRepository, reason: Load Apollo Config failed - appId: repayment-service, cluster: DEFAULT, namespace: micro_service.spring-cloud-feign, url: http://192.168.85.131:8080/configs/repayment-service/DEFAULT/micro_service.spring-cloud-feign?ip=192.168.137.1&messages=%7B%22details%22%3A%7B%22common-template%2Bdefault%2Bmicro_service.spring-cloud-feign%22%3A403%2C%22repayment-service%2Bdefault%2Bmicro_service.spring-cloud-feign%22%3A323%7D%7D [Cause: [status code: 404] Could not find config for namespace - appId: repayment-service, cluster: DEFAULT, namespace: micro_service.spring-cloud-feign, please check whether the configs are released in Apollo!]
[${project.name}][${env:SERVER_PORT}] 2021-08-27 19:01:39,247 INFO [Eureka-EvictionTimer][AbstractInstanceRegistry.java:1250] - Running the evict task with compensationTime 0ms
[${project.name}][${env:SERVER_PORT}] 2021-08-27 19:01:43,062 INFO [AsyncResolver-bootstrap-executor-0][ConfigClusterResolver.java:43] - Resolving eureka endpoints via configuration
[${project.name}][${env:SERVER_PORT}] 2021-08-27 19:01:49,247 INFO [Eureka-EvictionTimer][AbstractInstanceRegistry.java:1250] - Running the evict task with compensationTime 0ms
[${project.name}][${env:SERVER_PORT}] 2021-08-27 19:01:59,248 INFO [Eureka-EvictionTimer][AbstractInstanceRegistry.java:1250] - Running the evict task with compensationTime 1ms
[${project.name}][${env:SERVER_PORT}] 2021-08-27 19:02:01,229 INFO [hmilyTransaction-hmily-transaction-self-recovery-26][LogUtil.java:87] - self recovery execute delayTime:60
[${project.name}][${env:SERVER_PORT}] 2021-08-27 19:02:01,346 INFO [hmilyTransaction-hmily-transaction-self-recovery-52][LogUtil.java:87] - self recovery execute delayTime:60
[${project.name}][${env:SERVER_PORT}] 2021-08-27 19:02:08,287 INFO [hmilyTransaction-hmily-transaction-self-recovery-78][LogUtil.java:87] - self recovery execute delayTime:60
[${project.name}][${env:SERVER_PORT}] 2021-08-27 19:02:09,249 INFO [Eureka-EvictionTimer][AbstractInstanceRegistry.java:1250] - Running the evict task with compensationTime 0ms
[${project.name}][${env:SERVER_PORT}] 2021-08-27 19:02:19,249 INFO [Eureka-EvictionTimer][AbstractInstanceRegistry.java:1250] - Running the evict task with compensationTime 0ms
[${project.name}][${env:SERVER_PORT}] 2021-08-27 19:02:29,250 INFO [Eureka-EvictionTimer][AbstractInstanceRegistry.java:1250] - Running the evict task with compensationTime 0ms
[${project.name}][${env:SERVER_PORT}] 2021-08-27 19:02:39,250 INFO [Eureka-EvictionTimer][AbstractInstanceRegistry.java:1250] - Running the evict task with compensationTime 0ms
[${project.name}][${env:SERVER_PORT}] 2021-08-27 19:02:49,251 INFO [Eureka-EvictionTimer][AbstractInstanceRegistry.java:1250] - Running the evict task with compensationTime 0ms
[${project.name}][${env:SERVER_PORT}] 2021-08-27 19:02:59,251 INFO [Eureka-EvictionTimer][AbstractInstanceRegistry.java:1250] - Running the evict task with compensationTime 0ms
[${project.name}][${env:SERVER_PORT}] 2021-08-27 19:03:01,232 INFO [hmilyTransaction-hmily-transaction-self-recovery-26][LogUtil.java:87] - self recovery execute delayTime:60
[${project.name}][${env:SERVER_PORT}] 2021-08-27 19:03:01,347 INFO [hmilyTransaction-hmily-transaction-self-recovery-52][LogUtil.java:87] - self recovery execute delayTime:60
[${project.name}][${env:SERVER_PORT}] 2021-08-27 19:03:08,289 INFO [hmilyTransaction-hmily-transaction-self-recovery-78][LogUtil.java:87] - self recovery execute delayTime:60
[${project.name}][${env:SERVER_PORT}] 2021-08-27 19:03:09,251 INFO [Eureka-EvictionTimer][AbstractInstanceRegistry.java:1250] - Running the evict task with compensationTime 0ms
