[wanxinp2p-consumer-service][${env:SERVER_PORT}] 2021-08-17 18:00:07,588 INFO [hmilyTransaction-hmily-transaction-self-recovery-78][LogUtil.java:87] - self recovery execute delayTime:60
[wanxinp2p-consumer-service][${env:SERVER_PORT}] 2021-08-17 18:00:52,606 INFO [hmilyTransaction-hmily-transaction-self-recovery-26][LogUtil.java:87] - self recovery execute delayTime:60
[wanxinp2p-consumer-service][${env:SERVER_PORT}] 2021-08-17 18:00:52,673 INFO [hmilyTransaction-hmily-transaction-self-recovery-52][LogUtil.java:87] - self recovery execute delayTime:60
[wanxinp2p-consumer-service][${env:SERVER_PORT}] 2021-08-17 18:01:07,589 INFO [hmilyTransaction-hmily-transaction-self-recovery-78][LogUtil.java:87] - self recovery execute delayTime:60
[wanxinp2p-consumer-service][${env:SERVER_PORT}] 2021-08-17 18:01:52,608 INFO [hmilyTransaction-hmily-transaction-self-recovery-26][LogUtil.java:87] - self recovery execute delayTime:60
[wanxinp2p-consumer-service][${env:SERVER_PORT}] 2021-08-17 18:01:52,675 INFO [hmilyTransaction-hmily-transaction-self-recovery-52][LogUtil.java:87] - self recovery execute delayTime:60
[wanxinp2p-consumer-service][${env:SERVER_PORT}] 2021-08-17 18:02:07,592 INFO [hmilyTransaction-hmily-transaction-self-recovery-78][LogUtil.java:87] - self recovery execute delayTime:60
[wanxinp2p-consumer-service][${env:SERVER_PORT}] 2021-08-17 18:02:52,610 INFO [hmilyTransaction-hmily-transaction-self-recovery-26][LogUtil.java:87] - self recovery execute delayTime:60
[wanxinp2p-consumer-service][${env:SERVER_PORT}] 2021-08-17 18:02:52,677 INFO [hmilyTransaction-hmily-transaction-self-recovery-52][LogUtil.java:87] - self recovery execute delayTime:60
[wanxinp2p-consumer-service][${env:SERVER_PORT}] 2021-08-17 18:03:07,387 INFO [AsyncResolver-bootstrap-executor-0][ConfigClusterResolver.java:43] - Resolving eureka endpoints via configuration
[wanxinp2p-consumer-service][${env:SERVER_PORT}] 2021-08-17 18:03:07,594 INFO [hmilyTransaction-hmily-transaction-self-recovery-78][LogUtil.java:87] - self recovery execute delayTime:60
[wanxinp2p-consumer-service][${env:SERVER_PORT}] 2021-08-17 18:03:52,612 INFO [hmilyTransaction-hmily-transaction-self-recovery-26][LogUtil.java:87] - self recovery execute delayTime:60
[wanxinp2p-consumer-service][${env:SERVER_PORT}] 2021-08-17 18:03:52,678 INFO [hmilyTransaction-hmily-transaction-self-recovery-52][LogUtil.java:87] - self recovery execute delayTime:60
[wanxinp2p-consumer-service][${env:SERVER_PORT}] 2021-08-17 18:04:07,596 INFO [hmilyTransaction-hmily-transaction-self-recovery-78][LogUtil.java:87] - self recovery execute delayTime:60
[wanxinp2p-consumer-service][${env:SERVER_PORT}] 2021-08-17 18:04:52,614 INFO [hmilyTransaction-hmily-transaction-self-recovery-26][LogUtil.java:87] - self recovery execute delayTime:60
[wanxinp2p-consumer-service][${env:SERVER_PORT}] 2021-08-17 18:04:52,681 INFO [hmilyTransaction-hmily-transaction-self-recovery-52][LogUtil.java:87] - self recovery execute delayTime:60
[wanxinp2p-consumer-service][${env:SERVER_PORT}] 2021-08-17 18:05:07,598 INFO [hmilyTransaction-hmily-transaction-self-recovery-78][LogUtil.java:87] - self recovery execute delayTime:60
[wanxinp2p-consumer-service][${env:SERVER_PORT}] 2021-08-17 18:05:52,615 INFO [hmilyTransaction-hmily-transaction-self-recovery-26][LogUtil.java:87] - self recovery execute delayTime:60
[wanxinp2p-consumer-service][${env:SERVER_PORT}] 2021-08-17 18:05:52,682 INFO [hmilyTransaction-hmily-transaction-self-recovery-52][LogUtil.java:87] - self recovery execute delayTime:60
[wanxinp2p-consumer-service][${env:SERVER_PORT}] 2021-08-17 18:06:07,612 INFO [hmilyTransaction-hmily-transaction-self-recovery-78][LogUtil.java:87] - self recovery execute delayTime:60
[wanxinp2p-consumer-service][${env:SERVER_PORT}] 2021-08-17 18:06:52,624 INFO [hmilyTransaction-hmily-transaction-self-recovery-26][LogUtil.java:87] - self recovery execute delayTime:60
[wanxinp2p-consumer-service][${env:SERVER_PORT}] 2021-08-17 18:06:52,684 INFO [hmilyTransaction-hmily-transaction-self-recovery-52][LogUtil.java:87] - self recovery execute delayTime:60
[wanxinp2p-consumer-service][${env:SERVER_PORT}] 2021-08-17 18:07:07,615 INFO [hmilyTransaction-hmily-transaction-self-recovery-78][LogUtil.java:87] - self recovery execute delayTime:60
[wanxinp2p-consumer-service][${env:SERVER_PORT}] 2021-08-17 18:07:52,625 INFO [hmilyTransaction-hmily-transaction-self-recovery-26][LogUtil.java:87] - self recovery execute delayTime:60
[wanxinp2p-consumer-service][${env:SERVER_PORT}] 2021-08-17 18:07:52,685 INFO [hmilyTransaction-hmily-transaction-self-recovery-52][LogUtil.java:87] - self recovery execute delayTime:60
[wanxinp2p-consumer-service][${env:SERVER_PORT}] 2021-08-17 18:08:07,389 INFO [AsyncResolver-bootstrap-executor-0][ConfigClusterResolver.java:43] - Resolving eureka endpoints via configuration
[wanxinp2p-consumer-service][${env:SERVER_PORT}] 2021-08-17 18:08:07,859 INFO [hmilyTransaction-hmily-transaction-self-recovery-78][LogUtil.java:87] - self recovery execute delayTime:60
[wanxinp2p-consumer-service][${env:SERVER_PORT}] 2021-08-17 18:08:52,627 INFO [hmilyTransaction-hmily-transaction-self-recovery-26][LogUtil.java:87] - self recovery execute delayTime:60
[wanxinp2p-consumer-service][${env:SERVER_PORT}] 2021-08-17 18:08:52,686 INFO [hmilyTransaction-hmily-transaction-self-recovery-52][LogUtil.java:87] - self recovery execute delayTime:60
[wanxinp2p-consumer-service][${env:SERVER_PORT}] 2021-08-17 18:09:07,861 INFO [hmilyTransaction-hmily-transaction-self-recovery-78][LogUtil.java:87] - self recovery execute delayTime:60
[wanxinp2p-consumer-service][${env:SERVER_PORT}] 2021-08-17 18:09:52,633 INFO [hmilyTransaction-hmily-transaction-self-recovery-26][LogUtil.java:87] - self recovery execute delayTime:60
[wanxinp2p-consumer-service][${env:SERVER_PORT}] 2021-08-17 18:09:52,687 INFO [hmilyTransaction-hmily-transaction-self-recovery-52][LogUtil.java:87] - self recovery execute delayTime:60
[wanxinp2p-consumer-service][${env:SERVER_PORT}] 2021-08-17 18:10:07,865 INFO [hmilyTransaction-hmily-transaction-self-recovery-78][LogUtil.java:87] - self recovery execute delayTime:60
[wanxinp2p-consumer-service][${env:SERVER_PORT}] 2021-08-17 18:10:52,636 INFO [hmilyTransaction-hmily-transaction-self-recovery-26][LogUtil.java:87] - self recovery execute delayTime:60
[wanxinp2p-consumer-service][${env:SERVER_PORT}] 2021-08-17 18:10:52,690 INFO [hmilyTransaction-hmily-transaction-self-recovery-52][LogUtil.java:87] - self recovery execute delayTime:60
[wanxinp2p-consumer-service][${env:SERVER_PORT}] 2021-08-17 18:11:07,867 INFO [hmilyTransaction-hmily-transaction-self-recovery-78][LogUtil.java:87] - self recovery execute delayTime:60
[wanxinp2p-consumer-service][${env:SERVER_PORT}] 2021-08-17 18:11:52,640 INFO [hmilyTransaction-hmily-transaction-self-recovery-26][LogUtil.java:87] - self recovery execute delayTime:60
[wanxinp2p-consumer-service][${env:SERVER_PORT}] 2021-08-17 18:11:52,693 INFO [hmilyTransaction-hmily-transaction-self-recovery-52][LogUtil.java:87] - self recovery execute delayTime:60
[wanxinp2p-consumer-service][${env:SERVER_PORT}] 2021-08-17 18:12:07,869 INFO [hmilyTransaction-hmily-transaction-self-recovery-78][LogUtil.java:87] - self recovery execute delayTime:60
[wanxinp2p-consumer-service][${env:SERVER_PORT}] 2021-08-17 18:12:52,643 INFO [hmilyTransaction-hmily-transaction-self-recovery-26][LogUtil.java:87] - self recovery execute delayTime:60
[wanxinp2p-consumer-service][${env:SERVER_PORT}] 2021-08-17 18:12:52,694 INFO [hmilyTransaction-hmily-transaction-self-recovery-52][LogUtil.java:87] - self recovery execute delayTime:60
[wanxinp2p-consumer-service][${env:SERVER_PORT}] 2021-08-17 18:13:07,390 INFO [AsyncResolver-bootstrap-executor-0][ConfigClusterResolver.java:43] - Resolving eureka endpoints via configuration
[wanxinp2p-consumer-service][${env:SERVER_PORT}] 2021-08-17 18:13:07,871 INFO [hmilyTransaction-hmily-transaction-self-recovery-78][LogUtil.java:87] - self recovery execute delayTime:60
[wanxinp2p-consumer-service][${env:SERVER_PORT}] 2021-08-17 18:13:52,648 INFO [hmilyTransaction-hmily-transaction-self-recovery-26][LogUtil.java:87] - self recovery execute delayTime:60
[wanxinp2p-consumer-service][${env:SERVER_PORT}] 2021-08-17 18:13:52,695 INFO [hmilyTransaction-hmily-transaction-self-recovery-52][LogUtil.java:87] - self recovery execute delayTime:60
[wanxinp2p-consumer-service][${env:SERVER_PORT}] 2021-08-17 18:14:07,872 INFO [hmilyTransaction-hmily-transaction-self-recovery-78][LogUtil.java:87] - self recovery execute delayTime:60
[wanxinp2p-consumer-service][${env:SERVER_PORT}] 2021-08-17 18:14:52,650 INFO [hmilyTransaction-hmily-transaction-self-recovery-26][LogUtil.java:87] - self recovery execute delayTime:60
[wanxinp2p-consumer-service][${env:SERVER_PORT}] 2021-08-17 18:14:52,697 INFO [hmilyTransaction-hmily-transaction-self-recovery-52][LogUtil.java:87] - self recovery execute delayTime:60
[wanxinp2p-consumer-service][${env:SERVER_PORT}] 2021-08-17 18:15:07,874 INFO [hmilyTransaction-hmily-transaction-self-recovery-78][LogUtil.java:87] - self recovery execute delayTime:60
[wanxinp2p-consumer-service][${env:SERVER_PORT}] 2021-08-17 18:15:52,653 INFO [hmilyTransaction-hmily-transaction-self-recovery-26][LogUtil.java:87] - self recovery execute delayTime:60
[wanxinp2p-consumer-service][${env:SERVER_PORT}] 2021-08-17 18:15:52,698 INFO [hmilyTransaction-hmily-transaction-self-recovery-52][LogUtil.java:87] - self recovery execute delayTime:60
[wanxinp2p-consumer-service][${env:SERVER_PORT}] 2021-08-17 18:16:07,876 INFO [hmilyTransaction-hmily-transaction-self-recovery-78][LogUtil.java:87] - self recovery execute delayTime:60
[wanxinp2p-consumer-service][${env:SERVER_PORT}] 2021-08-17 18:16:52,654 INFO [hmilyTransaction-hmily-transaction-self-recovery-26][LogUtil.java:87] - self recovery execute delayTime:60
[wanxinp2p-consumer-service][${env:SERVER_PORT}] 2021-08-17 18:16:52,699 INFO [hmilyTransaction-hmily-transaction-self-recovery-52][LogUtil.java:87] - self recovery execute delayTime:60
[wanxinp2p-consumer-service][${env:SERVER_PORT}] 2021-08-17 18:17:07,878 INFO [hmilyTransaction-hmily-transaction-self-recovery-78][LogUtil.java:87] - self recovery execute delayTime:60
[wanxinp2p-consumer-service][${env:SERVER_PORT}] 2021-08-17 18:17:52,656 INFO [hmilyTransaction-hmily-transaction-self-recovery-26][LogUtil.java:87] - self recovery execute delayTime:60
[wanxinp2p-consumer-service][${env:SERVER_PORT}] 2021-08-17 18:17:52,701 INFO [hmilyTransaction-hmily-transaction-self-recovery-52][LogUtil.java:87] - self recovery execute delayTime:60
[wanxinp2p-consumer-service][${env:SERVER_PORT}] 2021-08-17 18:18:07,391 INFO [AsyncResolver-bootstrap-executor-0][ConfigClusterResolver.java:43] - Resolving eureka endpoints via configuration
[wanxinp2p-consumer-service][${env:SERVER_PORT}] 2021-08-17 18:18:07,880 INFO [hmilyTransaction-hmily-transaction-self-recovery-78][LogUtil.java:87] - self recovery execute delayTime:60
[wanxinp2p-consumer-service][${env:SERVER_PORT}] 2021-08-17 18:18:52,658 INFO [hmilyTransaction-hmily-transaction-self-recovery-26][LogUtil.java:87] - self recovery execute delayTime:60
[wanxinp2p-consumer-service][${env:SERVER_PORT}] 2021-08-17 18:18:52,704 INFO [hmilyTransaction-hmily-transaction-self-recovery-52][LogUtil.java:87] - self recovery execute delayTime:60
[wanxinp2p-consumer-service][${env:SERVER_PORT}] 2021-08-17 18:19:07,882 INFO [hmilyTransaction-hmily-transaction-self-recovery-78][LogUtil.java:87] - self recovery execute delayTime:60
[wanxinp2p-consumer-service][${env:SERVER_PORT}] 2021-08-17 18:19:52,660 INFO [hmilyTransaction-hmily-transaction-self-recovery-26][LogUtil.java:87] - self recovery execute delayTime:60
[wanxinp2p-consumer-service][${env:SERVER_PORT}] 2021-08-17 18:19:52,705 INFO [hmilyTransaction-hmily-transaction-self-recovery-52][LogUtil.java:87] - self recovery execute delayTime:60
[wanxinp2p-consumer-service][${env:SERVER_PORT}] 2021-08-17 18:20:07,885 INFO [hmilyTransaction-hmily-transaction-self-recovery-78][LogUtil.java:87] - self recovery execute delayTime:60
[wanxinp2p-consumer-service][${env:SERVER_PORT}] 2021-08-17 18:20:52,662 INFO [hmilyTransaction-hmily-transaction-self-recovery-26][LogUtil.java:87] - self recovery execute delayTime:60
[wanxinp2p-consumer-service][${env:SERVER_PORT}] 2021-08-17 18:20:52,707 INFO [hmilyTransaction-hmily-transaction-self-recovery-52][LogUtil.java:87] - self recovery execute delayTime:60
[wanxinp2p-consumer-service][${env:SERVER_PORT}] 2021-08-17 18:21:07,887 INFO [hmilyTransaction-hmily-transaction-self-recovery-78][LogUtil.java:87] - self recovery execute delayTime:60
[wanxinp2p-consumer-service][${env:SERVER_PORT}] 2021-08-17 18:21:52,664 INFO [hmilyTransaction-hmily-transaction-self-recovery-26][LogUtil.java:87] - self recovery execute delayTime:60
[wanxinp2p-consumer-service][${env:SERVER_PORT}] 2021-08-17 18:21:52,709 INFO [hmilyTransaction-hmily-transaction-self-recovery-52][LogUtil.java:87] - self recovery execute delayTime:60
[wanxinp2p-consumer-service][${env:SERVER_PORT}] 2021-08-17 18:22:07,889 INFO [hmilyTransaction-hmily-transaction-self-recovery-78][LogUtil.java:87] - self recovery execute delayTime:60
[wanxinp2p-consumer-service][${env:SERVER_PORT}] 2021-08-17 18:22:52,666 INFO [hmilyTransaction-hmily-transaction-self-recovery-26][LogUtil.java:87] - self recovery execute delayTime:60
[wanxinp2p-consumer-service][${env:SERVER_PORT}] 2021-08-17 18:22:52,710 INFO [hmilyTransaction-hmily-transaction-self-recovery-52][LogUtil.java:87] - self recovery execute delayTime:60
[wanxinp2p-consumer-service][${env:SERVER_PORT}] 2021-08-17 18:23:07,402 INFO [AsyncResolver-bootstrap-executor-0][ConfigClusterResolver.java:43] - Resolving eureka endpoints via configuration
[wanxinp2p-consumer-service][${env:SERVER_PORT}] 2021-08-17 18:23:07,891 INFO [hmilyTransaction-hmily-transaction-self-recovery-78][LogUtil.java:87] - self recovery execute delayTime:60
[wanxinp2p-consumer-service][${env:SERVER_PORT}] 2021-08-17 18:23:52,668 INFO [hmilyTransaction-hmily-transaction-self-recovery-26][LogUtil.java:87] - self recovery execute delayTime:60
[wanxinp2p-consumer-service][${env:SERVER_PORT}] 2021-08-17 18:23:52,712 INFO [hmilyTransaction-hmily-transaction-self-recovery-52][LogUtil.java:87] - self recovery execute delayTime:60
[wanxinp2p-consumer-service][${env:SERVER_PORT}] 2021-08-17 18:24:07,893 INFO [hmilyTransaction-hmily-transaction-self-recovery-78][LogUtil.java:87] - self recovery execute delayTime:60
[wanxinp2p-consumer-service][${env:SERVER_PORT}] 2021-08-17 18:24:52,670 INFO [hmilyTransaction-hmily-transaction-self-recovery-26][LogUtil.java:87] - self recovery execute delayTime:60
[wanxinp2p-consumer-service][${env:SERVER_PORT}] 2021-08-17 18:24:52,713 INFO [hmilyTransaction-hmily-transaction-self-recovery-52][LogUtil.java:87] - self recovery execute delayTime:60
[wanxinp2p-consumer-service][${env:SERVER_PORT}] 2021-08-17 18:25:07,895 INFO [hmilyTransaction-hmily-transaction-self-recovery-78][LogUtil.java:87] - self recovery execute delayTime:60
[wanxinp2p-consumer-service][${env:SERVER_PORT}] 2021-08-17 18:25:52,672 INFO [hmilyTransaction-hmily-transaction-self-recovery-26][LogUtil.java:87] - self recovery execute delayTime:60
[wanxinp2p-consumer-service][${env:SERVER_PORT}] 2021-08-17 18:25:52,715 INFO [hmilyTransaction-hmily-transaction-self-recovery-52][LogUtil.java:87] - self recovery execute delayTime:60
[wanxinp2p-consumer-service][${env:SERVER_PORT}] 2021-08-17 18:26:07,897 INFO [hmilyTransaction-hmily-transaction-self-recovery-78][LogUtil.java:87] - self recovery execute delayTime:60
[wanxinp2p-consumer-service][${env:SERVER_PORT}] 2021-08-17 18:26:52,674 INFO [hmilyTransaction-hmily-transaction-self-recovery-26][LogUtil.java:87] - self recovery execute delayTime:60
[wanxinp2p-consumer-service][${env:SERVER_PORT}] 2021-08-17 18:26:52,716 INFO [hmilyTransaction-hmily-transaction-self-recovery-52][LogUtil.java:87] - self recovery execute delayTime:60
[wanxinp2p-consumer-service][${env:SERVER_PORT}] 2021-08-17 18:27:07,899 INFO [hmilyTransaction-hmily-transaction-self-recovery-78][LogUtil.java:87] - self recovery execute delayTime:60
[wanxinp2p-consumer-service][${env:SERVER_PORT}] 2021-08-17 18:27:52,676 INFO [hmilyTransaction-hmily-transaction-self-recovery-26][LogUtil.java:87] - self recovery execute delayTime:60
[wanxinp2p-consumer-service][${env:SERVER_PORT}] 2021-08-17 18:27:52,718 INFO [hmilyTransaction-hmily-transaction-self-recovery-52][LogUtil.java:87] - self recovery execute delayTime:60
[wanxinp2p-consumer-service][${env:SERVER_PORT}] 2021-08-17 18:28:07,497 INFO [AsyncResolver-bootstrap-executor-0][ConfigClusterResolver.java:43] - Resolving eureka endpoints via configuration
[wanxinp2p-consumer-service][${env:SERVER_PORT}] 2021-08-17 18:28:07,901 INFO [hmilyTransaction-hmily-transaction-self-recovery-78][LogUtil.java:87] - self recovery execute delayTime:60
[wanxinp2p-consumer-service][${env:SERVER_PORT}] 2021-08-17 18:28:52,678 INFO [hmilyTransaction-hmily-transaction-self-recovery-26][LogUtil.java:87] - self recovery execute delayTime:60
[wanxinp2p-consumer-service][${env:SERVER_PORT}] 2021-08-17 18:28:52,720 INFO [hmilyTransaction-hmily-transaction-self-recovery-52][LogUtil.java:87] - self recovery execute delayTime:60
[wanxinp2p-consumer-service][${env:SERVER_PORT}] 2021-08-17 18:29:07,902 INFO [hmilyTransaction-hmily-transaction-self-recovery-78][LogUtil.java:87] - self recovery execute delayTime:60
[wanxinp2p-consumer-service][${env:SERVER_PORT}] 2021-08-17 18:29:52,679 INFO [hmilyTransaction-hmily-transaction-self-recovery-26][LogUtil.java:87] - self recovery execute delayTime:60
[wanxinp2p-consumer-service][${env:SERVER_PORT}] 2021-08-17 18:29:52,720 INFO [hmilyTransaction-hmily-transaction-self-recovery-52][LogUtil.java:87] - self recovery execute delayTime:60
[wanxinp2p-consumer-service][${env:SERVER_PORT}] 2021-08-17 18:30:07,906 INFO [hmilyTransaction-hmily-transaction-self-recovery-78][LogUtil.java:87] - self recovery execute delayTime:60
[wanxinp2p-consumer-service][${env:SERVER_PORT}] 2021-08-17 18:30:52,681 INFO [hmilyTransaction-hmily-transaction-self-recovery-26][LogUtil.java:87] - self recovery execute delayTime:60
[wanxinp2p-consumer-service][${env:SERVER_PORT}] 2021-08-17 18:30:52,721 INFO [hmilyTransaction-hmily-transaction-self-recovery-52][LogUtil.java:87] - self recovery execute delayTime:60
[wanxinp2p-consumer-service][${env:SERVER_PORT}] 2021-08-17 18:31:07,908 INFO [hmilyTransaction-hmily-transaction-self-recovery-78][LogUtil.java:87] - self recovery execute delayTime:60
[wanxinp2p-consumer-service][${env:SERVER_PORT}] 2021-08-17 18:31:52,682 INFO [hmilyTransaction-hmily-transaction-self-recovery-26][LogUtil.java:87] - self recovery execute delayTime:60
[wanxinp2p-consumer-service][${env:SERVER_PORT}] 2021-08-17 18:31:52,722 INFO [hmilyTransaction-hmily-transaction-self-recovery-52][LogUtil.java:87] - self recovery execute delayTime:60
[wanxinp2p-consumer-service][${env:SERVER_PORT}] 2021-08-17 18:32:07,910 INFO [hmilyTransaction-hmily-transaction-self-recovery-78][LogUtil.java:87] - self recovery execute delayTime:60
[wanxinp2p-consumer-service][${env:SERVER_PORT}] 2021-08-17 18:32:52,684 INFO [hmilyTransaction-hmily-transaction-self-recovery-26][LogUtil.java:87] - self recovery execute delayTime:60
[wanxinp2p-consumer-service][${env:SERVER_PORT}] 2021-08-17 18:32:52,726 INFO [hmilyTransaction-hmily-transaction-self-recovery-52][LogUtil.java:87] - self recovery execute delayTime:60
[wanxinp2p-consumer-service][${env:SERVER_PORT}] 2021-08-17 18:33:07,498 INFO [AsyncResolver-bootstrap-executor-0][ConfigClusterResolver.java:43] - Resolving eureka endpoints via configuration
[wanxinp2p-consumer-service][${env:SERVER_PORT}] 2021-08-17 18:33:07,913 INFO [hmilyTransaction-hmily-transaction-self-recovery-78][LogUtil.java:87] - self recovery execute delayTime:60
[wanxinp2p-consumer-service][${env:SERVER_PORT}] 2021-08-17 18:33:52,686 INFO [hmilyTransaction-hmily-transaction-self-recovery-26][LogUtil.java:87] - self recovery execute delayTime:60
[wanxinp2p-consumer-service][${env:SERVER_PORT}] 2021-08-17 18:33:52,728 INFO [hmilyTransaction-hmily-transaction-self-recovery-52][LogUtil.java:87] - self recovery execute delayTime:60
[wanxinp2p-consumer-service][${env:SERVER_PORT}] 2021-08-17 18:34:07,930 INFO [hmilyTransaction-hmily-transaction-self-recovery-78][LogUtil.java:87] - self recovery execute delayTime:60
[wanxinp2p-consumer-service][${env:SERVER_PORT}] 2021-08-17 18:34:52,688 INFO [hmilyTransaction-hmily-transaction-self-recovery-26][LogUtil.java:87] - self recovery execute delayTime:60
[wanxinp2p-consumer-service][${env:SERVER_PORT}] 2021-08-17 18:34:52,740 INFO [hmilyTransaction-hmily-transaction-self-recovery-52][LogUtil.java:87] - self recovery execute delayTime:60
[wanxinp2p-consumer-service][${env:SERVER_PORT}] 2021-08-17 18:35:03,347 DEBUG [http-nio-53050-exec-3][BaseJdbcLogger.java:159] - ==>  Preparing: SELECT ID,USERNAME,FULLNAME,ID_NUMBER,USER_NO,MOBILE,USER_TYPE,ROLE,AUTH_LIST,IS_BIND_CARD,STATUS,LOAN_AMOUNT,REQUEST_NO FROM consumer WHERE mobile = ? 
[wanxinp2p-consumer-service][${env:SERVER_PORT}] 2021-08-17 18:35:03,416 DEBUG [http-nio-53050-exec-3][BaseJdbcLogger.java:159] - ==> Parameters: 15378791911(String)
[wanxinp2p-consumer-service][${env:SERVER_PORT}] 2021-08-17 18:35:04,225 DEBUG [http-nio-53050-exec-3][BaseJdbcLogger.java:159] - <==      Total: 1
[wanxinp2p-consumer-service][${env:SERVER_PORT}] 2021-08-17 18:35:07,933 INFO [hmilyTransaction-hmily-transaction-self-recovery-78][LogUtil.java:87] - self recovery execute delayTime:60
[wanxinp2p-consumer-service][${env:SERVER_PORT}] 2021-08-17 18:35:52,691 INFO [hmilyTransaction-hmily-transaction-self-recovery-26][LogUtil.java:87] - self recovery execute delayTime:60
[wanxinp2p-consumer-service][${env:SERVER_PORT}] 2021-08-17 18:35:52,758 INFO [hmilyTransaction-hmily-transaction-self-recovery-52][LogUtil.java:87] - self recovery execute delayTime:60
[wanxinp2p-consumer-service][${env:SERVER_PORT}] 2021-08-17 18:36:07,937 INFO [hmilyTransaction-hmily-transaction-self-recovery-78][LogUtil.java:87] - self recovery execute delayTime:60
[wanxinp2p-consumer-service][${env:SERVER_PORT}] 2021-08-17 18:36:52,692 INFO [hmilyTransaction-hmily-transaction-self-recovery-26][LogUtil.java:87] - self recovery execute delayTime:60
[wanxinp2p-consumer-service][${env:SERVER_PORT}] 2021-08-17 18:36:52,760 INFO [hmilyTransaction-hmily-transaction-self-recovery-52][LogUtil.java:87] - self recovery execute delayTime:60
[wanxinp2p-consumer-service][${env:SERVER_PORT}] 2021-08-17 18:37:07,939 INFO [hmilyTransaction-hmily-transaction-self-recovery-78][LogUtil.java:87] - self recovery execute delayTime:60
[wanxinp2p-consumer-service][${env:SERVER_PORT}] 2021-08-17 18:37:52,694 INFO [hmilyTransaction-hmily-transaction-self-recovery-26][LogUtil.java:87] - self recovery execute delayTime:60
[wanxinp2p-consumer-service][${env:SERVER_PORT}] 2021-08-17 18:37:52,762 INFO [hmilyTransaction-hmily-transaction-self-recovery-52][LogUtil.java:87] - self recovery execute delayTime:60
[wanxinp2p-consumer-service][${env:SERVER_PORT}] 2021-08-17 18:38:07,500 INFO [AsyncResolver-bootstrap-executor-0][ConfigClusterResolver.java:43] - Resolving eureka endpoints via configuration
[wanxinp2p-consumer-service][${env:SERVER_PORT}] 2021-08-17 18:38:07,940 INFO [hmilyTransaction-hmily-transaction-self-recovery-78][LogUtil.java:87] - self recovery execute delayTime:60
[wanxinp2p-consumer-service][${env:SERVER_PORT}] 2021-08-17 18:38:52,695 INFO [hmilyTransaction-hmily-transaction-self-recovery-26][LogUtil.java:87] - self recovery execute delayTime:60
[wanxinp2p-consumer-service][${env:SERVER_PORT}] 2021-08-17 18:38:52,764 INFO [hmilyTransaction-hmily-transaction-self-recovery-52][LogUtil.java:87] - self recovery execute delayTime:60
[wanxinp2p-consumer-service][${env:SERVER_PORT}] 2021-08-17 18:39:07,942 INFO [hmilyTransaction-hmily-transaction-self-recovery-78][LogUtil.java:87] - self recovery execute delayTime:60
[wanxinp2p-consumer-service][${env:SERVER_PORT}] 2021-08-17 18:39:52,698 INFO [hmilyTransaction-hmily-transaction-self-recovery-26][LogUtil.java:87] - self recovery execute delayTime:60
[wanxinp2p-consumer-service][${env:SERVER_PORT}] 2021-08-17 18:39:52,765 INFO [hmilyTransaction-hmily-transaction-self-recovery-52][LogUtil.java:87] - self recovery execute delayTime:60
[wanxinp2p-consumer-service][${env:SERVER_PORT}] 2021-08-17 18:40:07,944 INFO [hmilyTransaction-hmily-transaction-self-recovery-78][LogUtil.java:87] - self recovery execute delayTime:60
[wanxinp2p-consumer-service][${env:SERVER_PORT}] 2021-08-17 18:40:52,699 INFO [hmilyTransaction-hmily-transaction-self-recovery-26][LogUtil.java:87] - self recovery execute delayTime:60
[wanxinp2p-consumer-service][${env:SERVER_PORT}] 2021-08-17 18:40:52,766 INFO [hmilyTransaction-hmily-transaction-self-recovery-52][LogUtil.java:87] - self recovery execute delayTime:60
[wanxinp2p-consumer-service][${env:SERVER_PORT}] 2021-08-17 18:41:07,946 INFO [hmilyTransaction-hmily-transaction-self-recovery-78][LogUtil.java:87] - self recovery execute delayTime:60
[wanxinp2p-consumer-service][${env:SERVER_PORT}] 2021-08-17 18:41:52,701 INFO [hmilyTransaction-hmily-transaction-self-recovery-26][LogUtil.java:87] - self recovery execute delayTime:60
[wanxinp2p-consumer-service][${env:SERVER_PORT}] 2021-08-17 18:41:52,767 INFO [hmilyTransaction-hmily-transaction-self-recovery-52][LogUtil.java:87] - self recovery execute delayTime:60
[wanxinp2p-consumer-service][${env:SERVER_PORT}] 2021-08-17 18:42:07,947 INFO [hmilyTransaction-hmily-transaction-self-recovery-78][LogUtil.java:87] - self recovery execute delayTime:60
[wanxinp2p-consumer-service][${env:SERVER_PORT}] 2021-08-17 18:42:52,705 INFO [hmilyTransaction-hmily-transaction-self-recovery-26][LogUtil.java:87] - self recovery execute delayTime:60
[wanxinp2p-consumer-service][${env:SERVER_PORT}] 2021-08-17 18:42:52,770 INFO [hmilyTransaction-hmily-transaction-self-recovery-52][LogUtil.java:87] - self recovery execute delayTime:60
[wanxinp2p-consumer-service][${env:SERVER_PORT}] 2021-08-17 18:43:07,501 INFO [AsyncResolver-bootstrap-executor-0][ConfigClusterResolver.java:43] - Resolving eureka endpoints via configuration
[wanxinp2p-consumer-service][${env:SERVER_PORT}] 2021-08-17 18:43:07,950 INFO [hmilyTransaction-hmily-transaction-self-recovery-78][LogUtil.java:87] - self recovery execute delayTime:60
[wanxinp2p-consumer-service][${env:SERVER_PORT}] 2021-08-17 18:43:52,707 INFO [hmilyTransaction-hmily-transaction-self-recovery-26][LogUtil.java:87] - self recovery execute delayTime:60
[wanxinp2p-consumer-service][${env:SERVER_PORT}] 2021-08-17 18:43:52,772 INFO [hmilyTransaction-hmily-transaction-self-recovery-52][LogUtil.java:87] - self recovery execute delayTime:60
[wanxinp2p-consumer-service][${env:SERVER_PORT}] 2021-08-17 18:44:07,951 INFO [hmilyTransaction-hmily-transaction-self-recovery-78][LogUtil.java:87] - self recovery execute delayTime:60
[wanxinp2p-consumer-service][${env:SERVER_PORT}] 2021-08-17 18:44:52,709 INFO [hmilyTransaction-hmily-transaction-self-recovery-26][LogUtil.java:87] - self recovery execute delayTime:60
[wanxinp2p-consumer-service][${env:SERVER_PORT}] 2021-08-17 18:44:52,774 INFO [hmilyTransaction-hmily-transaction-self-recovery-52][LogUtil.java:87] - self recovery execute delayTime:60
[wanxinp2p-consumer-service][${env:SERVER_PORT}] 2021-08-17 18:45:07,953 INFO [hmilyTransaction-hmily-transaction-self-recovery-78][LogUtil.java:87] - self recovery execute delayTime:60
[wanxinp2p-consumer-service][${env:SERVER_PORT}] 2021-08-17 18:45:52,712 INFO [hmilyTransaction-hmily-transaction-self-recovery-26][LogUtil.java:87] - self recovery execute delayTime:60
[wanxinp2p-consumer-service][${env:SERVER_PORT}] 2021-08-17 18:45:52,775 INFO [hmilyTransaction-hmily-transaction-self-recovery-52][LogUtil.java:87] - self recovery execute delayTime:60
[wanxinp2p-consumer-service][${env:SERVER_PORT}] 2021-08-17 18:46:07,955 INFO [hmilyTransaction-hmily-transaction-self-recovery-78][LogUtil.java:87] - self recovery execute delayTime:60
[wanxinp2p-consumer-service][${env:SERVER_PORT}] 2021-08-17 18:46:52,714 INFO [hmilyTransaction-hmily-transaction-self-recovery-26][LogUtil.java:87] - self recovery execute delayTime:60
[wanxinp2p-consumer-service][${env:SERVER_PORT}] 2021-08-17 18:46:52,778 INFO [hmilyTransaction-hmily-transaction-self-recovery-52][LogUtil.java:87] - self recovery execute delayTime:60
[wanxinp2p-consumer-service][${env:SERVER_PORT}] 2021-08-17 18:47:07,958 INFO [hmilyTransaction-hmily-transaction-self-recovery-78][LogUtil.java:87] - self recovery execute delayTime:60
[wanxinp2p-consumer-service][${env:SERVER_PORT}] 2021-08-17 18:47:52,715 INFO [hmilyTransaction-hmily-transaction-self-recovery-26][LogUtil.java:87] - self recovery execute delayTime:60
[wanxinp2p-consumer-service][${env:SERVER_PORT}] 2021-08-17 18:47:52,781 INFO [hmilyTransaction-hmily-transaction-self-recovery-52][LogUtil.java:87] - self recovery execute delayTime:60
[wanxinp2p-consumer-service][${env:SERVER_PORT}] 2021-08-17 18:48:07,502 INFO [AsyncResolver-bootstrap-executor-0][ConfigClusterResolver.java:43] - Resolving eureka endpoints via configuration
[wanxinp2p-consumer-service][${env:SERVER_PORT}] 2021-08-17 18:48:07,960 INFO [hmilyTransaction-hmily-transaction-self-recovery-78][LogUtil.java:87] - self recovery execute delayTime:60
[wanxinp2p-consumer-service][${env:SERVER_PORT}] 2021-08-17 18:48:52,718 INFO [hmilyTransaction-hmily-transaction-self-recovery-26][LogUtil.java:87] - self recovery execute delayTime:60
[wanxinp2p-consumer-service][${env:SERVER_PORT}] 2021-08-17 18:48:52,783 INFO [hmilyTransaction-hmily-transaction-self-recovery-52][LogUtil.java:87] - self recovery execute delayTime:60
[wanxinp2p-consumer-service][${env:SERVER_PORT}] 2021-08-17 18:49:07,962 INFO [hmilyTransaction-hmily-transaction-self-recovery-78][LogUtil.java:87] - self recovery execute delayTime:60
[wanxinp2p-consumer-service][${env:SERVER_PORT}] 2021-08-17 18:49:52,720 INFO [hmilyTransaction-hmily-transaction-self-recovery-26][LogUtil.java:87] - self recovery execute delayTime:60
[wanxinp2p-consumer-service][${env:SERVER_PORT}] 2021-08-17 18:49:52,785 INFO [hmilyTransaction-hmily-transaction-self-recovery-52][LogUtil.java:87] - self recovery execute delayTime:60
[wanxinp2p-consumer-service][${env:SERVER_PORT}] 2021-08-17 18:50:07,964 INFO [hmilyTransaction-hmily-transaction-self-recovery-78][LogUtil.java:87] - self recovery execute delayTime:60
[wanxinp2p-consumer-service][${env:SERVER_PORT}] 2021-08-17 18:50:52,722 INFO [hmilyTransaction-hmily-transaction-self-recovery-26][LogUtil.java:87] - self recovery execute delayTime:60
[wanxinp2p-consumer-service][${env:SERVER_PORT}] 2021-08-17 18:50:52,787 INFO [hmilyTransaction-hmily-transaction-self-recovery-52][LogUtil.java:87] - self recovery execute delayTime:60
[wanxinp2p-consumer-service][${env:SERVER_PORT}] 2021-08-17 18:51:07,965 INFO [hmilyTransaction-hmily-transaction-self-recovery-78][LogUtil.java:87] - self recovery execute delayTime:60
[wanxinp2p-consumer-service][${env:SERVER_PORT}] 2021-08-17 18:51:52,724 INFO [hmilyTransaction-hmily-transaction-self-recovery-26][LogUtil.java:87] - self recovery execute delayTime:60
[wanxinp2p-consumer-service][${env:SERVER_PORT}] 2021-08-17 18:51:52,788 INFO [hmilyTransaction-hmily-transaction-self-recovery-52][LogUtil.java:87] - self recovery execute delayTime:60
[wanxinp2p-consumer-service][${env:SERVER_PORT}] 2021-08-17 18:52:07,967 INFO [hmilyTransaction-hmily-transaction-self-recovery-78][LogUtil.java:87] - self recovery execute delayTime:60
[wanxinp2p-consumer-service][${env:SERVER_PORT}] 2021-08-17 18:52:52,726 INFO [hmilyTransaction-hmily-transaction-self-recovery-26][LogUtil.java:87] - self recovery execute delayTime:60
[wanxinp2p-consumer-service][${env:SERVER_PORT}] 2021-08-17 18:52:52,789 INFO [hmilyTransaction-hmily-transaction-self-recovery-52][LogUtil.java:87] - self recovery execute delayTime:60
[wanxinp2p-consumer-service][${env:SERVER_PORT}] 2021-08-17 18:53:07,503 INFO [AsyncResolver-bootstrap-executor-0][ConfigClusterResolver.java:43] - Resolving eureka endpoints via configuration
[wanxinp2p-consumer-service][${env:SERVER_PORT}] 2021-08-17 18:53:07,968 INFO [hmilyTransaction-hmily-transaction-self-recovery-78][LogUtil.java:87] - self recovery execute delayTime:60
[wanxinp2p-consumer-service][${env:SERVER_PORT}] 2021-08-17 18:53:52,731 INFO [hmilyTransaction-hmily-transaction-self-recovery-26][LogUtil.java:87] - self recovery execute delayTime:60
[wanxinp2p-consumer-service][${env:SERVER_PORT}] 2021-08-17 18:53:52,792 INFO [hmilyTransaction-hmily-transaction-self-recovery-52][LogUtil.java:87] - self recovery execute delayTime:60
[wanxinp2p-consumer-service][${env:SERVER_PORT}] 2021-08-17 18:54:07,971 INFO [hmilyTransaction-hmily-transaction-self-recovery-78][LogUtil.java:87] - self recovery execute delayTime:60
[wanxinp2p-consumer-service][${env:SERVER_PORT}] 2021-08-17 18:54:52,733 INFO [hmilyTransaction-hmily-transaction-self-recovery-26][LogUtil.java:87] - self recovery execute delayTime:60
[wanxinp2p-consumer-service][${env:SERVER_PORT}] 2021-08-17 18:54:52,793 INFO [hmilyTransaction-hmily-transaction-self-recovery-52][LogUtil.java:87] - self recovery execute delayTime:60
[wanxinp2p-consumer-service][${env:SERVER_PORT}] 2021-08-17 18:55:07,973 INFO [hmilyTransaction-hmily-transaction-self-recovery-78][LogUtil.java:87] - self recovery execute delayTime:60
[wanxinp2p-consumer-service][${env:SERVER_PORT}] 2021-08-17 18:55:52,735 INFO [hmilyTransaction-hmily-transaction-self-recovery-26][LogUtil.java:87] - self recovery execute delayTime:60
[wanxinp2p-consumer-service][${env:SERVER_PORT}] 2021-08-17 18:55:52,795 INFO [hmilyTransaction-hmily-transaction-self-recovery-52][LogUtil.java:87] - self recovery execute delayTime:60
[wanxinp2p-consumer-service][${env:SERVER_PORT}] 2021-08-17 18:56:07,975 INFO [hmilyTransaction-hmily-transaction-self-recovery-78][LogUtil.java:87] - self recovery execute delayTime:60
[wanxinp2p-consumer-service][${env:SERVER_PORT}] 2021-08-17 18:56:52,736 INFO [hmilyTransaction-hmily-transaction-self-recovery-26][LogUtil.java:87] - self recovery execute delayTime:60
[wanxinp2p-consumer-service][${env:SERVER_PORT}] 2021-08-17 18:56:52,797 INFO [hmilyTransaction-hmily-transaction-self-recovery-52][LogUtil.java:87] - self recovery execute delayTime:60
[wanxinp2p-consumer-service][${env:SERVER_PORT}] 2021-08-17 18:57:07,978 INFO [hmilyTransaction-hmily-transaction-self-recovery-78][LogUtil.java:87] - self recovery execute delayTime:60
[wanxinp2p-consumer-service][${env:SERVER_PORT}] 2021-08-17 18:57:52,738 INFO [hmilyTransaction-hmily-transaction-self-recovery-26][LogUtil.java:87] - self recovery execute delayTime:60
[wanxinp2p-consumer-service][${env:SERVER_PORT}] 2021-08-17 18:57:52,799 INFO [hmilyTransaction-hmily-transaction-self-recovery-52][LogUtil.java:87] - self recovery execute delayTime:60
[wanxinp2p-consumer-service][${env:SERVER_PORT}] 2021-08-17 18:58:07,556 INFO [AsyncResolver-bootstrap-executor-0][ConfigClusterResolver.java:43] - Resolving eureka endpoints via configuration
[wanxinp2p-consumer-service][${env:SERVER_PORT}] 2021-08-17 18:58:07,979 INFO [hmilyTransaction-hmily-transaction-self-recovery-78][LogUtil.java:87] - self recovery execute delayTime:60
[wanxinp2p-consumer-service][${env:SERVER_PORT}] 2021-08-17 18:58:52,740 INFO [hmilyTransaction-hmily-transaction-self-recovery-26][LogUtil.java:87] - self recovery execute delayTime:60
[wanxinp2p-consumer-service][${env:SERVER_PORT}] 2021-08-17 18:58:52,800 INFO [hmilyTransaction-hmily-transaction-self-recovery-52][LogUtil.java:87] - self recovery execute delayTime:60
[wanxinp2p-consumer-service][${env:SERVER_PORT}] 2021-08-17 18:59:07,981 INFO [hmilyTransaction-hmily-transaction-self-recovery-78][LogUtil.java:87] - self recovery execute delayTime:60
[wanxinp2p-consumer-service][${env:SERVER_PORT}] 2021-08-17 18:59:52,742 INFO [hmilyTransaction-hmily-transaction-self-recovery-26][LogUtil.java:87] - self recovery execute delayTime:60
[wanxinp2p-consumer-service][${env:SERVER_PORT}] 2021-08-17 18:59:52,802 INFO [hmilyTransaction-hmily-transaction-self-recovery-52][LogUtil.java:87] - self recovery execute delayTime:60
