[sailing][${env:SERVER_PORT}] 2019-11-18 10:53:48,400 INFO [main][StartupInfoLogger.java:50] - Starting SailingBootstrap v1.0-SNAPSHOT on DESKTOP-N226DJA with PID 508 (E:\wanxinp2p\day02\资料\短信验证码服务\sailing-student.jar started by apple in E:\wanxinp2p\day02\资料\短信验证码服务)
[sailing][${env:SERVER_PORT}] 2019-11-18 10:53:48,417 INFO [main][SpringApplication.java:675] - No active profile set, falling back to default profiles: default
[sailing][${env:SERVER_PORT}] 2019-11-18 10:53:51,207 INFO [main][RepositoryConfigurationDelegate.java:244] - Multiple Spring Data modules found, entering strict repository configuration mode!
[sailing][${env:SERVER_PORT}] 2019-11-18 10:53:51,216 INFO [main][RepositoryConfigurationDelegate.java:126] - Bootstrapping Spring Data repositories in DEFAULT mode.
[sailing][${env:SERVER_PORT}] 2019-11-18 10:53:51,265 INFO [main][RepositoryConfigurationDelegate.java:182] - Finished Spring Data repository scanning in 28ms. Found 0 repository interfaces.
[sailing][${env:SERVER_PORT}] 2019-11-18 10:53:52,571 INFO [main][TomcatWebServer.java:90] - Tomcat initialized with port(s): 56085 (http)
[sailing][${env:SERVER_PORT}] 2019-11-18 10:53:52,598 INFO [main][DirectJDKLog.java:173] - Initializing ProtocolHandler ["http-nio-56085"]
[sailing][${env:SERVER_PORT}] 2019-11-18 10:53:52,615 INFO [main][DirectJDKLog.java:173] - Starting service [Tomcat]
[sailing][${env:SERVER_PORT}] 2019-11-18 10:53:52,619 INFO [main][DirectJDKLog.java:173] - Starting Servlet engine: [Apache Tomcat/9.0.16]
[sailing][${env:SERVER_PORT}] 2019-11-18 10:53:52,641 INFO [main][DirectJDKLog.java:173] - The APR based Apache Tomcat Native library which allows optimal performance in production environments was not found on the java.library.path: [C:\Program Files\Java\jdk1.8.0_171\bin;C:\WINDOWS\Sun\Java\bin;C:\WINDOWS\system32;C:\WINDOWS;C:\Program Files (x86)\NetSarang\Xshell 6\;C:\Program Files\Java\jdk1.8.0_171\bin;C:\Program Files (x86)\Common Files\Oracle\Java\javapath;C:\WINDOWS\system32;C:\WINDOWS;C:\WINDOWS\System32\Wbem;C:\WINDOWS\System32\WindowsPowerShell\v1.0\;C:\Program Files\MySQL\MySQL Utilities 1.6\;C:\WINDOWS\System32\OpenSSH\;C:\Program Files\Git\cmd;C:\Program Files\TortoiseGit\bin;C:\Program Files\nodejs\;C:\Ruby26-x64\bin;C:\Users\apple\AppData\Local\Microsoft\WindowsApps;E:\apache-maven-3.5.4\bin;C:\Users\apple\AppData\Roaming\npm;;.]
[sailing][${env:SERVER_PORT}] 2019-11-18 10:53:52,775 INFO [main][DirectJDKLog.java:173] - Initializing Spring embedded WebApplicationContext
[sailing][${env:SERVER_PORT}] 2019-11-18 10:53:52,776 INFO [main][ServletWebServerApplicationContext.java:296] - Root WebApplicationContext: initialization completed in 4214 ms
[sailing][${env:SERVER_PORT}] 2019-11-18 10:53:54,672 INFO [main][EndpointLinksResolver.java:59] - Exposing 2 endpoint(s) beneath base path '/actuator'
[sailing][${env:SERVER_PORT}] 2019-11-18 10:53:54,857 INFO [main][PropertySourcedRequestMappingHandlerMapping.java:69] - Mapped URL path [/v2/api-docs] onto method [public org.springframework.http.ResponseEntity<springfox.documentation.spring.web.json.Json> springfox.documentation.swagger2.web.Swagger2Controller.getDocumentation(java.lang.String,javax.servlet.http.HttpServletRequest)]
[sailing][${env:SERVER_PORT}] 2019-11-18 10:53:55,147 INFO [main][ExecutorConfigurationSupport.java:171] - Initializing ExecutorService 'applicationTaskExecutor'
[sailing][${env:SERVER_PORT}] 2019-11-18 10:53:55,715 INFO [main][DocumentationPluginsBootstrapper.java:160] - Context refreshed
[sailing][${env:SERVER_PORT}] 2019-11-18 10:53:55,757 INFO [main][DocumentationPluginsBootstrapper.java:163] - Found 1 custom documentation plugin(s)
[sailing][${env:SERVER_PORT}] 2019-11-18 10:53:55,800 INFO [main][ApiListingReferenceScanner.java:41] - Scanning for api listing references
[sailing][${env:SERVER_PORT}] 2019-11-18 10:53:56,000 INFO [main][DirectJDKLog.java:173] - Starting ProtocolHandler ["http-nio-56085"]
[sailing][${env:SERVER_PORT}] 2019-11-18 10:53:56,029 INFO [main][TomcatWebServer.java:204] - Tomcat started on port(s): 56085 (http) with context path '/sailing'
[sailing][${env:SERVER_PORT}] 2019-11-18 10:53:56,033 INFO [main][StartupInfoLogger.java:59] - Started SailingBootstrap in 8.412 seconds (JVM running for 9.992)
