[sailing][${env:SERVER_PORT}] 2019-09-20 17:28:37,233 INFO [main][StartupInfoLogger.java:50] - Starting SailingBootstrap v1.0-SNAPSHOT on DESKTOP-N226DJA with PID 16232 (C:\Users\apple\Desktop\wanxinp2p\day02\资料\短信验证码服务\sailing-student.jar started by apple in C:\Users\apple\Desktop\wanxinp2p\day02\资料\短信验证码服务)
[sailing][${env:SERVER_PORT}] 2019-09-20 17:28:37,263 INFO [main][SpringApplication.java:675] - No active profile set, falling back to default profiles: default
[sailing][${env:SERVER_PORT}] 2019-09-20 17:28:39,736 INFO [main][RepositoryConfigurationDelegate.java:244] - Multiple Spring Data modules found, entering strict repository configuration mode!
[sailing][${env:SERVER_PORT}] 2019-09-20 17:28:39,744 INFO [main][RepositoryConfigurationDelegate.java:126] - Bootstrapping Spring Data repositories in DEFAULT mode.
[sailing][${env:SERVER_PORT}] 2019-09-20 17:28:39,819 INFO [main][RepositoryConfigurationDelegate.java:182] - Finished Spring Data repository scanning in 56ms. Found 0 repository interfaces.
[sailing][${env:SERVER_PORT}] 2019-09-20 17:28:41,230 INFO [main][TomcatWebServer.java:90] - Tomcat initialized with port(s): 56085 (http)
[sailing][${env:SERVER_PORT}] 2019-09-20 17:28:41,246 INFO [main][DirectJDKLog.java:173] - Initializing ProtocolHandler ["http-nio-56085"]
[sailing][${env:SERVER_PORT}] 2019-09-20 17:28:41,264 INFO [main][DirectJDKLog.java:173] - Starting service [Tomcat]
[sailing][${env:SERVER_PORT}] 2019-09-20 17:28:41,266 INFO [main][DirectJDKLog.java:173] - Starting Servlet engine: [Apache Tomcat/9.0.16]
[sailing][${env:SERVER_PORT}] 2019-09-20 17:28:41,295 INFO [main][DirectJDKLog.java:173] - The APR based Apache Tomcat Native library which allows optimal performance in production environments was not found on the java.library.path: [C:\Program Files\Java\jdk1.8.0_171\bin;C:\WINDOWS\Sun\Java\bin;C:\WINDOWS\system32;C:\WINDOWS;C:\Program Files\Java\jdk1.8.0_171\bin;C:\Program Files (x86)\Common Files\Oracle\Java\javapath;C:\WINDOWS\system32;C:\WINDOWS;C:\WINDOWS\System32\Wbem;C:\WINDOWS\System32\WindowsPowerShell\v1.0\;C:\Program Files\MySQL\MySQL Utilities 1.6\;C:\WINDOWS\System32\OpenSSH\;C:\Program Files\Git\cmd;C:\Program Files\TortoiseGit\bin;C:\Program Files\nodejs\;C:\Ruby26-x64\bin;C:\Users\apple\AppData\Local\Microsoft\WindowsApps;E:\apache-maven-3.5.4\bin;C:\Users\apple\AppData\Roaming\npm;.]
[sailing][${env:SERVER_PORT}] 2019-09-20 17:28:41,459 INFO [main][DirectJDKLog.java:173] - Initializing Spring embedded WebApplicationContext
[sailing][${env:SERVER_PORT}] 2019-09-20 17:28:41,460 INFO [main][ServletWebServerApplicationContext.java:296] - Root WebApplicationContext: initialization completed in 4076 ms
[sailing][${env:SERVER_PORT}] 2019-09-20 17:28:43,495 INFO [main][EndpointLinksResolver.java:59] - Exposing 2 endpoint(s) beneath base path '/actuator'
[sailing][${env:SERVER_PORT}] 2019-09-20 17:28:43,628 INFO [main][PropertySourcedRequestMappingHandlerMapping.java:69] - Mapped URL path [/v2/api-docs] onto method [public org.springframework.http.ResponseEntity<springfox.documentation.spring.web.json.Json> springfox.documentation.swagger2.web.Swagger2Controller.getDocumentation(java.lang.String,javax.servlet.http.HttpServletRequest)]
[sailing][${env:SERVER_PORT}] 2019-09-20 17:28:43,900 INFO [main][ExecutorConfigurationSupport.java:171] - Initializing ExecutorService 'applicationTaskExecutor'
[sailing][${env:SERVER_PORT}] 2019-09-20 17:28:44,582 INFO [main][DocumentationPluginsBootstrapper.java:160] - Context refreshed
[sailing][${env:SERVER_PORT}] 2019-09-20 17:28:44,648 INFO [main][DocumentationPluginsBootstrapper.java:163] - Found 1 custom documentation plugin(s)
[sailing][${env:SERVER_PORT}] 2019-09-20 17:28:44,756 INFO [main][ApiListingReferenceScanner.java:41] - Scanning for api listing references
[sailing][${env:SERVER_PORT}] 2019-09-20 17:28:45,158 INFO [main][DirectJDKLog.java:173] - Starting ProtocolHandler ["http-nio-56085"]
[sailing][${env:SERVER_PORT}] 2019-09-20 17:28:45,205 INFO [main][TomcatWebServer.java:204] - Tomcat started on port(s): 56085 (http) with context path '/sailing'
[sailing][${env:SERVER_PORT}] 2019-09-20 17:28:45,211 INFO [main][StartupInfoLogger.java:59] - Started SailingBootstrap in 8.842 seconds (JVM running for 10.433)
[sailing][${env:SERVER_PORT}] 2019-09-20 17:32:08,939 INFO [http-nio-56085-exec-1][DirectJDKLog.java:173] - Initializing Spring DispatcherServlet 'dispatcherServlet'
[sailing][${env:SERVER_PORT}] 2019-09-20 17:32:08,941 INFO [http-nio-56085-exec-1][FrameworkServlet.java:524] - Initializing Servlet 'dispatcherServlet'
[sailing][${env:SERVER_PORT}] 2019-09-20 17:32:08,966 INFO [http-nio-56085-exec-1][FrameworkServlet.java:546] - Completed initialization in 23 ms
[sailing][${env:SERVER_PORT}] 2019-09-20 17:32:09,117 INFO [http-nio-56085-exec-1][QCloudSmsService.java:56] - 给手机号15378791922发送验证码：690669
[sailing][${env:SERVER_PORT}] 2019-09-20 17:32:09,388 INFO [http-nio-56085-exec-1][EpollProvider.java:68] - Starting without optional epoll library
[sailing][${env:SERVER_PORT}] 2019-09-20 17:32:09,401 INFO [http-nio-56085-exec-1][KqueueProvider.java:70] - Starting without optional kqueue library
