[wanxinp2p-account-service][${env:SERVER_PORT}] 2021-08-25 13:00:23,284 INFO [hmilyTransaction-hmily-transaction-self-recovery-2][LogUtil.java:87] - self recovery execute delayTime:60
[wanxinp2p-account-service][${env:SERVER_PORT}] 2021-08-25 13:01:23,287 INFO [hmilyTransaction-hmily-transaction-self-recovery-2][LogUtil.java:87] - self recovery execute delayTime:60
[wanxinp2p-account-service][${env:SERVER_PORT}] 2021-08-25 13:02:23,288 INFO [hmilyTransaction-hmily-transaction-self-recovery-2][LogUtil.java:87] - self recovery execute delayTime:60
[wanxinp2p-account-service][${env:SERVER_PORT}] 2021-08-25 13:03:22,116 INFO [AsyncResolver-bootstrap-executor-0][ConfigClusterResolver.java:43] - Resolving eureka endpoints via configuration
[wanxinp2p-account-service][${env:SERVER_PORT}] 2021-08-25 13:03:23,291 INFO [hmilyTransaction-hmily-transaction-self-recovery-2][LogUtil.java:87] - self recovery execute delayTime:60
[wanxinp2p-account-service][${env:SERVER_PORT}] 2021-08-25 13:04:23,292 INFO [hmilyTransaction-hmily-transaction-self-recovery-2][LogUtil.java:87] - self recovery execute delayTime:60
[wanxinp2p-account-service][${env:SERVER_PORT}] 2021-08-25 13:05:23,293 INFO [hmilyTransaction-hmily-transaction-self-recovery-2][LogUtil.java:87] - self recovery execute delayTime:60
[wanxinp2p-account-service][${env:SERVER_PORT}] 2021-08-25 13:06:23,295 INFO [hmilyTransaction-hmily-transaction-self-recovery-2][LogUtil.java:87] - self recovery execute delayTime:60
[wanxinp2p-account-service][${env:SERVER_PORT}] 2021-08-25 13:07:23,296 INFO [hmilyTransaction-hmily-transaction-self-recovery-2][LogUtil.java:87] - self recovery execute delayTime:60
[wanxinp2p-account-service][${env:SERVER_PORT}] 2021-08-25 13:08:22,118 INFO [AsyncResolver-bootstrap-executor-0][ConfigClusterResolver.java:43] - Resolving eureka endpoints via configuration
[wanxinp2p-account-service][${env:SERVER_PORT}] 2021-08-25 13:08:23,298 INFO [hmilyTransaction-hmily-transaction-self-recovery-2][LogUtil.java:87] - self recovery execute delayTime:60
[wanxinp2p-account-service][${env:SERVER_PORT}] 2021-08-25 13:09:23,301 INFO [hmilyTransaction-hmily-transaction-self-recovery-2][LogUtil.java:87] - self recovery execute delayTime:60
[wanxinp2p-account-service][${env:SERVER_PORT}] 2021-08-25 13:10:23,303 INFO [hmilyTransaction-hmily-transaction-self-recovery-2][LogUtil.java:87] - self recovery execute delayTime:60
[wanxinp2p-account-service][${env:SERVER_PORT}] 2021-08-25 13:11:23,306 INFO [hmilyTransaction-hmily-transaction-self-recovery-2][LogUtil.java:87] - self recovery execute delayTime:60
[wanxinp2p-account-service][${env:SERVER_PORT}] 2021-08-25 13:12:23,308 INFO [hmilyTransaction-hmily-transaction-self-recovery-2][LogUtil.java:87] - self recovery execute delayTime:60
[wanxinp2p-account-service][${env:SERVER_PORT}] 2021-08-25 13:13:22,119 INFO [AsyncResolver-bootstrap-executor-0][ConfigClusterResolver.java:43] - Resolving eureka endpoints via configuration
[wanxinp2p-account-service][${env:SERVER_PORT}] 2021-08-25 13:13:23,312 INFO [hmilyTransaction-hmily-transaction-self-recovery-2][LogUtil.java:87] - self recovery execute delayTime:60
[wanxinp2p-account-service][${env:SERVER_PORT}] 2021-08-25 13:14:23,314 INFO [hmilyTransaction-hmily-transaction-self-recovery-2][LogUtil.java:87] - self recovery execute delayTime:60
[wanxinp2p-account-service][${env:SERVER_PORT}] 2021-08-25 13:15:23,316 INFO [hmilyTransaction-hmily-transaction-self-recovery-2][LogUtil.java:87] - self recovery execute delayTime:60
[wanxinp2p-account-service][${env:SERVER_PORT}] 2021-08-25 13:16:23,318 INFO [hmilyTransaction-hmily-transaction-self-recovery-2][LogUtil.java:87] - self recovery execute delayTime:60
[wanxinp2p-account-service][${env:SERVER_PORT}] 2021-08-25 13:17:23,320 INFO [hmilyTransaction-hmily-transaction-self-recovery-2][LogUtil.java:87] - self recovery execute delayTime:60
[wanxinp2p-account-service][${env:SERVER_PORT}] 2021-08-25 13:18:22,120 INFO [AsyncResolver-bootstrap-executor-0][ConfigClusterResolver.java:43] - Resolving eureka endpoints via configuration
[wanxinp2p-account-service][${env:SERVER_PORT}] 2021-08-25 13:18:23,322 INFO [hmilyTransaction-hmily-transaction-self-recovery-2][LogUtil.java:87] - self recovery execute delayTime:60
[wanxinp2p-account-service][${env:SERVER_PORT}] 2021-08-25 13:19:23,323 INFO [hmilyTransaction-hmily-transaction-self-recovery-2][LogUtil.java:87] - self recovery execute delayTime:60
[wanxinp2p-account-service][${env:SERVER_PORT}] 2021-08-25 13:20:23,325 INFO [hmilyTransaction-hmily-transaction-self-recovery-2][LogUtil.java:87] - self recovery execute delayTime:60
[wanxinp2p-account-service][${env:SERVER_PORT}] 2021-08-25 13:21:23,326 INFO [hmilyTransaction-hmily-transaction-self-recovery-2][LogUtil.java:87] - self recovery execute delayTime:60
[wanxinp2p-account-service][${env:SERVER_PORT}] 2021-08-25 13:22:23,327 INFO [hmilyTransaction-hmily-transaction-self-recovery-2][LogUtil.java:87] - self recovery execute delayTime:60
[wanxinp2p-account-service][${env:SERVER_PORT}] 2021-08-25 13:23:22,122 INFO [AsyncResolver-bootstrap-executor-0][ConfigClusterResolver.java:43] - Resolving eureka endpoints via configuration
[wanxinp2p-account-service][${env:SERVER_PORT}] 2021-08-25 13:23:23,329 INFO [hmilyTransaction-hmily-transaction-self-recovery-2][LogUtil.java:87] - self recovery execute delayTime:60
[wanxinp2p-account-service][${env:SERVER_PORT}] 2021-08-25 13:24:23,330 INFO [hmilyTransaction-hmily-transaction-self-recovery-2][LogUtil.java:87] - self recovery execute delayTime:60
[wanxinp2p-account-service][${env:SERVER_PORT}] 2021-08-25 13:25:23,332 INFO [hmilyTransaction-hmily-transaction-self-recovery-2][LogUtil.java:87] - self recovery execute delayTime:60
[wanxinp2p-account-service][${env:SERVER_PORT}] 2021-08-25 13:25:23,341 WARN [hmilyTransaction-hmily-transaction-self-recovery-2][PoolBase.java:176] - HikariPool-1 - Failed to validate connection com.mysql.cj.jdbc.ConnectionImpl@3817775a (No operations allowed after connection closed.). Possibly consider using a shorter maxLifetime value.
[wanxinp2p-account-service][${env:SERVER_PORT}] 2021-08-25 13:25:23,343 WARN [hmilyTransaction-hmily-transaction-self-recovery-2][PoolBase.java:176] - HikariPool-1 - Failed to validate connection com.mysql.cj.jdbc.ConnectionImpl@213a742f (No operations allowed after connection closed.). Possibly consider using a shorter maxLifetime value.
[wanxinp2p-account-service][${env:SERVER_PORT}] 2021-08-25 13:25:23,346 WARN [hmilyTransaction-hmily-transaction-self-recovery-2][PoolBase.java:176] - HikariPool-1 - Failed to validate connection com.mysql.cj.jdbc.ConnectionImpl@716b2d35 (No operations allowed after connection closed.). Possibly consider using a shorter maxLifetime value.
[wanxinp2p-account-service][${env:SERVER_PORT}] 2021-08-25 13:25:23,347 WARN [hmilyTransaction-hmily-transaction-self-recovery-2][PoolBase.java:176] - HikariPool-1 - Failed to validate connection com.mysql.cj.jdbc.ConnectionImpl@72c529e5 (No operations allowed after connection closed.). Possibly consider using a shorter maxLifetime value.
[wanxinp2p-account-service][${env:SERVER_PORT}] 2021-08-25 13:25:23,349 WARN [hmilyTransaction-hmily-transaction-self-recovery-2][PoolBase.java:176] - HikariPool-1 - Failed to validate connection com.mysql.cj.jdbc.ConnectionImpl@2c0d123e (No operations allowed after connection closed.). Possibly consider using a shorter maxLifetime value.
[wanxinp2p-account-service][${env:SERVER_PORT}] 2021-08-25 13:25:23,350 WARN [hmilyTransaction-hmily-transaction-self-recovery-2][PoolBase.java:176] - HikariPool-1 - Failed to validate connection com.mysql.cj.jdbc.ConnectionImpl@5e64909c (No operations allowed after connection closed.). Possibly consider using a shorter maxLifetime value.
[wanxinp2p-account-service][${env:SERVER_PORT}] 2021-08-25 13:25:23,351 WARN [hmilyTransaction-hmily-transaction-self-recovery-2][PoolBase.java:176] - HikariPool-1 - Failed to validate connection com.mysql.cj.jdbc.ConnectionImpl@764e1ce0 (No operations allowed after connection closed.). Possibly consider using a shorter maxLifetime value.
[wanxinp2p-account-service][${env:SERVER_PORT}] 2021-08-25 13:25:23,353 WARN [hmilyTransaction-hmily-transaction-self-recovery-2][PoolBase.java:176] - HikariPool-1 - Failed to validate connection com.mysql.cj.jdbc.ConnectionImpl@2d9f99cd (No operations allowed after connection closed.). Possibly consider using a shorter maxLifetime value.
[wanxinp2p-account-service][${env:SERVER_PORT}] 2021-08-25 13:25:23,354 WARN [hmilyTransaction-hmily-transaction-self-recovery-2][PoolBase.java:176] - HikariPool-1 - Failed to validate connection com.mysql.cj.jdbc.ConnectionImpl@69c7e2a2 (No operations allowed after connection closed.). Possibly consider using a shorter maxLifetime value.
[wanxinp2p-account-service][${env:SERVER_PORT}] 2021-08-25 13:25:23,356 WARN [hmilyTransaction-hmily-transaction-self-recovery-2][PoolBase.java:176] - HikariPool-1 - Failed to validate connection com.mysql.cj.jdbc.ConnectionImpl@135d6f76 (No operations allowed after connection closed.). Possibly consider using a shorter maxLifetime value.
[wanxinp2p-account-service][${env:SERVER_PORT}] 2021-08-25 13:26:23,360 INFO [hmilyTransaction-hmily-transaction-self-recovery-2][LogUtil.java:87] - self recovery execute delayTime:60
[wanxinp2p-account-service][${env:SERVER_PORT}] 2021-08-25 13:27:23,363 INFO [hmilyTransaction-hmily-transaction-self-recovery-2][LogUtil.java:87] - self recovery execute delayTime:60
[wanxinp2p-account-service][${env:SERVER_PORT}] 2021-08-25 13:28:17,606 INFO [Thread-41][HmilyInitServiceImpl.java:66] - hmily shutdown now
[wanxinp2p-account-service][${env:SERVER_PORT}] 2021-08-25 13:28:17,614 INFO [Thread-62][EurekaServiceRegistry.java:65] - Unregistering application ACCOUNT-SERVICE with eureka with status DOWN
[wanxinp2p-account-service][${env:SERVER_PORT}] 2021-08-25 13:28:17,614 WARN [Thread-62][DiscoveryClient.java:1303] - Saw local status change event StatusChangeEvent [timestamp=1629869297614, current=DOWN, previous=UP]
[wanxinp2p-account-service][${env:SERVER_PORT}] 2021-08-25 13:28:17,615 INFO [DiscoveryClient-InstanceInfoReplicator-0][DiscoveryClient.java:826] - DiscoveryClient_ACCOUNT-SERVICE/account-service:192.168.137.1:53030: registering service...
[wanxinp2p-account-service][${env:SERVER_PORT}] 2021-08-25 13:28:17,623 ERROR [DiscoveryClient-InstanceInfoReplicator-0][RedirectingEurekaHttpClient.java:91] - Request execution error. endpoint=DefaultEndpoint{ serviceUrl='http://localhost:53000/eureka/}
com.sun.jersey.api.client.ClientHandlerException: org.apache.http.NoHttpResponseException: localhost:53000 failed to respond
	at com.sun.jersey.client.apache4.ApacheHttpClient4Handler.handle(ApacheHttpClient4Handler.java:187)
	at com.sun.jersey.api.client.filter.GZIPContentEncodingFilter.handle(GZIPContentEncodingFilter.java:123)
	at com.netflix.discovery.EurekaIdentityHeaderFilter.handle(EurekaIdentityHeaderFilter.java:27)
	at com.sun.jersey.api.client.Client.handle(Client.java:652)
	at com.sun.jersey.api.client.WebResource.handle(WebResource.java:682)
	at com.sun.jersey.api.client.WebResource.access$200(WebResource.java:74)
	at com.sun.jersey.api.client.WebResource$Builder.post(WebResource.java:570)
	at com.netflix.discovery.shared.transport.jersey.AbstractJerseyEurekaHttpClient.register(AbstractJerseyEurekaHttpClient.java:56)
	at com.netflix.discovery.shared.transport.decorator.EurekaHttpClientDecorator$1.execute(EurekaHttpClientDecorator.java:59)
	at com.netflix.discovery.shared.transport.decorator.MetricsCollectingEurekaHttpClient.execute(MetricsCollectingEurekaHttpClient.java:73)
	at com.netflix.discovery.shared.transport.decorator.EurekaHttpClientDecorator.register(EurekaHttpClientDecorator.java:56)
	at com.netflix.discovery.shared.transport.decorator.EurekaHttpClientDecorator$1.execute(EurekaHttpClientDecorator.java:59)
	at com.netflix.discovery.shared.transport.decorator.RedirectingEurekaHttpClient.execute(RedirectingEurekaHttpClient.java:89)
	at com.netflix.discovery.shared.transport.decorator.EurekaHttpClientDecorator.register(EurekaHttpClientDecorator.java:56)
	at com.netflix.discovery.shared.transport.decorator.EurekaHttpClientDecorator$1.execute(EurekaHttpClientDecorator.java:59)
	at com.netflix.discovery.shared.transport.decorator.RetryableEurekaHttpClient.execute(RetryableEurekaHttpClient.java:120)
	at com.netflix.discovery.shared.transport.decorator.EurekaHttpClientDecorator.register(EurekaHttpClientDecorator.java:56)
	at com.netflix.discovery.shared.transport.decorator.EurekaHttpClientDecorator$1.execute(EurekaHttpClientDecorator.java:59)
	at com.netflix.discovery.shared.transport.decorator.SessionedEurekaHttpClient.execute(SessionedEurekaHttpClient.java:77)
	at com.netflix.discovery.shared.transport.decorator.EurekaHttpClientDecorator.register(EurekaHttpClientDecorator.java:56)
	at com.netflix.discovery.DiscoveryClient.register(DiscoveryClient.java:829)
	at com.netflix.discovery.InstanceInfoReplicator.run(InstanceInfoReplicator.java:121)
	at com.netflix.discovery.InstanceInfoReplicator$1.run(InstanceInfoReplicator.java:101)
	at java.util.concurrent.Executors$RunnableAdapter.call(Executors.java:511)
	at java.util.concurrent.FutureTask.run$$$capture(FutureTask.java:266)
	at java.util.concurrent.FutureTask.run(FutureTask.java)
	at java.util.concurrent.ScheduledThreadPoolExecutor$ScheduledFutureTask.access$201(ScheduledThreadPoolExecutor.java:180)
	at java.util.concurrent.ScheduledThreadPoolExecutor$ScheduledFutureTask.run(ScheduledThreadPoolExecutor.java:293)
	at java.util.concurrent.ThreadPoolExecutor.runWorker(ThreadPoolExecutor.java:1142)
	at java.util.concurrent.ThreadPoolExecutor$Worker.run(ThreadPoolExecutor.java:617)
	at java.lang.Thread.run(Thread.java:745)
Caused by: org.apache.http.NoHttpResponseException: localhost:53000 failed to respond
	at org.apache.http.impl.conn.DefaultHttpResponseParser.parseHead(DefaultHttpResponseParser.java:141)
	at org.apache.http.impl.conn.DefaultHttpResponseParser.parseHead(DefaultHttpResponseParser.java:56)
	at org.apache.http.impl.io.AbstractMessageParser.parse(AbstractMessageParser.java:259)
	at org.apache.http.impl.AbstractHttpClientConnection.receiveResponseHeader(AbstractHttpClientConnection.java:294)
	at org.apache.http.impl.conn.DefaultClientConnection.receiveResponseHeader(DefaultClientConnection.java:257)
	at org.apache.http.impl.conn.AbstractClientConnAdapter.receiveResponseHeader(AbstractClientConnAdapter.java:230)
	at org.apache.http.protocol.HttpRequestExecutor.doReceiveResponse(HttpRequestExecutor.java:273)
	at org.apache.http.protocol.HttpRequestExecutor.execute(HttpRequestExecutor.java:125)
	at org.apache.http.impl.client.DefaultRequestDirector.tryExecute(DefaultRequestDirector.java:679)
	at org.apache.http.impl.client.DefaultRequestDirector.execute(DefaultRequestDirector.java:481)
	at org.apache.http.impl.client.AbstractHttpClient.doExecute(AbstractHttpClient.java:835)
	at org.apache.http.impl.client.CloseableHttpClient.execute(CloseableHttpClient.java:118)
	at org.apache.http.impl.client.CloseableHttpClient.execute(CloseableHttpClient.java:56)
	at com.sun.jersey.client.apache4.ApacheHttpClient4Handler.handle(ApacheHttpClient4Handler.java:173)
	... 30 more
[wanxinp2p-account-service][${env:SERVER_PORT}] 2021-08-25 13:28:17,635 WARN [DiscoveryClient-InstanceInfoReplicator-0][RetryableEurekaHttpClient.java:130] - Request execution failed with message: org.apache.http.NoHttpResponseException: localhost:53000 failed to respond
[wanxinp2p-account-service][${env:SERVER_PORT}] 2021-08-25 13:28:17,645 INFO [Thread-62][ExecutorConfigurationSupport.java:208] - Shutting down ExecutorService 'applicationTaskExecutor'
[wanxinp2p-account-service][${env:SERVER_PORT}] 2021-08-25 13:28:18,829 INFO [Thread-62][DruidDataSource.java:1885] - {dataSource-1} closing ...
[wanxinp2p-account-service][${env:SERVER_PORT}] 2021-08-25 13:28:18,841 INFO [Thread-62][DruidDataSource.java:1955] - {dataSource-1} closed
[wanxinp2p-account-service][${env:SERVER_PORT}] 2021-08-25 13:28:18,861 INFO [NettyClientSelector_1][Slf4jLoggerFactory.java:95] - closeChannel: close the connection to remote address[192.168.85.131:10911] result: true
[wanxinp2p-account-service][${env:SERVER_PORT}] 2021-08-25 13:28:18,865 INFO [NettyClientSelector_1][Slf4jLoggerFactory.java:95] - closeChannel: close the connection to remote address[192.168.85.131:9876] result: true
[wanxinp2p-account-service][${env:SERVER_PORT}] 2021-08-25 13:28:18,879 INFO [NettyClientSelector_1][Slf4jLoggerFactory.java:95] - closeChannel: close the connection to remote address[192.168.85.131:10911] result: true
[wanxinp2p-account-service][${env:SERVER_PORT}] 2021-08-25 13:28:18,878 INFO [Thread-62][DisposableBeanAdapter.java:265] - Invocation of destroy method failed on bean with name 'rocketMQTemplate': java.lang.IllegalStateException: Shutdown in progress
[wanxinp2p-account-service][${env:SERVER_PORT}] 2021-08-25 13:28:18,880 INFO [Thread-62][DisposableBeanAdapter.java:347] - Destroy method 'shutdown' on bean with name 'defaultMQProducer' threw an exception: java.lang.IllegalStateException: Shutdown in progress
[wanxinp2p-account-service][${env:SERVER_PORT}] 2021-08-25 13:28:18,881 INFO [Thread-62][DiscoveryClient.java:888] - Shutting down DiscoveryClient ...
[wanxinp2p-account-service][${env:SERVER_PORT}] 2021-08-25 13:28:18,979 INFO [NettyClientSelector_1][Slf4jLoggerFactory.java:95] - closeChannel: close the connection to remote address[192.168.85.131:9876] result: true
[wanxinp2p-account-service][${env:SERVER_PORT}] 2021-08-25 13:28:21,751 ERROR [DiscoveryClient-InstanceInfoReplicator-0][RedirectingEurekaHttpClient.java:83] - Request execution error. endpoint=DefaultEndpoint{ serviceUrl='http://localhost:53000/eureka/}
com.sun.jersey.api.client.ClientHandlerException: java.net.ConnectException: Connection refused: connect
	at com.sun.jersey.client.apache4.ApacheHttpClient4Handler.handle(ApacheHttpClient4Handler.java:187)
	at com.sun.jersey.api.client.filter.GZIPContentEncodingFilter.handle(GZIPContentEncodingFilter.java:123)
	at com.netflix.discovery.EurekaIdentityHeaderFilter.handle(EurekaIdentityHeaderFilter.java:27)
	at com.sun.jersey.api.client.Client.handle(Client.java:652)
	at com.sun.jersey.api.client.WebResource.handle(WebResource.java:682)
	at com.sun.jersey.api.client.WebResource.access$200(WebResource.java:74)
	at com.sun.jersey.api.client.WebResource$Builder.post(WebResource.java:570)
	at com.netflix.discovery.shared.transport.jersey.AbstractJerseyEurekaHttpClient.register(AbstractJerseyEurekaHttpClient.java:56)
	at com.netflix.discovery.shared.transport.decorator.EurekaHttpClientDecorator$1.execute(EurekaHttpClientDecorator.java:59)
	at com.netflix.discovery.shared.transport.decorator.MetricsCollectingEurekaHttpClient.execute(MetricsCollectingEurekaHttpClient.java:73)
	at com.netflix.discovery.shared.transport.decorator.EurekaHttpClientDecorator.register(EurekaHttpClientDecorator.java:56)
	at com.netflix.discovery.shared.transport.decorator.EurekaHttpClientDecorator$1.execute(EurekaHttpClientDecorator.java:59)
	at com.netflix.discovery.shared.transport.decorator.RedirectingEurekaHttpClient.executeOnNewServer(RedirectingEurekaHttpClient.java:118)
	at com.netflix.discovery.shared.transport.decorator.RedirectingEurekaHttpClient.execute(RedirectingEurekaHttpClient.java:79)
	at com.netflix.discovery.shared.transport.decorator.EurekaHttpClientDecorator.register(EurekaHttpClientDecorator.java:56)
	at com.netflix.discovery.shared.transport.decorator.EurekaHttpClientDecorator$1.execute(EurekaHttpClientDecorator.java:59)
	at com.netflix.discovery.shared.transport.decorator.RetryableEurekaHttpClient.execute(RetryableEurekaHttpClient.java:120)
	at com.netflix.discovery.shared.transport.decorator.EurekaHttpClientDecorator.register(EurekaHttpClientDecorator.java:56)
	at com.netflix.discovery.shared.transport.decorator.EurekaHttpClientDecorator$1.execute(EurekaHttpClientDecorator.java:59)
	at com.netflix.discovery.shared.transport.decorator.SessionedEurekaHttpClient.execute(SessionedEurekaHttpClient.java:77)
	at com.netflix.discovery.shared.transport.decorator.EurekaHttpClientDecorator.register(EurekaHttpClientDecorator.java:56)
	at com.netflix.discovery.DiscoveryClient.register(DiscoveryClient.java:829)
	at com.netflix.discovery.InstanceInfoReplicator.run(InstanceInfoReplicator.java:121)
	at com.netflix.discovery.InstanceInfoReplicator$1.run(InstanceInfoReplicator.java:101)
	at java.util.concurrent.Executors$RunnableAdapter.call(Executors.java:511)
	at java.util.concurrent.FutureTask.run$$$capture(FutureTask.java:266)
	at java.util.concurrent.FutureTask.run(FutureTask.java)
	at java.util.concurrent.ScheduledThreadPoolExecutor$ScheduledFutureTask.access$201(ScheduledThreadPoolExecutor.java:180)
	at java.util.concurrent.ScheduledThreadPoolExecutor$ScheduledFutureTask.run(ScheduledThreadPoolExecutor.java:293)
	at java.util.concurrent.ThreadPoolExecutor.runWorker(ThreadPoolExecutor.java:1142)
	at java.util.concurrent.ThreadPoolExecutor$Worker.run(ThreadPoolExecutor.java:617)
	at java.lang.Thread.run(Thread.java:745)
Caused by: java.net.ConnectException: Connection refused: connect
	at java.net.DualStackPlainSocketImpl.waitForConnect(Native Method)
	at java.net.DualStackPlainSocketImpl.socketConnect(DualStackPlainSocketImpl.java:85)
	at java.net.AbstractPlainSocketImpl.doConnect(AbstractPlainSocketImpl.java:345)
	at java.net.AbstractPlainSocketImpl.connectToAddress(AbstractPlainSocketImpl.java:206)
	at java.net.AbstractPlainSocketImpl.connect(AbstractPlainSocketImpl.java:188)
	at java.net.PlainSocketImpl.connect(PlainSocketImpl.java:172)
	at java.net.SocksSocketImpl.connect(SocksSocketImpl.java:392)
	at java.net.Socket.connect(Socket.java:589)
	at org.apache.http.conn.scheme.PlainSocketFactory.connectSocket(PlainSocketFactory.java:121)
	at org.apache.http.impl.conn.DefaultClientConnectionOperator.openConnection(DefaultClientConnectionOperator.java:180)
	at org.apache.http.impl.conn.AbstractPoolEntry.open(AbstractPoolEntry.java:144)
	at org.apache.http.impl.conn.AbstractPooledConnAdapter.open(AbstractPooledConnAdapter.java:134)
	at org.apache.http.impl.client.DefaultRequestDirector.tryConnect(DefaultRequestDirector.java:605)
	at org.apache.http.impl.client.DefaultRequestDirector.execute(DefaultRequestDirector.java:440)
	at org.apache.http.impl.client.AbstractHttpClient.doExecute(AbstractHttpClient.java:835)
	at org.apache.http.impl.client.CloseableHttpClient.execute(CloseableHttpClient.java:118)
	at org.apache.http.impl.client.CloseableHttpClient.execute(CloseableHttpClient.java:56)
	at com.sun.jersey.client.apache4.ApacheHttpClient4Handler.handle(ApacheHttpClient4Handler.java:173)
	... 31 more
[wanxinp2p-account-service][${env:SERVER_PORT}] 2021-08-25 13:28:21,752 WARN [DiscoveryClient-InstanceInfoReplicator-0][RetryableEurekaHttpClient.java:130] - Request execution failed with message: java.net.ConnectException: Connection refused: connect
[wanxinp2p-account-service][${env:SERVER_PORT}] 2021-08-25 13:28:21,754 WARN [DiscoveryClient-InstanceInfoReplicator-0][DiscoveryClient.java:831] - DiscoveryClient_ACCOUNT-SERVICE/account-service:192.168.137.1:53030 - registration failed Cannot execute request on any known server
com.netflix.discovery.shared.transport.TransportException: Cannot execute request on any known server
	at com.netflix.discovery.shared.transport.decorator.RetryableEurekaHttpClient.execute(RetryableEurekaHttpClient.java:112)
	at com.netflix.discovery.shared.transport.decorator.EurekaHttpClientDecorator.register(EurekaHttpClientDecorator.java:56)
	at com.netflix.discovery.shared.transport.decorator.EurekaHttpClientDecorator$1.execute(EurekaHttpClientDecorator.java:59)
	at com.netflix.discovery.shared.transport.decorator.SessionedEurekaHttpClient.execute(SessionedEurekaHttpClient.java:77)
	at com.netflix.discovery.shared.transport.decorator.EurekaHttpClientDecorator.register(EurekaHttpClientDecorator.java:56)
	at com.netflix.discovery.DiscoveryClient.register(DiscoveryClient.java:829)
	at com.netflix.discovery.InstanceInfoReplicator.run(InstanceInfoReplicator.java:121)
	at com.netflix.discovery.InstanceInfoReplicator$1.run(InstanceInfoReplicator.java:101)
	at java.util.concurrent.Executors$RunnableAdapter.call(Executors.java:511)
	at java.util.concurrent.FutureTask.run$$$capture(FutureTask.java:266)
	at java.util.concurrent.FutureTask.run(FutureTask.java)
	at java.util.concurrent.ScheduledThreadPoolExecutor$ScheduledFutureTask.access$201(ScheduledThreadPoolExecutor.java:180)
	at java.util.concurrent.ScheduledThreadPoolExecutor$ScheduledFutureTask.run(ScheduledThreadPoolExecutor.java:293)
	at java.util.concurrent.ThreadPoolExecutor.runWorker(ThreadPoolExecutor.java:1142)
	at java.util.concurrent.ThreadPoolExecutor$Worker.run(ThreadPoolExecutor.java:617)
	at java.lang.Thread.run(Thread.java:745)
[wanxinp2p-account-service][${env:SERVER_PORT}] 2021-08-25 13:28:21,754 WARN [DiscoveryClient-InstanceInfoReplicator-0][InstanceInfoReplicator.java:125] - There was a problem with the instance info replicator
com.netflix.discovery.shared.transport.TransportException: Cannot execute request on any known server
	at com.netflix.discovery.shared.transport.decorator.RetryableEurekaHttpClient.execute(RetryableEurekaHttpClient.java:112)
	at com.netflix.discovery.shared.transport.decorator.EurekaHttpClientDecorator.register(EurekaHttpClientDecorator.java:56)
	at com.netflix.discovery.shared.transport.decorator.EurekaHttpClientDecorator$1.execute(EurekaHttpClientDecorator.java:59)
	at com.netflix.discovery.shared.transport.decorator.SessionedEurekaHttpClient.execute(SessionedEurekaHttpClient.java:77)
	at com.netflix.discovery.shared.transport.decorator.EurekaHttpClientDecorator.register(EurekaHttpClientDecorator.java:56)
	at com.netflix.discovery.DiscoveryClient.register(DiscoveryClient.java:829)
	at com.netflix.discovery.InstanceInfoReplicator.run(InstanceInfoReplicator.java:121)
	at com.netflix.discovery.InstanceInfoReplicator$1.run(InstanceInfoReplicator.java:101)
	at java.util.concurrent.Executors$RunnableAdapter.call(Executors.java:511)
	at java.util.concurrent.FutureTask.run$$$capture(FutureTask.java:266)
	at java.util.concurrent.FutureTask.run(FutureTask.java)
	at java.util.concurrent.ScheduledThreadPoolExecutor$ScheduledFutureTask.access$201(ScheduledThreadPoolExecutor.java:180)
	at java.util.concurrent.ScheduledThreadPoolExecutor$ScheduledFutureTask.run(ScheduledThreadPoolExecutor.java:293)
	at java.util.concurrent.ThreadPoolExecutor.runWorker(ThreadPoolExecutor.java:1142)
	at java.util.concurrent.ThreadPoolExecutor$Worker.run(ThreadPoolExecutor.java:617)
	at java.lang.Thread.run(Thread.java:745)
[wanxinp2p-account-service][${env:SERVER_PORT}] 2021-08-25 13:28:21,756 INFO [Thread-62][DiscoveryClient.java:922] - Unregistering ...
[wanxinp2p-account-service][${env:SERVER_PORT}] 2021-08-25 13:28:22,127 INFO [AsyncResolver-bootstrap-executor-0][ConfigClusterResolver.java:43] - Resolving eureka endpoints via configuration
[wanxinp2p-account-service][${env:SERVER_PORT}] 2021-08-25 13:28:23,365 INFO [hmilyTransaction-hmily-transaction-self-recovery-2][LogUtil.java:87] - self recovery execute delayTime:60
[wanxinp2p-account-service][${env:SERVER_PORT}] 2021-08-25 13:28:26,012 ERROR [Thread-62][RedirectingEurekaHttpClient.java:83] - Request execution error. endpoint=DefaultEndpoint{ serviceUrl='http://localhost:53000/eureka/}
com.sun.jersey.api.client.ClientHandlerException: java.net.ConnectException: Connection refused: connect
	at com.sun.jersey.client.apache4.ApacheHttpClient4Handler.handle(ApacheHttpClient4Handler.java:187)
	at com.sun.jersey.api.client.filter.GZIPContentEncodingFilter.handle(GZIPContentEncodingFilter.java:123)
	at com.netflix.discovery.EurekaIdentityHeaderFilter.handle(EurekaIdentityHeaderFilter.java:27)
	at com.sun.jersey.api.client.Client.handle(Client.java:652)
	at com.sun.jersey.api.client.WebResource.handle(WebResource.java:682)
	at com.sun.jersey.api.client.WebResource.access$200(WebResource.java:74)
	at com.sun.jersey.api.client.WebResource$Builder.delete(WebResource.java:591)
	at com.netflix.discovery.shared.transport.jersey.AbstractJerseyEurekaHttpClient.cancel(AbstractJerseyEurekaHttpClient.java:76)
	at com.netflix.discovery.shared.transport.decorator.EurekaHttpClientDecorator$2.execute(EurekaHttpClientDecorator.java:74)
	at com.netflix.discovery.shared.transport.decorator.MetricsCollectingEurekaHttpClient.execute(MetricsCollectingEurekaHttpClient.java:73)
	at com.netflix.discovery.shared.transport.decorator.EurekaHttpClientDecorator.cancel(EurekaHttpClientDecorator.java:71)
	at com.netflix.discovery.shared.transport.decorator.EurekaHttpClientDecorator$2.execute(EurekaHttpClientDecorator.java:74)
	at com.netflix.discovery.shared.transport.decorator.RedirectingEurekaHttpClient.executeOnNewServer(RedirectingEurekaHttpClient.java:118)
	at com.netflix.discovery.shared.transport.decorator.RedirectingEurekaHttpClient.execute(RedirectingEurekaHttpClient.java:79)
	at com.netflix.discovery.shared.transport.decorator.EurekaHttpClientDecorator.cancel(EurekaHttpClientDecorator.java:71)
	at com.netflix.discovery.shared.transport.decorator.EurekaHttpClientDecorator$2.execute(EurekaHttpClientDecorator.java:74)
	at com.netflix.discovery.shared.transport.decorator.RetryableEurekaHttpClient.execute(RetryableEurekaHttpClient.java:120)
	at com.netflix.discovery.shared.transport.decorator.EurekaHttpClientDecorator.cancel(EurekaHttpClientDecorator.java:71)
	at com.netflix.discovery.shared.transport.decorator.EurekaHttpClientDecorator$2.execute(EurekaHttpClientDecorator.java:74)
	at com.netflix.discovery.shared.transport.decorator.SessionedEurekaHttpClient.execute(SessionedEurekaHttpClient.java:77)
	at com.netflix.discovery.shared.transport.decorator.EurekaHttpClientDecorator.cancel(EurekaHttpClientDecorator.java:71)
	at com.netflix.discovery.DiscoveryClient.unregister(DiscoveryClient.java:923)
	at com.netflix.discovery.DiscoveryClient.shutdown(DiscoveryClient.java:901)
	at sun.reflect.NativeMethodAccessorImpl.invoke0(Native Method)
	at sun.reflect.NativeMethodAccessorImpl.invoke(NativeMethodAccessorImpl.java:62)
	at sun.reflect.DelegatingMethodAccessorImpl.invoke(DelegatingMethodAccessorImpl.java:43)
	at java.lang.reflect.Method.invoke(Method.java:497)
	at org.springframework.beans.factory.annotation.InitDestroyAnnotationBeanPostProcessor$LifecycleElement.invoke(InitDestroyAnnotationBeanPostProcessor.java:363)
	at org.springframework.beans.factory.annotation.InitDestroyAnnotationBeanPostProcessor$LifecycleMetadata.invokeDestroyMethods(InitDestroyAnnotationBeanPostProcessor.java:321)
	at org.springframework.beans.factory.annotation.InitDestroyAnnotationBeanPostProcessor.postProcessBeforeDestruction(InitDestroyAnnotationBeanPostProcessor.java:156)
	at org.springframework.beans.factory.support.DisposableBeanAdapter.destroy(DisposableBeanAdapter.java:240)
	at org.springframework.beans.factory.support.DisposableBeanAdapter.run(DisposableBeanAdapter.java:233)
	at org.springframework.cloud.context.scope.GenericScope$BeanLifecycleWrapper.destroy(GenericScope.java:404)
	at org.springframework.cloud.context.scope.GenericScope.destroy(GenericScope.java:139)
	at org.springframework.beans.factory.support.DisposableBeanAdapter.destroy(DisposableBeanAdapter.java:256)
	at org.springframework.beans.factory.support.DefaultSingletonBeanRegistry.destroyBean(DefaultSingletonBeanRegistry.java:571)
	at org.springframework.beans.factory.support.DefaultSingletonBeanRegistry.destroySingleton(DefaultSingletonBeanRegistry.java:543)
	at org.springframework.beans.factory.support.DefaultListableBeanFactory.destroySingleton(DefaultListableBeanFactory.java:1055)
	at org.springframework.beans.factory.support.DefaultSingletonBeanRegistry.destroySingletons(DefaultSingletonBeanRegistry.java:504)
	at org.springframework.beans.factory.support.DefaultListableBeanFactory.destroySingletons(DefaultListableBeanFactory.java:1062)
	at org.springframework.context.support.AbstractApplicationContext.destroyBeans(AbstractApplicationContext.java:1057)
	at org.springframework.context.support.AbstractApplicationContext.doClose(AbstractApplicationContext.java:1026)
	at org.springframework.context.support.AbstractApplicationContext$1.run(AbstractApplicationContext.java:945)
Caused by: java.net.ConnectException: Connection refused: connect
	at java.net.DualStackPlainSocketImpl.waitForConnect(Native Method)
	at java.net.DualStackPlainSocketImpl.socketConnect(DualStackPlainSocketImpl.java:85)
	at java.net.AbstractPlainSocketImpl.doConnect(AbstractPlainSocketImpl.java:345)
	at java.net.AbstractPlainSocketImpl.connectToAddress(AbstractPlainSocketImpl.java:206)
	at java.net.AbstractPlainSocketImpl.connect(AbstractPlainSocketImpl.java:188)
	at java.net.PlainSocketImpl.connect(PlainSocketImpl.java:172)
	at java.net.SocksSocketImpl.connect(SocksSocketImpl.java:392)
	at java.net.Socket.connect(Socket.java:589)
	at org.apache.http.conn.scheme.PlainSocketFactory.connectSocket(PlainSocketFactory.java:121)
	at org.apache.http.impl.conn.DefaultClientConnectionOperator.openConnection(DefaultClientConnectionOperator.java:180)
	at org.apache.http.impl.conn.AbstractPoolEntry.open(AbstractPoolEntry.java:144)
	at org.apache.http.impl.conn.AbstractPooledConnAdapter.open(AbstractPooledConnAdapter.java:134)
	at org.apache.http.impl.client.DefaultRequestDirector.tryConnect(DefaultRequestDirector.java:605)
	at org.apache.http.impl.client.DefaultRequestDirector.execute(DefaultRequestDirector.java:440)
	at org.apache.http.impl.client.AbstractHttpClient.doExecute(AbstractHttpClient.java:835)
	at org.apache.http.impl.client.CloseableHttpClient.execute(CloseableHttpClient.java:118)
	at org.apache.http.impl.client.CloseableHttpClient.execute(CloseableHttpClient.java:56)
	at com.sun.jersey.client.apache4.ApacheHttpClient4Handler.handle(ApacheHttpClient4Handler.java:173)
	... 42 more
[wanxinp2p-account-service][${env:SERVER_PORT}] 2021-08-25 13:28:26,015 WARN [Thread-62][RetryableEurekaHttpClient.java:130] - Request execution failed with message: java.net.ConnectException: Connection refused: connect
[wanxinp2p-account-service][${env:SERVER_PORT}] 2021-08-25 13:28:26,015 ERROR [Thread-62][DiscoveryClient.java:926] - DiscoveryClient_ACCOUNT-SERVICE/account-service:192.168.137.1:53030 - de-registration failedCannot execute request on any known server
com.netflix.discovery.shared.transport.TransportException: Cannot execute request on any known server
	at com.netflix.discovery.shared.transport.decorator.RetryableEurekaHttpClient.execute(RetryableEurekaHttpClient.java:112)
	at com.netflix.discovery.shared.transport.decorator.EurekaHttpClientDecorator.cancel(EurekaHttpClientDecorator.java:71)
	at com.netflix.discovery.shared.transport.decorator.EurekaHttpClientDecorator$2.execute(EurekaHttpClientDecorator.java:74)
	at com.netflix.discovery.shared.transport.decorator.SessionedEurekaHttpClient.execute(SessionedEurekaHttpClient.java:77)
	at com.netflix.discovery.shared.transport.decorator.EurekaHttpClientDecorator.cancel(EurekaHttpClientDecorator.java:71)
	at com.netflix.discovery.DiscoveryClient.unregister(DiscoveryClient.java:923)
	at com.netflix.discovery.DiscoveryClient.shutdown(DiscoveryClient.java:901)
	at sun.reflect.NativeMethodAccessorImpl.invoke0(Native Method)
	at sun.reflect.NativeMethodAccessorImpl.invoke(NativeMethodAccessorImpl.java:62)
	at sun.reflect.DelegatingMethodAccessorImpl.invoke(DelegatingMethodAccessorImpl.java:43)
	at java.lang.reflect.Method.invoke(Method.java:497)
	at org.springframework.beans.factory.annotation.InitDestroyAnnotationBeanPostProcessor$LifecycleElement.invoke(InitDestroyAnnotationBeanPostProcessor.java:363)
	at org.springframework.beans.factory.annotation.InitDestroyAnnotationBeanPostProcessor$LifecycleMetadata.invokeDestroyMethods(InitDestroyAnnotationBeanPostProcessor.java:321)
	at org.springframework.beans.factory.annotation.InitDestroyAnnotationBeanPostProcessor.postProcessBeforeDestruction(InitDestroyAnnotationBeanPostProcessor.java:156)
	at org.springframework.beans.factory.support.DisposableBeanAdapter.destroy(DisposableBeanAdapter.java:240)
	at org.springframework.beans.factory.support.DisposableBeanAdapter.run(DisposableBeanAdapter.java:233)
	at org.springframework.cloud.context.scope.GenericScope$BeanLifecycleWrapper.destroy(GenericScope.java:404)
	at org.springframework.cloud.context.scope.GenericScope.destroy(GenericScope.java:139)
	at org.springframework.beans.factory.support.DisposableBeanAdapter.destroy(DisposableBeanAdapter.java:256)
	at org.springframework.beans.factory.support.DefaultSingletonBeanRegistry.destroyBean(DefaultSingletonBeanRegistry.java:571)
	at org.springframework.beans.factory.support.DefaultSingletonBeanRegistry.destroySingleton(DefaultSingletonBeanRegistry.java:543)
	at org.springframework.beans.factory.support.DefaultListableBeanFactory.destroySingleton(DefaultListableBeanFactory.java:1055)
	at org.springframework.beans.factory.support.DefaultSingletonBeanRegistry.destroySingletons(DefaultSingletonBeanRegistry.java:504)
	at org.springframework.beans.factory.support.DefaultListableBeanFactory.destroySingletons(DefaultListableBeanFactory.java:1062)
	at org.springframework.context.support.AbstractApplicationContext.destroyBeans(AbstractApplicationContext.java:1057)
	at org.springframework.context.support.AbstractApplicationContext.doClose(AbstractApplicationContext.java:1026)
	at org.springframework.context.support.AbstractApplicationContext$1.run(AbstractApplicationContext.java:945)
[wanxinp2p-account-service][${env:SERVER_PORT}] 2021-08-25 13:28:26,035 INFO [Thread-62][DiscoveryClient.java:911] - Completed shut down of DiscoveryClient
[wanxinp2p-account-service][${env:SERVER_PORT}] 2021-08-25 13:29:03,986 INFO [main][DefaultApplicationProvider.java:85] - App ID is set to account-service by app.id property from System Property
[wanxinp2p-account-service][${env:SERVER_PORT}] 2021-08-25 13:29:03,995 INFO [main][DefaultServerProvider.java:108] - Environment is set to [dev] by JVM system property 'env'.
[wanxinp2p-account-service][${env:SERVER_PORT}] 2021-08-25 13:29:04,072 WARN [main][DefaultMetaServerProvider.java:39] - Could not find meta server address, because it is not available in neither (1) JVM system property 'apollo.meta', (2) OS env variable 'APOLLO_META' (3) property 'apollo.meta' from server.properties nor (4) property 'apollo.meta' from app.properties
[wanxinp2p-account-service][${env:SERVER_PORT}] 2021-08-25 13:29:04,079 INFO [main][MetaDomainConsts.java:93] - Located meta server address http://192.168.85.131:8080 for env DEV from com.ctrip.framework.apollo.core.internals.LegacyMetaServerProvider
[wanxinp2p-account-service][${env:SERVER_PORT}] 2021-08-25 13:29:07,710 INFO [main][SpringApplication.java:675] - No active profile set, falling back to default profiles: default
[wanxinp2p-account-service][${env:SERVER_PORT}] 2021-08-25 13:29:10,374 INFO [main][RepositoryConfigurationDelegate.java:244] - Multiple Spring Data modules found, entering strict repository configuration mode!
[wanxinp2p-account-service][${env:SERVER_PORT}] 2021-08-25 13:29:10,383 INFO [main][RepositoryConfigurationDelegate.java:126] - Bootstrapping Spring Data repositories in DEFAULT mode.
[wanxinp2p-account-service][${env:SERVER_PORT}] 2021-08-25 13:29:10,452 INFO [main][RepositoryConfigurationDelegate.java:182] - Finished Spring Data repository scanning in 37ms. Found 0 repository interfaces.
[wanxinp2p-account-service][${env:SERVER_PORT}] 2021-08-25 13:29:10,792 WARN [main][EndpointId.java:135] - Endpoint ID 'service-registry' contains invalid characters, please migrate to a valid format.
[wanxinp2p-account-service][${env:SERVER_PORT}] 2021-08-25 13:29:11,037 INFO [main][ConfigurationClassPostProcessor.java:380] - Cannot enhance @Configuration bean definition 'com.ctrip.framework.apollo.spring.boot.ApolloAutoConfiguration' since its singleton instance has been created too early. The typical cause is a non-static @Bean method with a BeanDefinitionRegistryPostProcessor return type: Consider declaring such methods as 'static'.
[wanxinp2p-account-service][${env:SERVER_PORT}] 2021-08-25 13:29:11,574 INFO [main][GenericScope.java:294] - BeanFactory id=e3a36265-7489-38a4-9236-684be88e36ff
[wanxinp2p-account-service][${env:SERVER_PORT}] 2021-08-25 13:29:11,638 WARN [main][PropertySourcesDeducer.java:75] - Multiple PropertySourcesPlaceholderConfigurer beans registered [propertySourcesPlaceholderConfigurer, org.springframework.context.support.PropertySourcesPlaceholderConfigurer], falling back to Environment
[wanxinp2p-account-service][${env:SERVER_PORT}] 2021-08-25 13:29:11,826 INFO [main][PostProcessorRegistrationDelegate.java:330] - Bean 'com.alibaba.druid.spring.boot.autoconfigure.stat.DruidSpringAopConfiguration' of type [com.alibaba.druid.spring.boot.autoconfigure.stat.DruidSpringAopConfiguration] is not eligible for getting processed by all BeanPostProcessors (for example: not eligible for auto-proxying)
[wanxinp2p-account-service][${env:SERVER_PORT}] 2021-08-25 13:29:11,851 INFO [main][PostProcessorRegistrationDelegate.java:330] - Bean 'org.apache.rocketmq.spring.autoconfigure.RocketMQAutoConfiguration' of type [org.apache.rocketmq.spring.autoconfigure.RocketMQAutoConfiguration$$EnhancerBySpringCGLIB$$d2f01a9c] is not eligible for getting processed by all BeanPostProcessors (for example: not eligible for auto-proxying)
[wanxinp2p-account-service][${env:SERVER_PORT}] 2021-08-25 13:29:11,876 INFO [main][PostProcessorRegistrationDelegate.java:330] - Bean 'rocketmq-org.apache.rocketmq.spring.autoconfigure.RocketMQProperties' of type [org.apache.rocketmq.spring.autoconfigure.RocketMQProperties] is not eligible for getting processed by all BeanPostProcessors (for example: not eligible for auto-proxying)
[wanxinp2p-account-service][${env:SERVER_PORT}] 2021-08-25 13:29:13,993 INFO [main][PostProcessorRegistrationDelegate.java:330] - Bean 'defaultMQProducer' of type [org.apache.rocketmq.client.producer.DefaultMQProducer] is not eligible for getting processed by all BeanPostProcessors (for example: not eligible for auto-proxying)
[wanxinp2p-account-service][${env:SERVER_PORT}] 2021-08-25 13:29:13,998 INFO [main][PostProcessorRegistrationDelegate.java:330] - Bean 'org.springframework.boot.autoconfigure.jackson.JacksonAutoConfiguration$JacksonObjectMapperConfiguration' of type [org.springframework.boot.autoconfigure.jackson.JacksonAutoConfiguration$JacksonObjectMapperConfiguration$$EnhancerBySpringCGLIB$$5ed8b31] is not eligible for getting processed by all BeanPostProcessors (for example: not eligible for auto-proxying)
[wanxinp2p-account-service][${env:SERVER_PORT}] 2021-08-25 13:29:14,006 INFO [main][PostProcessorRegistrationDelegate.java:330] - Bean 'org.springframework.boot.autoconfigure.jackson.JacksonAutoConfiguration$JacksonObjectMapperBuilderConfiguration' of type [org.springframework.boot.autoconfigure.jackson.JacksonAutoConfiguration$JacksonObjectMapperBuilderConfiguration$$EnhancerBySpringCGLIB$$b83a4d4a] is not eligible for getting processed by all BeanPostProcessors (for example: not eligible for auto-proxying)
[wanxinp2p-account-service][${env:SERVER_PORT}] 2021-08-25 13:29:14,011 INFO [main][PostProcessorRegistrationDelegate.java:330] - Bean 'org.springframework.boot.autoconfigure.jackson.JacksonAutoConfiguration$Jackson2ObjectMapperBuilderCustomizerConfiguration' of type [org.springframework.boot.autoconfigure.jackson.JacksonAutoConfiguration$Jackson2ObjectMapperBuilderCustomizerConfiguration$$EnhancerBySpringCGLIB$$73513339] is not eligible for getting processed by all BeanPostProcessors (for example: not eligible for auto-proxying)
[wanxinp2p-account-service][${env:SERVER_PORT}] 2021-08-25 13:29:14,020 INFO [main][PostProcessorRegistrationDelegate.java:330] - Bean 'spring.jackson-org.springframework.boot.autoconfigure.jackson.JacksonProperties' of type [org.springframework.boot.autoconfigure.jackson.JacksonProperties] is not eligible for getting processed by all BeanPostProcessors (for example: not eligible for auto-proxying)
[wanxinp2p-account-service][${env:SERVER_PORT}] 2021-08-25 13:29:14,024 INFO [main][PostProcessorRegistrationDelegate.java:330] - Bean 'standardJacksonObjectMapperBuilderCustomizer' of type [org.springframework.boot.autoconfigure.jackson.JacksonAutoConfiguration$Jackson2ObjectMapperBuilderCustomizerConfiguration$StandardJackson2ObjectMapperBuilderCustomizer] is not eligible for getting processed by all BeanPostProcessors (for example: not eligible for auto-proxying)
[wanxinp2p-account-service][${env:SERVER_PORT}] 2021-08-25 13:29:14,034 INFO [main][PostProcessorRegistrationDelegate.java:330] - Bean 'org.springframework.boot.autoconfigure.jackson.JacksonAutoConfiguration$ParameterNamesModuleConfiguration' of type [org.springframework.boot.autoconfigure.jackson.JacksonAutoConfiguration$ParameterNamesModuleConfiguration$$EnhancerBySpringCGLIB$$9a1caa67] is not eligible for getting processed by all BeanPostProcessors (for example: not eligible for auto-proxying)
[wanxinp2p-account-service][${env:SERVER_PORT}] 2021-08-25 13:29:14,047 INFO [main][PostProcessorRegistrationDelegate.java:330] - Bean 'parameterNamesModule' of type [com.fasterxml.jackson.module.paramnames.ParameterNamesModule] is not eligible for getting processed by all BeanPostProcessors (for example: not eligible for auto-proxying)
[wanxinp2p-account-service][${env:SERVER_PORT}] 2021-08-25 13:29:14,049 INFO [main][PostProcessorRegistrationDelegate.java:330] - Bean 'org.springframework.boot.autoconfigure.jackson.JacksonAutoConfiguration' of type [org.springframework.boot.autoconfigure.jackson.JacksonAutoConfiguration$$EnhancerBySpringCGLIB$$e7f928c0] is not eligible for getting processed by all BeanPostProcessors (for example: not eligible for auto-proxying)
[wanxinp2p-account-service][${env:SERVER_PORT}] 2021-08-25 13:29:14,154 INFO [main][PostProcessorRegistrationDelegate.java:330] - Bean 'jsonComponentModule' of type [org.springframework.boot.jackson.JsonComponentModule] is not eligible for getting processed by all BeanPostProcessors (for example: not eligible for auto-proxying)
[wanxinp2p-account-service][${env:SERVER_PORT}] 2021-08-25 13:29:14,156 INFO [main][PostProcessorRegistrationDelegate.java:330] - Bean 'org.springframework.data.web.config.SpringDataJacksonConfiguration' of type [org.springframework.data.web.config.SpringDataJacksonConfiguration] is not eligible for getting processed by all BeanPostProcessors (for example: not eligible for auto-proxying)
[wanxinp2p-account-service][${env:SERVER_PORT}] 2021-08-25 13:29:14,172 INFO [main][PostProcessorRegistrationDelegate.java:330] - Bean 'jacksonGeoModule' of type [org.springframework.data.geo.GeoModule] is not eligible for getting processed by all BeanPostProcessors (for example: not eligible for auto-proxying)
[wanxinp2p-account-service][${env:SERVER_PORT}] 2021-08-25 13:29:14,177 INFO [main][PostProcessorRegistrationDelegate.java:330] - Bean 'jacksonObjectMapperBuilder' of type [org.springframework.http.converter.json.Jackson2ObjectMapperBuilder] is not eligible for getting processed by all BeanPostProcessors (for example: not eligible for auto-proxying)
[wanxinp2p-account-service][${env:SERVER_PORT}] 2021-08-25 13:29:14,230 INFO [main][PostProcessorRegistrationDelegate.java:330] - Bean 'jacksonObjectMapper' of type [com.fasterxml.jackson.databind.ObjectMapper] is not eligible for getting processed by all BeanPostProcessors (for example: not eligible for auto-proxying)
[wanxinp2p-account-service][${env:SERVER_PORT}] 2021-08-25 13:29:18,345 INFO [main][PostProcessorRegistrationDelegate.java:330] - Bean 'rocketMQTemplate' of type [org.apache.rocketmq.spring.core.RocketMQTemplate] is not eligible for getting processed by all BeanPostProcessors (for example: not eligible for auto-proxying)
[wanxinp2p-account-service][${env:SERVER_PORT}] 2021-08-25 13:29:18,347 INFO [main][PostProcessorRegistrationDelegate.java:330] - Bean 'transactionHandlerRegistry' of type [org.apache.rocketmq.spring.config.TransactionHandlerRegistry] is not eligible for getting processed by all BeanPostProcessors (for example: not eligible for auto-proxying)
[wanxinp2p-account-service][${env:SERVER_PORT}] 2021-08-25 13:29:18,425 INFO [main][PostProcessorRegistrationDelegate.java:330] - Bean 'org.springframework.transaction.annotation.ProxyTransactionManagementConfiguration' of type [org.springframework.transaction.annotation.ProxyTransactionManagementConfiguration$$EnhancerBySpringCGLIB$$aa5a0ba0] is not eligible for getting processed by all BeanPostProcessors (for example: not eligible for auto-proxying)
[wanxinp2p-account-service][${env:SERVER_PORT}] 2021-08-25 13:29:18,671 INFO [main][PostProcessorRegistrationDelegate.java:330] - Bean 'spring.datasource.druid-com.alibaba.druid.spring.boot.autoconfigure.properties.DruidStatProperties' of type [com.alibaba.druid.spring.boot.autoconfigure.properties.DruidStatProperties] is not eligible for getting processed by all BeanPostProcessors (for example: not eligible for auto-proxying)
[wanxinp2p-account-service][${env:SERVER_PORT}] 2021-08-25 13:29:18,690 INFO [main][PostProcessorRegistrationDelegate.java:330] - Bean 'advisor' of type [org.springframework.aop.support.RegexpMethodPointcutAdvisor] is not eligible for getting processed by all BeanPostProcessors (for example: not eligible for auto-proxying)
[wanxinp2p-account-service][${env:SERVER_PORT}] 2021-08-25 13:29:18,692 INFO [main][PostProcessorRegistrationDelegate.java:330] - Bean 'hmilyFeignConfiguration' of type [org.dromara.hmily.springcloud.configuration.HmilyFeignConfiguration$$EnhancerBySpringCGLIB$$d8ab246c] is not eligible for getting processed by all BeanPostProcessors (for example: not eligible for auto-proxying)
[wanxinp2p-account-service][${env:SERVER_PORT}] 2021-08-25 13:29:18,718 INFO [main][PostProcessorRegistrationDelegate.java:330] - Bean 'org.springframework.cloud.autoconfigure.ConfigurationPropertiesRebinderAutoConfiguration' of type [org.springframework.cloud.autoconfigure.ConfigurationPropertiesRebinderAutoConfiguration$$EnhancerBySpringCGLIB$$c6740e9d] is not eligible for getting processed by all BeanPostProcessors (for example: not eligible for auto-proxying)
[wanxinp2p-account-service][${env:SERVER_PORT}] 2021-08-25 13:29:19,638 INFO [main][TomcatWebServer.java:90] - Tomcat initialized with port(s): 53030 (http)
[wanxinp2p-account-service][${env:SERVER_PORT}] 2021-08-25 13:29:19,674 INFO [main][DirectJDKLog.java:173] - Initializing ProtocolHandler ["http-nio-53030"]
[wanxinp2p-account-service][${env:SERVER_PORT}] 2021-08-25 13:29:19,699 INFO [main][DirectJDKLog.java:173] - Starting service [Tomcat]
[wanxinp2p-account-service][${env:SERVER_PORT}] 2021-08-25 13:29:19,701 INFO [main][DirectJDKLog.java:173] - Starting Servlet engine: [Apache Tomcat/9.0.16]
[wanxinp2p-account-service][${env:SERVER_PORT}] 2021-08-25 13:29:19,719 INFO [main][DirectJDKLog.java:173] - The APR based Apache Tomcat Native library which allows optimal performance in production environments was not found on the java.library.path: [D:\jdk1.8.0_91\bin;C:\WINDOWS\Sun\Java\bin;C:\WINDOWS\system32;C:\WINDOWS;D:\Program Files (x86)\vmware\bin\;C:\Program Files (x86)\Intel\Intel(R) Management Engine Components\iCLS\;C:\Program Files\Intel\Intel(R) Management Engine Components\iCLS\;C:\Windows\system32;C:\Windows;C:\Windows\System32\Wbem;C:\Windows\System32\WindowsPowerShell\v1.0\;C:\Windows\System32\OpenSSH\;C:\Program Files (x86)\Intel\Intel(R) Management Engine Components\DAL;C:\Program Files\Intel\Intel(R) Management Engine Components\DAL;C:\Program Files (x86)\Intel\Intel(R) Management Engine Components\IPT;C:\Program Files\Intel\Intel(R) Management Engine Components\IPT;C:\Program Files (x86)\NVIDIA Corporation\PhysX\Common;D:\jdk1.8.0_91\bin;D:\nodejs9.4;D:\python3.8\Scripts;D:\MySQL\mysql-5.6.47-winx64\bin;D:\redis-2.8.9;C:\WINDOWS\system32;C:\WINDOWS;C:\WINDOWS\System32\Wbem;C:\WINDOWS\System32\WindowsPowerShell\v1.0\;C:\WINDOWS\System32\OpenSSH\;D:\Program Files (x86)\Git\cmd;C:\Program Files\Git\cmd;C:\Program Files\NVIDIA Corporation\NVIDIA NvDLISR;C:\Users\25855\AppData\Local\Microsoft\WindowsApps;.]
[wanxinp2p-account-service][${env:SERVER_PORT}] 2021-08-25 13:29:20,194 INFO [main][DirectJDKLog.java:173] - Initializing Spring embedded WebApplicationContext
[wanxinp2p-account-service][${env:SERVER_PORT}] 2021-08-25 13:29:20,194 INFO [main][ServletWebServerApplicationContext.java:296] - Root WebApplicationContext: initialization completed in 12465 ms
[wanxinp2p-account-service][${env:SERVER_PORT}] 2021-08-25 13:29:20,615 WARN [main][URLConfigurationSource.java:121] - No URLs will be polled as dynamic configuration sources.
[wanxinp2p-account-service][${env:SERVER_PORT}] 2021-08-25 13:29:20,617 INFO [main][URLConfigurationSource.java:122] - To enable URLs as dynamic configuration sources, define System property archaius.configurationSource.additionalUrls or make config.properties available on classpath.
[wanxinp2p-account-service][${env:SERVER_PORT}] 2021-08-25 13:29:20,656 INFO [main][DynamicPropertyFactory.java:281] - DynamicPropertyFactory is initialized with configuration sources: com.netflix.config.ConcurrentCompositeConfiguration@4e933cf1
[wanxinp2p-account-service][${env:SERVER_PORT}] 2021-08-25 13:29:21,033 INFO [main][DruidDataSourceAutoConfigure.java:56] - Init DruidDataSource
[wanxinp2p-account-service][${env:SERVER_PORT}] 2021-08-25 13:29:21,837 INFO [main][DruidDataSource.java:1002] - {dataSource-1} inited
[wanxinp2p-account-service][${env:SERVER_PORT}] 2021-08-25 13:29:23,538 INFO [main][HikariDataSource.java:110] - HikariPool-1 - Starting...
[wanxinp2p-account-service][${env:SERVER_PORT}] 2021-08-25 13:29:23,577 INFO [main][HikariDataSource.java:123] - HikariPool-1 - Start completed.
[wanxinp2p-account-service][${env:SERVER_PORT}] 2021-08-25 13:29:23,627 INFO [main][HmilyLogo.java:49] - 


    __  __          _ __     
   / / / /___ ___  (_) /_  __
  / /_/ / __ `__ \/ / / / / /
 / __  / / / / / / / / /_/ / 
/_/ /_/_/ /_/ /_/_/_/\__, /  
                    /____/   

 :: Hmily :: (v2.0.5-RELEASE)

[wanxinp2p-account-service][${env:SERVER_PORT}] 2021-08-25 13:29:23,644 INFO [main][AutowiredAnnotationBeanPostProcessor.java:342] - Inconsistent constructor declaration on bean with name 'hmilyTransactionSelfRecoveryScheduled': single autowire-marked constructor flagged as optional - this constructor is effectively required since there is no default constructor to fall back to: public org.dromara.hmily.core.schedule.HmilyTransactionSelfRecoveryScheduled(org.dromara.hmily.common.config.HmilyConfig)
[wanxinp2p-account-service][${env:SERVER_PORT}] 2021-08-25 13:29:24,980 INFO [main][EndpointLinksResolver.java:59] - Exposing 2 endpoint(s) beneath base path '/actuator'
[wanxinp2p-account-service][${env:SERVER_PORT}] 2021-08-25 13:29:25,107 INFO [main][PropertySourcedRequestMappingHandlerMapping.java:69] - Mapped URL path [/v2/api-docs] onto method [public org.springframework.http.ResponseEntity<springfox.documentation.spring.web.json.Json> springfox.documentation.swagger2.web.Swagger2Controller.getDocumentation(java.lang.String,javax.servlet.http.HttpServletRequest)]
[wanxinp2p-account-service][${env:SERVER_PORT}] 2021-08-25 13:29:25,134 WARN [main][URLConfigurationSource.java:121] - No URLs will be polled as dynamic configuration sources.
[wanxinp2p-account-service][${env:SERVER_PORT}] 2021-08-25 13:29:25,134 INFO [main][URLConfigurationSource.java:122] - To enable URLs as dynamic configuration sources, define System property archaius.configurationSource.additionalUrls or make config.properties available on classpath.
[wanxinp2p-account-service][${env:SERVER_PORT}] 2021-08-25 13:29:25,283 INFO [main][ExecutorConfigurationSupport.java:171] - Initializing ExecutorService 'applicationTaskExecutor'
[wanxinp2p-account-service][${env:SERVER_PORT}] 2021-08-25 13:29:26,918 INFO [main][SLF4JLogger.java:71] - Cluster created with settings {hosts=[localhost:27017], mode=SINGLE, requiredClusterType=UNKNOWN, serverSelectionTimeout='30000 ms', maxWaitQueueSize=500}
[wanxinp2p-account-service][${env:SERVER_PORT}] 2021-08-25 13:29:27,023 INFO [cluster-ClusterId{value='6125d536b8b65d5af0aba685', description='null'}-localhost:27017][SLF4JLogger.java:71] - Opened connection [connectionId{localValue:1, serverValue:3}] to localhost:27017
[wanxinp2p-account-service][${env:SERVER_PORT}] 2021-08-25 13:29:27,027 INFO [cluster-ClusterId{value='6125d536b8b65d5af0aba685', description='null'}-localhost:27017][SLF4JLogger.java:71] - Monitor thread successfully connected to server with description ServerDescription{address=localhost:27017, type=STANDALONE, state=CONNECTED, ok=true, version=ServerVersion{versionList=[3, 4, 25]}, minWireVersion=0, maxWireVersion=5, maxDocumentSize=16777216, logicalSessionTimeoutMinutes=null, roundTripTimeNanos=2047000}
[wanxinp2p-account-service][${env:SERVER_PORT}] 2021-08-25 13:29:28,289 INFO [main][InstanceInfoFactory.java:71] - Setting initial instance status as: STARTING
[wanxinp2p-account-service][${env:SERVER_PORT}] 2021-08-25 13:29:28,363 INFO [main][DiscoveryClient.java:349] - Initializing Eureka in region us-east-1
[wanxinp2p-account-service][${env:SERVER_PORT}] 2021-08-25 13:29:28,579 INFO [main][DiscoveryJerseyProvider.java:70] - Using JSON encoding codec LegacyJacksonJson
[wanxinp2p-account-service][${env:SERVER_PORT}] 2021-08-25 13:29:28,580 INFO [main][DiscoveryJerseyProvider.java:71] - Using JSON decoding codec LegacyJacksonJson
[wanxinp2p-account-service][${env:SERVER_PORT}] 2021-08-25 13:29:28,780 INFO [main][DiscoveryJerseyProvider.java:80] - Using XML encoding codec XStreamXml
[wanxinp2p-account-service][${env:SERVER_PORT}] 2021-08-25 13:29:28,780 INFO [main][DiscoveryJerseyProvider.java:81] - Using XML decoding codec XStreamXml
[wanxinp2p-account-service][${env:SERVER_PORT}] 2021-08-25 13:29:29,481 INFO [main][ConfigClusterResolver.java:43] - Resolving eureka endpoints via configuration
[wanxinp2p-account-service][${env:SERVER_PORT}] 2021-08-25 13:29:30,327 INFO [main][DiscoveryClient.java:958] - Disable delta property : false
[wanxinp2p-account-service][${env:SERVER_PORT}] 2021-08-25 13:29:30,327 INFO [main][DiscoveryClient.java:959] - Single vip registry refresh property : null
[wanxinp2p-account-service][${env:SERVER_PORT}] 2021-08-25 13:29:30,328 INFO [main][DiscoveryClient.java:960] - Force full registry fetch : false
[wanxinp2p-account-service][${env:SERVER_PORT}] 2021-08-25 13:29:30,328 INFO [main][DiscoveryClient.java:961] - Application is null : false
[wanxinp2p-account-service][${env:SERVER_PORT}] 2021-08-25 13:29:30,329 INFO [main][DiscoveryClient.java:962] - Registered Applications size is zero : true
[wanxinp2p-account-service][${env:SERVER_PORT}] 2021-08-25 13:29:30,329 INFO [main][DiscoveryClient.java:964] - Application version is -1: true
[wanxinp2p-account-service][${env:SERVER_PORT}] 2021-08-25 13:29:30,329 INFO [main][DiscoveryClient.java:1047] - Getting all instance registry info from the eureka server
[wanxinp2p-account-service][${env:SERVER_PORT}] 2021-08-25 13:29:30,616 INFO [main][DiscoveryClient.java:1056] - The response status is 200
[wanxinp2p-account-service][${env:SERVER_PORT}] 2021-08-25 13:29:30,621 INFO [main][DiscoveryClient.java:1270] - Starting heartbeat executor: renew interval is: 30
[wanxinp2p-account-service][${env:SERVER_PORT}] 2021-08-25 13:29:30,626 INFO [main][InstanceInfoReplicator.java:60] - InstanceInfoReplicator onDemand update allowed rate per min is 4
[wanxinp2p-account-service][${env:SERVER_PORT}] 2021-08-25 13:29:30,638 INFO [main][DiscoveryClient.java:449] - Discovery Client initialized at timestamp 1629869370631 with initial instances count: 5
[wanxinp2p-account-service][${env:SERVER_PORT}] 2021-08-25 13:29:30,643 INFO [main][EurekaServiceRegistry.java:42] - Registering application ACCOUNT-SERVICE with eureka with status UP
[wanxinp2p-account-service][${env:SERVER_PORT}] 2021-08-25 13:29:30,644 INFO [main][DiscoveryClient.java:1305] - Saw local status change event StatusChangeEvent [timestamp=1629869370644, current=UP, previous=STARTING]
[wanxinp2p-account-service][${env:SERVER_PORT}] 2021-08-25 13:29:30,648 INFO [main][DocumentationPluginsBootstrapper.java:160] - Context refreshed
[wanxinp2p-account-service][${env:SERVER_PORT}] 2021-08-25 13:29:30,649 INFO [DiscoveryClient-InstanceInfoReplicator-0][DiscoveryClient.java:826] - DiscoveryClient_ACCOUNT-SERVICE/account-service:192.168.137.1:53030: registering service...
[wanxinp2p-account-service][${env:SERVER_PORT}] 2021-08-25 13:29:30,661 INFO [main][DocumentationPluginsBootstrapper.java:163] - Found 1 custom documentation plugin(s)
[wanxinp2p-account-service][${env:SERVER_PORT}] 2021-08-25 13:29:30,707 INFO [DiscoveryClient-InstanceInfoReplicator-0][DiscoveryClient.java:835] - DiscoveryClient_ACCOUNT-SERVICE/account-service:192.168.137.1:53030 - registration status: 204
[wanxinp2p-account-service][${env:SERVER_PORT}] 2021-08-25 13:29:30,721 INFO [main][ApiListingReferenceScanner.java:41] - Scanning for api listing references
[wanxinp2p-account-service][${env:SERVER_PORT}] 2021-08-25 13:29:30,930 INFO [main][DirectJDKLog.java:173] - Starting ProtocolHandler ["http-nio-53030"]
[wanxinp2p-account-service][${env:SERVER_PORT}] 2021-08-25 13:29:30,951 INFO [main][TomcatWebServer.java:204] - Tomcat started on port(s): 53030 (http) with context path '/account'
[wanxinp2p-account-service][${env:SERVER_PORT}] 2021-08-25 13:29:30,952 INFO [main][EurekaAutoServiceRegistration.java:141] - Updating port to 53030
[wanxinp2p-account-service][${env:SERVER_PORT}] 2021-08-25 13:29:30,954 INFO [main][StartupInfoLogger.java:59] - Started Wanxinp2pAccountServiceApplication in 30.602 seconds (JVM running for 35.143)
[wanxinp2p-account-service][${env:SERVER_PORT}] 2021-08-25 13:29:31,531 INFO [RMI TCP Connection(8)-192.168.137.1][DirectJDKLog.java:173] - Initializing Spring DispatcherServlet 'dispatcherServlet'
[wanxinp2p-account-service][${env:SERVER_PORT}] 2021-08-25 13:29:31,531 INFO [RMI TCP Connection(8)-192.168.137.1][FrameworkServlet.java:524] - Initializing Servlet 'dispatcherServlet'
[wanxinp2p-account-service][${env:SERVER_PORT}] 2021-08-25 13:29:31,557 INFO [RMI TCP Connection(8)-192.168.137.1][FrameworkServlet.java:546] - Completed initialization in 26 ms
[wanxinp2p-account-service][${env:SERVER_PORT}] 2021-08-25 13:31:30,930 INFO [hmilyTransaction-hmily-transaction-self-recovery-2][LogUtil.java:87] - self recovery execute delayTime:60
[wanxinp2p-account-service][${env:SERVER_PORT}] 2021-08-25 13:32:30,939 INFO [hmilyTransaction-hmily-transaction-self-recovery-2][LogUtil.java:87] - self recovery execute delayTime:60
[wanxinp2p-account-service][${env:SERVER_PORT}] 2021-08-25 13:33:30,940 INFO [hmilyTransaction-hmily-transaction-self-recovery-2][LogUtil.java:87] - self recovery execute delayTime:60
[wanxinp2p-account-service][${env:SERVER_PORT}] 2021-08-25 13:34:30,334 INFO [AsyncResolver-bootstrap-executor-0][ConfigClusterResolver.java:43] - Resolving eureka endpoints via configuration
[wanxinp2p-account-service][${env:SERVER_PORT}] 2021-08-25 13:34:30,943 INFO [hmilyTransaction-hmily-transaction-self-recovery-2][LogUtil.java:87] - self recovery execute delayTime:60
[wanxinp2p-account-service][${env:SERVER_PORT}] 2021-08-25 13:35:30,945 INFO [hmilyTransaction-hmily-transaction-self-recovery-2][LogUtil.java:87] - self recovery execute delayTime:60
[wanxinp2p-account-service][${env:SERVER_PORT}] 2021-08-25 13:36:30,948 INFO [hmilyTransaction-hmily-transaction-self-recovery-2][LogUtil.java:87] - self recovery execute delayTime:60
[wanxinp2p-account-service][${env:SERVER_PORT}] 2021-08-25 13:37:30,956 INFO [hmilyTransaction-hmily-transaction-self-recovery-2][LogUtil.java:87] - self recovery execute delayTime:60
[wanxinp2p-account-service][${env:SERVER_PORT}] 2021-08-25 13:38:30,959 INFO [hmilyTransaction-hmily-transaction-self-recovery-2][LogUtil.java:87] - self recovery execute delayTime:60
[wanxinp2p-account-service][${env:SERVER_PORT}] 2021-08-25 13:39:30,335 INFO [AsyncResolver-bootstrap-executor-0][ConfigClusterResolver.java:43] - Resolving eureka endpoints via configuration
[wanxinp2p-account-service][${env:SERVER_PORT}] 2021-08-25 13:39:30,961 INFO [hmilyTransaction-hmily-transaction-self-recovery-2][LogUtil.java:87] - self recovery execute delayTime:60
[wanxinp2p-account-service][${env:SERVER_PORT}] 2021-08-25 13:40:30,964 INFO [hmilyTransaction-hmily-transaction-self-recovery-2][LogUtil.java:87] - self recovery execute delayTime:60
[wanxinp2p-account-service][${env:SERVER_PORT}] 2021-08-25 13:41:30,965 INFO [hmilyTransaction-hmily-transaction-self-recovery-2][LogUtil.java:87] - self recovery execute delayTime:60
[wanxinp2p-account-service][${env:SERVER_PORT}] 2021-08-25 13:42:30,967 INFO [hmilyTransaction-hmily-transaction-self-recovery-2][LogUtil.java:87] - self recovery execute delayTime:60
[wanxinp2p-account-service][${env:SERVER_PORT}] 2021-08-25 13:43:30,970 INFO [hmilyTransaction-hmily-transaction-self-recovery-2][LogUtil.java:87] - self recovery execute delayTime:60
[wanxinp2p-account-service][${env:SERVER_PORT}] 2021-08-25 13:44:30,340 INFO [AsyncResolver-bootstrap-executor-0][ConfigClusterResolver.java:43] - Resolving eureka endpoints via configuration
[wanxinp2p-account-service][${env:SERVER_PORT}] 2021-08-25 13:44:30,973 INFO [hmilyTransaction-hmily-transaction-self-recovery-2][LogUtil.java:87] - self recovery execute delayTime:60
[wanxinp2p-account-service][${env:SERVER_PORT}] 2021-08-25 13:45:30,974 INFO [hmilyTransaction-hmily-transaction-self-recovery-2][LogUtil.java:87] - self recovery execute delayTime:60
[wanxinp2p-account-service][${env:SERVER_PORT}] 2021-08-25 13:46:30,979 INFO [hmilyTransaction-hmily-transaction-self-recovery-2][LogUtil.java:87] - self recovery execute delayTime:60
[wanxinp2p-account-service][${env:SERVER_PORT}] 2021-08-25 13:47:30,981 INFO [hmilyTransaction-hmily-transaction-self-recovery-2][LogUtil.java:87] - self recovery execute delayTime:60
[wanxinp2p-account-service][${env:SERVER_PORT}] 2021-08-25 13:48:30,983 INFO [hmilyTransaction-hmily-transaction-self-recovery-2][LogUtil.java:87] - self recovery execute delayTime:60
[wanxinp2p-account-service][${env:SERVER_PORT}] 2021-08-25 13:49:30,341 INFO [AsyncResolver-bootstrap-executor-0][ConfigClusterResolver.java:43] - Resolving eureka endpoints via configuration
[wanxinp2p-account-service][${env:SERVER_PORT}] 2021-08-25 13:49:30,986 INFO [hmilyTransaction-hmily-transaction-self-recovery-2][LogUtil.java:87] - self recovery execute delayTime:60
[wanxinp2p-account-service][${env:SERVER_PORT}] 2021-08-25 13:50:30,988 INFO [hmilyTransaction-hmily-transaction-self-recovery-2][LogUtil.java:87] - self recovery execute delayTime:60
[wanxinp2p-account-service][${env:SERVER_PORT}] 2021-08-25 13:51:30,990 INFO [hmilyTransaction-hmily-transaction-self-recovery-2][LogUtil.java:87] - self recovery execute delayTime:60
[wanxinp2p-account-service][${env:SERVER_PORT}] 2021-08-25 13:52:30,994 INFO [hmilyTransaction-hmily-transaction-self-recovery-2][LogUtil.java:87] - self recovery execute delayTime:60
[wanxinp2p-account-service][${env:SERVER_PORT}] 2021-08-25 13:53:30,996 INFO [hmilyTransaction-hmily-transaction-self-recovery-2][LogUtil.java:87] - self recovery execute delayTime:60
[wanxinp2p-account-service][${env:SERVER_PORT}] 2021-08-25 13:54:30,343 INFO [AsyncResolver-bootstrap-executor-0][ConfigClusterResolver.java:43] - Resolving eureka endpoints via configuration
[wanxinp2p-account-service][${env:SERVER_PORT}] 2021-08-25 13:54:30,999 INFO [hmilyTransaction-hmily-transaction-self-recovery-2][LogUtil.java:87] - self recovery execute delayTime:60
[wanxinp2p-account-service][${env:SERVER_PORT}] 2021-08-25 13:55:31,002 INFO [hmilyTransaction-hmily-transaction-self-recovery-2][LogUtil.java:87] - self recovery execute delayTime:60
[wanxinp2p-account-service][${env:SERVER_PORT}] 2021-08-25 13:56:31,004 INFO [hmilyTransaction-hmily-transaction-self-recovery-2][LogUtil.java:87] - self recovery execute delayTime:60
[wanxinp2p-account-service][${env:SERVER_PORT}] 2021-08-25 13:57:31,006 INFO [hmilyTransaction-hmily-transaction-self-recovery-2][LogUtil.java:87] - self recovery execute delayTime:60
[wanxinp2p-account-service][${env:SERVER_PORT}] 2021-08-25 13:58:31,009 INFO [hmilyTransaction-hmily-transaction-self-recovery-2][LogUtil.java:87] - self recovery execute delayTime:60
[wanxinp2p-account-service][${env:SERVER_PORT}] 2021-08-25 13:59:30,345 INFO [AsyncResolver-bootstrap-executor-0][ConfigClusterResolver.java:43] - Resolving eureka endpoints via configuration
[wanxinp2p-account-service][${env:SERVER_PORT}] 2021-08-25 13:59:31,011 INFO [hmilyTransaction-hmily-transaction-self-recovery-2][LogUtil.java:87] - self recovery execute delayTime:60
