[${project.name}][${env:SERVER_PORT}] 2021-08-27 15:10:28,342 ERROR [ConsumeMessageThread_7][Log4j2Filter.java:152] - {conn-10005, pstmt-20002} execute error. INSERT INTO repayment_plan  ( ID,
CONSUMER_ID,
USER_NO,
PROJECT_ID,
PROJECT_NO,
NUMBER_OF_PERIODS,
INTEREST,
PRINCIPAL,
AMOUNT,
SHOULD_REPAYMENT_DATE,
REPAYMENT_STATUS,
CREATE_DATE,
COMMISSION )  VALUES  ( ?,
?,
?,
?,
?,
?,
?,
?,
?,
?,
?,
?,
? )
java.sql.SQLIntegrityConstraintViolationException: Duplicate entry '9-1431091168561152002-1' for key 'plan_unique'
	at com.mysql.cj.jdbc.exceptions.SQLError.createSQLException(SQLError.java:115)
	at com.mysql.cj.jdbc.exceptions.SQLError.createSQLException(SQLError.java:95)
	at com.mysql.cj.jdbc.exceptions.SQLExceptionsMapping.translateException(SQLExceptionsMapping.java:122)
	at com.mysql.cj.jdbc.ClientPreparedStatement.executeInternal(ClientPreparedStatement.java:960)
	at com.mysql.cj.jdbc.ClientPreparedStatement.execute(ClientPreparedStatement.java:388)
	at com.alibaba.druid.filter.FilterChainImpl.preparedStatement_execute(FilterChainImpl.java:3409)
	at com.alibaba.druid.filter.FilterEventAdapter.preparedStatement_execute(FilterEventAdapter.java:440)
	at com.alibaba.druid.filter.FilterChainImpl.preparedStatement_execute(FilterChainImpl.java:3407)
	at com.alibaba.druid.wall.WallFilter.preparedStatement_execute(WallFilter.java:627)
	at com.alibaba.druid.filter.FilterChainImpl.preparedStatement_execute(FilterChainImpl.java:3407)
	at com.alibaba.druid.filter.FilterEventAdapter.preparedStatement_execute(FilterEventAdapter.java:440)
	at com.alibaba.druid.filter.FilterChainImpl.preparedStatement_execute(FilterChainImpl.java:3407)
	at com.alibaba.druid.filter.FilterAdapter.preparedStatement_execute(FilterAdapter.java:1081)
	at com.alibaba.druid.filter.FilterChainImpl.preparedStatement_execute(FilterChainImpl.java:3407)
	at com.alibaba.druid.proxy.jdbc.PreparedStatementProxyImpl.execute(PreparedStatementProxyImpl.java:167)
	at com.alibaba.druid.pool.DruidPooledPreparedStatement.execute(DruidPooledPreparedStatement.java:497)
	at org.apache.ibatis.executor.statement.PreparedStatementHandler.update(PreparedStatementHandler.java:47)
	at org.apache.ibatis.executor.statement.RoutingStatementHandler.update(RoutingStatementHandler.java:74)
	at sun.reflect.GeneratedMethodAccessor84.invoke(Unknown Source)
	at sun.reflect.DelegatingMethodAccessorImpl.invoke(DelegatingMethodAccessorImpl.java:43)
	at java.lang.reflect.Method.invoke(Method.java:497)
	at org.apache.ibatis.plugin.Plugin.invoke(Plugin.java:63)
	at com.sun.proxy.$Proxy171.update(Unknown Source)
	at sun.reflect.GeneratedMethodAccessor84.invoke(Unknown Source)
	at sun.reflect.DelegatingMethodAccessorImpl.invoke(DelegatingMethodAccessorImpl.java:43)
	at java.lang.reflect.Method.invoke(Method.java:497)
	at org.apache.ibatis.plugin.Invocation.proceed(Invocation.java:49)
	at com.baomidou.mybatisplus.extension.plugins.PerformanceInterceptor.intercept(PerformanceInterceptor.java:172)
	at org.apache.ibatis.plugin.Plugin.invoke(Plugin.java:61)
	at com.sun.proxy.$Proxy171.update(Unknown Source)
	at org.apache.ibatis.executor.SimpleExecutor.doUpdate(SimpleExecutor.java:50)
	at org.apache.ibatis.executor.BaseExecutor.update(BaseExecutor.java:117)
	at org.apache.ibatis.session.defaults.DefaultSqlSession.update(DefaultSqlSession.java:198)
	at org.apache.ibatis.session.defaults.DefaultSqlSession.insert(DefaultSqlSession.java:185)
	at sun.reflect.GeneratedMethodAccessor87.invoke(Unknown Source)
	at sun.reflect.DelegatingMethodAccessorImpl.invoke(DelegatingMethodAccessorImpl.java:43)
	at java.lang.reflect.Method.invoke(Method.java:497)
	at org.mybatis.spring.SqlSessionTemplate$SqlSessionInterceptor.invoke(SqlSessionTemplate.java:433)
	at com.sun.proxy.$Proxy134.insert(Unknown Source)
	at org.mybatis.spring.SqlSessionTemplate.insert(SqlSessionTemplate.java:278)
	at com.baomidou.mybatisplus.core.override.MybatisMapperMethod.execute(MybatisMapperMethod.java:64)
	at com.baomidou.mybatisplus.core.override.MybatisMapperProxy.invoke(MybatisMapperProxy.java:61)
	at com.sun.proxy.$Proxy135.insert(Unknown Source)
	at cn.itcast.wanxinp2p.repayment.service.RepaymentServiceImpl.lambda$saveRepaymentPlan$2(RepaymentServiceImpl.java:118)
	at cn.itcast.wanxinp2p.repayment.service.RepaymentServiceImpl$$Lambda$722/2067222578.accept(Unknown Source)
	at java.util.HashMap.forEach(HashMap.java:1280)
	at cn.itcast.wanxinp2p.repayment.service.RepaymentServiceImpl.saveRepaymentPlan(RepaymentServiceImpl.java:89)
	at cn.itcast.wanxinp2p.repayment.service.RepaymentServiceImpl.startRepayment(RepaymentServiceImpl.java:57)
	at cn.itcast.wanxinp2p.repayment.service.RepaymentServiceImpl$$FastClassBySpringCGLIB$$e8c06d50.invoke(<generated>)
	at org.springframework.cglib.proxy.MethodProxy.invoke(MethodProxy.java:218)
	at org.springframework.aop.framework.CglibAopProxy$CglibMethodInvocation.invokeJoinpoint(CglibAopProxy.java:749)
	at org.springframework.aop.framework.ReflectiveMethodInvocation.proceed(ReflectiveMethodInvocation.java:163)
	at com.alibaba.druid.support.spring.stat.DruidStatInterceptor.invoke(DruidStatInterceptor.java:73)
	at org.springframework.aop.framework.ReflectiveMethodInvocation.proceed(ReflectiveMethodInvocation.java:186)
	at org.springframework.aop.framework.CglibAopProxy$DynamicAdvisedInterceptor.intercept(CglibAopProxy.java:688)
	at cn.itcast.wanxinp2p.repayment.service.RepaymentServiceImpl$$EnhancerBySpringCGLIB$$2d947135.startRepayment(<generated>)
	at cn.itcast.wanxinp2p.repayment.service.RepaymentServiceImpl$$FastClassBySpringCGLIB$$e8c06d50.invoke(<generated>)
	at org.springframework.cglib.proxy.MethodProxy.invoke(MethodProxy.java:218)
	at org.springframework.aop.framework.CglibAopProxy$CglibMethodInvocation.invokeJoinpoint(CglibAopProxy.java:749)
	at org.springframework.aop.framework.ReflectiveMethodInvocation.proceed(ReflectiveMethodInvocation.java:163)
	at com.alibaba.druid.support.spring.stat.DruidStatInterceptor.invoke(DruidStatInterceptor.java:73)
	at org.springframework.aop.framework.ReflectiveMethodInvocation.proceed(ReflectiveMethodInvocation.java:186)
	at org.springframework.aop.framework.CglibAopProxy$DynamicAdvisedInterceptor.intercept(CglibAopProxy.java:688)
	at cn.itcast.wanxinp2p.repayment.service.RepaymentServiceImpl$$EnhancerBySpringCGLIB$$2c2d78b3.startRepayment(<generated>)
	at cn.itcast.wanxinp2p.repayment.message.StartRepaymentMessageConsumer.onMessage(StartRepaymentMessageConsumer.java:26)
	at cn.itcast.wanxinp2p.repayment.message.StartRepaymentMessageConsumer.onMessage(StartRepaymentMessageConsumer.java:12)
	at org.apache.rocketmq.spring.support.DefaultRocketMQListenerContainer$DefaultMessageListenerConcurrently.consumeMessage(DefaultRocketMQListenerContainer.java:308)
	at org.apache.rocketmq.client.impl.consumer.ConsumeMessageConcurrentlyService$ConsumeRequest.run(ConsumeMessageConcurrentlyService.java:417)
	at java.util.concurrent.Executors$RunnableAdapter.call(Executors.java:511)
	at java.util.concurrent.FutureTask.run$$$capture(FutureTask.java:266)
	at java.util.concurrent.FutureTask.run(FutureTask.java)
	at java.util.concurrent.ThreadPoolExecutor.runWorker(ThreadPoolExecutor.java:1142)
	at java.util.concurrent.ThreadPoolExecutor$Worker.run(ThreadPoolExecutor.java:617)
	at java.lang.Thread.run(Thread.java:745)
[${project.name}][${env:SERVER_PORT}] 2021-08-27 15:11:57,840 ERROR [ConsumeMessageThread_8][Log4j2Filter.java:152] - {conn-10005, pstmt-20005} execute error. INSERT INTO repayment_plan  ( ID,
CONSUMER_ID,
USER_NO,
PROJECT_ID,
PROJECT_NO,
NUMBER_OF_PERIODS,
INTEREST,
PRINCIPAL,
AMOUNT,
SHOULD_REPAYMENT_DATE,
REPAYMENT_STATUS,
CREATE_DATE,
COMMISSION )  VALUES  ( ?,
?,
?,
?,
?,
?,
?,
?,
?,
?,
?,
?,
? )
java.sql.SQLIntegrityConstraintViolationException: Duplicate entry '9-1431091168561152002-1' for key 'plan_unique'
	at com.mysql.cj.jdbc.exceptions.SQLError.createSQLException(SQLError.java:115)
	at com.mysql.cj.jdbc.exceptions.SQLError.createSQLException(SQLError.java:95)
	at com.mysql.cj.jdbc.exceptions.SQLExceptionsMapping.translateException(SQLExceptionsMapping.java:122)
	at com.mysql.cj.jdbc.ClientPreparedStatement.executeInternal(ClientPreparedStatement.java:960)
	at com.mysql.cj.jdbc.ClientPreparedStatement.execute(ClientPreparedStatement.java:388)
	at com.alibaba.druid.filter.FilterChainImpl.preparedStatement_execute(FilterChainImpl.java:3409)
	at com.alibaba.druid.filter.FilterEventAdapter.preparedStatement_execute(FilterEventAdapter.java:440)
	at com.alibaba.druid.filter.FilterChainImpl.preparedStatement_execute(FilterChainImpl.java:3407)
	at com.alibaba.druid.wall.WallFilter.preparedStatement_execute(WallFilter.java:627)
	at com.alibaba.druid.filter.FilterChainImpl.preparedStatement_execute(FilterChainImpl.java:3407)
	at com.alibaba.druid.filter.FilterEventAdapter.preparedStatement_execute(FilterEventAdapter.java:440)
	at com.alibaba.druid.filter.FilterChainImpl.preparedStatement_execute(FilterChainImpl.java:3407)
	at com.alibaba.druid.filter.FilterAdapter.preparedStatement_execute(FilterAdapter.java:1081)
	at com.alibaba.druid.filter.FilterChainImpl.preparedStatement_execute(FilterChainImpl.java:3407)
	at com.alibaba.druid.proxy.jdbc.PreparedStatementProxyImpl.execute(PreparedStatementProxyImpl.java:167)
	at com.alibaba.druid.pool.DruidPooledPreparedStatement.execute(DruidPooledPreparedStatement.java:497)
	at org.apache.ibatis.executor.statement.PreparedStatementHandler.update(PreparedStatementHandler.java:47)
	at org.apache.ibatis.executor.statement.RoutingStatementHandler.update(RoutingStatementHandler.java:74)
	at sun.reflect.GeneratedMethodAccessor84.invoke(Unknown Source)
	at sun.reflect.DelegatingMethodAccessorImpl.invoke(DelegatingMethodAccessorImpl.java:43)
	at java.lang.reflect.Method.invoke(Method.java:497)
	at org.apache.ibatis.plugin.Plugin.invoke(Plugin.java:63)
	at com.sun.proxy.$Proxy171.update(Unknown Source)
	at sun.reflect.GeneratedMethodAccessor84.invoke(Unknown Source)
	at sun.reflect.DelegatingMethodAccessorImpl.invoke(DelegatingMethodAccessorImpl.java:43)
	at java.lang.reflect.Method.invoke(Method.java:497)
	at org.apache.ibatis.plugin.Invocation.proceed(Invocation.java:49)
	at com.baomidou.mybatisplus.extension.plugins.PerformanceInterceptor.intercept(PerformanceInterceptor.java:172)
	at org.apache.ibatis.plugin.Plugin.invoke(Plugin.java:61)
	at com.sun.proxy.$Proxy171.update(Unknown Source)
	at org.apache.ibatis.executor.SimpleExecutor.doUpdate(SimpleExecutor.java:50)
	at org.apache.ibatis.executor.BaseExecutor.update(BaseExecutor.java:117)
	at org.apache.ibatis.session.defaults.DefaultSqlSession.update(DefaultSqlSession.java:198)
	at org.apache.ibatis.session.defaults.DefaultSqlSession.insert(DefaultSqlSession.java:185)
	at sun.reflect.GeneratedMethodAccessor87.invoke(Unknown Source)
	at sun.reflect.DelegatingMethodAccessorImpl.invoke(DelegatingMethodAccessorImpl.java:43)
	at java.lang.reflect.Method.invoke(Method.java:497)
	at org.mybatis.spring.SqlSessionTemplate$SqlSessionInterceptor.invoke(SqlSessionTemplate.java:433)
	at com.sun.proxy.$Proxy134.insert(Unknown Source)
	at org.mybatis.spring.SqlSessionTemplate.insert(SqlSessionTemplate.java:278)
	at com.baomidou.mybatisplus.core.override.MybatisMapperMethod.execute(MybatisMapperMethod.java:64)
	at com.baomidou.mybatisplus.core.override.MybatisMapperProxy.invoke(MybatisMapperProxy.java:61)
	at com.sun.proxy.$Proxy135.insert(Unknown Source)
	at cn.itcast.wanxinp2p.repayment.service.RepaymentServiceImpl.lambda$saveRepaymentPlan$2(RepaymentServiceImpl.java:118)
	at cn.itcast.wanxinp2p.repayment.service.RepaymentServiceImpl$$Lambda$722/2067222578.accept(Unknown Source)
	at java.util.HashMap.forEach(HashMap.java:1280)
	at cn.itcast.wanxinp2p.repayment.service.RepaymentServiceImpl.saveRepaymentPlan(RepaymentServiceImpl.java:89)
	at cn.itcast.wanxinp2p.repayment.service.RepaymentServiceImpl.startRepayment(RepaymentServiceImpl.java:57)
	at cn.itcast.wanxinp2p.repayment.service.RepaymentServiceImpl$$FastClassBySpringCGLIB$$e8c06d50.invoke(<generated>)
	at org.springframework.cglib.proxy.MethodProxy.invoke(MethodProxy.java:218)
	at org.springframework.aop.framework.CglibAopProxy$CglibMethodInvocation.invokeJoinpoint(CglibAopProxy.java:749)
	at org.springframework.aop.framework.ReflectiveMethodInvocation.proceed(ReflectiveMethodInvocation.java:163)
	at com.alibaba.druid.support.spring.stat.DruidStatInterceptor.invoke(DruidStatInterceptor.java:73)
	at org.springframework.aop.framework.ReflectiveMethodInvocation.proceed(ReflectiveMethodInvocation.java:186)
	at org.springframework.aop.framework.CglibAopProxy$DynamicAdvisedInterceptor.intercept(CglibAopProxy.java:688)
	at cn.itcast.wanxinp2p.repayment.service.RepaymentServiceImpl$$EnhancerBySpringCGLIB$$2d947135.startRepayment(<generated>)
	at cn.itcast.wanxinp2p.repayment.service.RepaymentServiceImpl$$FastClassBySpringCGLIB$$e8c06d50.invoke(<generated>)
	at org.springframework.cglib.proxy.MethodProxy.invoke(MethodProxy.java:218)
	at org.springframework.aop.framework.CglibAopProxy$CglibMethodInvocation.invokeJoinpoint(CglibAopProxy.java:749)
	at org.springframework.aop.framework.ReflectiveMethodInvocation.proceed(ReflectiveMethodInvocation.java:163)
	at com.alibaba.druid.support.spring.stat.DruidStatInterceptor.invoke(DruidStatInterceptor.java:73)
	at org.springframework.aop.framework.ReflectiveMethodInvocation.proceed(ReflectiveMethodInvocation.java:186)
	at org.springframework.aop.framework.CglibAopProxy$DynamicAdvisedInterceptor.intercept(CglibAopProxy.java:688)
	at cn.itcast.wanxinp2p.repayment.service.RepaymentServiceImpl$$EnhancerBySpringCGLIB$$2c2d78b3.startRepayment(<generated>)
	at cn.itcast.wanxinp2p.repayment.message.StartRepaymentMessageConsumer.onMessage(StartRepaymentMessageConsumer.java:26)
	at cn.itcast.wanxinp2p.repayment.message.StartRepaymentMessageConsumer.onMessage(StartRepaymentMessageConsumer.java:12)
	at org.apache.rocketmq.spring.support.DefaultRocketMQListenerContainer$DefaultMessageListenerConcurrently.consumeMessage(DefaultRocketMQListenerContainer.java:308)
	at org.apache.rocketmq.client.impl.consumer.ConsumeMessageConcurrentlyService$ConsumeRequest.run(ConsumeMessageConcurrentlyService.java:417)
	at java.util.concurrent.Executors$RunnableAdapter.call(Executors.java:511)
	at java.util.concurrent.FutureTask.run$$$capture(FutureTask.java:266)
	at java.util.concurrent.FutureTask.run(FutureTask.java)
	at java.util.concurrent.ThreadPoolExecutor.runWorker(ThreadPoolExecutor.java:1142)
	at java.util.concurrent.ThreadPoolExecutor$Worker.run(ThreadPoolExecutor.java:617)
	at java.lang.Thread.run(Thread.java:745)
