[wanxinp2p-account-service][${env:SERVER_PORT}] 2021-08-09 11:00:04,392 INFO [NettyClientSelector_1][Slf4jLoggerFactory.java:95] - closeChannel: close the connection to remote address[] result: true
[wanxinp2p-account-service][${env:SERVER_PORT}] 2021-08-09 11:00:08,412 INFO [AsyncResolver-bootstrap-executor-0][ConfigClusterResolver.java:43] - Resolving eureka endpoints via configuration
[wanxinp2p-account-service][${env:SERVER_PORT}] 2021-08-09 11:00:13,705 INFO [NettyClientSelector_1][Slf4jLoggerFactory.java:95] - closeChannel: close the connection to remote address[] result: true
[wanxinp2p-account-service][${env:SERVER_PORT}] 2021-08-09 11:00:34,399 INFO [NettyClientSelector_1][Slf4jLoggerFactory.java:95] - closeChannel: close the connection to remote address[] result: true
[wanxinp2p-account-service][${env:SERVER_PORT}] 2021-08-09 11:00:43,716 INFO [NettyClientSelector_1][Slf4jLoggerFactory.java:95] - closeChannel: close the connection to remote address[] result: true
[wanxinp2p-account-service][${env:SERVER_PORT}] 2021-08-09 11:01:04,389 INFO [NettyClientSelector_1][Slf4jLoggerFactory.java:95] - closeChannel: close the connection to remote address[] result: true
[wanxinp2p-account-service][${env:SERVER_PORT}] 2021-08-09 11:01:13,712 INFO [NettyClientSelector_1][Slf4jLoggerFactory.java:95] - closeChannel: close the connection to remote address[] result: true
[wanxinp2p-account-service][${env:SERVER_PORT}] 2021-08-09 11:01:34,389 INFO [NettyClientSelector_1][Slf4jLoggerFactory.java:95] - closeChannel: close the connection to remote address[] result: true
[wanxinp2p-account-service][${env:SERVER_PORT}] 2021-08-09 11:01:43,704 INFO [NettyClientSelector_1][Slf4jLoggerFactory.java:95] - closeChannel: close the connection to remote address[] result: true
[wanxinp2p-account-service][${env:SERVER_PORT}] 2021-08-09 11:02:04,390 INFO [NettyClientSelector_1][Slf4jLoggerFactory.java:95] - closeChannel: close the connection to remote address[] result: true
[wanxinp2p-account-service][${env:SERVER_PORT}] 2021-08-09 11:02:13,703 INFO [NettyClientSelector_1][Slf4jLoggerFactory.java:95] - closeChannel: close the connection to remote address[] result: true
[wanxinp2p-account-service][${env:SERVER_PORT}] 2021-08-09 11:02:34,390 INFO [NettyClientSelector_1][Slf4jLoggerFactory.java:95] - closeChannel: close the connection to remote address[] result: true
[wanxinp2p-account-service][${env:SERVER_PORT}] 2021-08-09 11:02:43,706 INFO [NettyClientSelector_1][Slf4jLoggerFactory.java:95] - closeChannel: close the connection to remote address[] result: true
[wanxinp2p-account-service][${env:SERVER_PORT}] 2021-08-09 11:03:04,389 INFO [NettyClientSelector_1][Slf4jLoggerFactory.java:95] - closeChannel: close the connection to remote address[] result: true
[wanxinp2p-account-service][${env:SERVER_PORT}] 2021-08-09 11:03:13,714 INFO [NettyClientSelector_1][Slf4jLoggerFactory.java:95] - closeChannel: close the connection to remote address[] result: true
[wanxinp2p-account-service][${env:SERVER_PORT}] 2021-08-09 11:03:34,389 INFO [NettyClientSelector_1][Slf4jLoggerFactory.java:95] - closeChannel: close the connection to remote address[] result: true
[wanxinp2p-account-service][${env:SERVER_PORT}] 2021-08-09 11:03:43,704 INFO [NettyClientSelector_1][Slf4jLoggerFactory.java:95] - closeChannel: close the connection to remote address[] result: true
[wanxinp2p-account-service][${env:SERVER_PORT}] 2021-08-09 11:04:04,389 INFO [NettyClientSelector_1][Slf4jLoggerFactory.java:95] - closeChannel: close the connection to remote address[] result: true
[wanxinp2p-account-service][${env:SERVER_PORT}] 2021-08-09 11:04:13,715 INFO [NettyClientSelector_1][Slf4jLoggerFactory.java:95] - closeChannel: close the connection to remote address[] result: true
[wanxinp2p-account-service][${env:SERVER_PORT}] 2021-08-09 11:04:34,400 INFO [NettyClientSelector_1][Slf4jLoggerFactory.java:95] - closeChannel: close the connection to remote address[] result: true
[wanxinp2p-account-service][${env:SERVER_PORT}] 2021-08-09 11:04:43,712 INFO [NettyClientSelector_1][Slf4jLoggerFactory.java:95] - closeChannel: close the connection to remote address[] result: true
[wanxinp2p-account-service][${env:SERVER_PORT}] 2021-08-09 11:05:04,400 INFO [NettyClientSelector_1][Slf4jLoggerFactory.java:95] - closeChannel: close the connection to remote address[] result: true
[wanxinp2p-account-service][${env:SERVER_PORT}] 2021-08-09 11:05:08,413 INFO [AsyncResolver-bootstrap-executor-0][ConfigClusterResolver.java:43] - Resolving eureka endpoints via configuration
[wanxinp2p-account-service][${env:SERVER_PORT}] 2021-08-09 11:05:13,716 INFO [NettyClientSelector_1][Slf4jLoggerFactory.java:95] - closeChannel: close the connection to remote address[] result: true
[wanxinp2p-account-service][${env:SERVER_PORT}] 2021-08-09 11:05:34,400 INFO [NettyClientSelector_1][Slf4jLoggerFactory.java:95] - closeChannel: close the connection to remote address[] result: true
[wanxinp2p-account-service][${env:SERVER_PORT}] 2021-08-09 11:05:43,716 INFO [NettyClientSelector_1][Slf4jLoggerFactory.java:95] - closeChannel: close the connection to remote address[] result: true
[wanxinp2p-account-service][${env:SERVER_PORT}] 2021-08-09 11:06:04,389 INFO [NettyClientSelector_1][Slf4jLoggerFactory.java:95] - closeChannel: close the connection to remote address[] result: true
[wanxinp2p-account-service][${env:SERVER_PORT}] 2021-08-09 11:06:13,705 INFO [NettyClientSelector_1][Slf4jLoggerFactory.java:95] - closeChannel: close the connection to remote address[] result: true
[wanxinp2p-account-service][${env:SERVER_PORT}] 2021-08-09 11:06:34,400 INFO [NettyClientSelector_1][Slf4jLoggerFactory.java:95] - closeChannel: close the connection to remote address[] result: true
[wanxinp2p-account-service][${env:SERVER_PORT}] 2021-08-09 11:06:43,704 INFO [NettyClientSelector_1][Slf4jLoggerFactory.java:95] - closeChannel: close the connection to remote address[] result: true
[wanxinp2p-account-service][${env:SERVER_PORT}] 2021-08-09 11:07:04,398 INFO [NettyClientSelector_1][Slf4jLoggerFactory.java:95] - closeChannel: close the connection to remote address[] result: true
[wanxinp2p-account-service][${env:SERVER_PORT}] 2021-08-09 11:07:13,706 INFO [NettyClientSelector_1][Slf4jLoggerFactory.java:95] - closeChannel: close the connection to remote address[] result: true
[wanxinp2p-account-service][${env:SERVER_PORT}] 2021-08-09 11:07:34,390 INFO [NettyClientSelector_1][Slf4jLoggerFactory.java:95] - closeChannel: close the connection to remote address[] result: true
[wanxinp2p-account-service][${env:SERVER_PORT}] 2021-08-09 11:07:43,713 INFO [NettyClientSelector_1][Slf4jLoggerFactory.java:95] - closeChannel: close the connection to remote address[] result: true
[wanxinp2p-account-service][${env:SERVER_PORT}] 2021-08-09 11:08:04,390 INFO [NettyClientSelector_1][Slf4jLoggerFactory.java:95] - closeChannel: close the connection to remote address[] result: true
[wanxinp2p-account-service][${env:SERVER_PORT}] 2021-08-09 11:08:13,705 INFO [NettyClientSelector_1][Slf4jLoggerFactory.java:95] - closeChannel: close the connection to remote address[] result: true
[wanxinp2p-account-service][${env:SERVER_PORT}] 2021-08-09 11:08:34,391 INFO [NettyClientSelector_1][Slf4jLoggerFactory.java:95] - closeChannel: close the connection to remote address[] result: true
[wanxinp2p-account-service][${env:SERVER_PORT}] 2021-08-09 11:08:43,710 INFO [NettyClientSelector_1][Slf4jLoggerFactory.java:95] - closeChannel: close the connection to remote address[] result: true
[wanxinp2p-account-service][${env:SERVER_PORT}] 2021-08-09 11:09:04,396 INFO [NettyClientSelector_1][Slf4jLoggerFactory.java:95] - closeChannel: close the connection to remote address[] result: true
[wanxinp2p-account-service][${env:SERVER_PORT}] 2021-08-09 11:09:13,713 INFO [NettyClientSelector_1][Slf4jLoggerFactory.java:95] - closeChannel: close the connection to remote address[] result: true
[wanxinp2p-account-service][${env:SERVER_PORT}] 2021-08-09 11:09:34,398 INFO [NettyClientSelector_1][Slf4jLoggerFactory.java:95] - closeChannel: close the connection to remote address[] result: true
[wanxinp2p-account-service][${env:SERVER_PORT}] 2021-08-09 11:09:43,705 INFO [NettyClientSelector_1][Slf4jLoggerFactory.java:95] - closeChannel: close the connection to remote address[] result: true
[wanxinp2p-account-service][${env:SERVER_PORT}] 2021-08-09 11:10:04,390 INFO [NettyClientSelector_1][Slf4jLoggerFactory.java:95] - closeChannel: close the connection to remote address[] result: true
[wanxinp2p-account-service][${env:SERVER_PORT}] 2021-08-09 11:10:08,414 INFO [AsyncResolver-bootstrap-executor-0][ConfigClusterResolver.java:43] - Resolving eureka endpoints via configuration
[wanxinp2p-account-service][${env:SERVER_PORT}] 2021-08-09 11:10:13,708 INFO [NettyClientSelector_1][Slf4jLoggerFactory.java:95] - closeChannel: close the connection to remote address[] result: true
[wanxinp2p-account-service][${env:SERVER_PORT}] 2021-08-09 11:10:34,393 INFO [NettyClientSelector_1][Slf4jLoggerFactory.java:95] - closeChannel: close the connection to remote address[] result: true
[wanxinp2p-account-service][${env:SERVER_PORT}] 2021-08-09 11:10:43,710 INFO [NettyClientSelector_1][Slf4jLoggerFactory.java:95] - closeChannel: close the connection to remote address[] result: true
[wanxinp2p-account-service][${env:SERVER_PORT}] 2021-08-09 11:11:04,392 INFO [NettyClientSelector_1][Slf4jLoggerFactory.java:95] - closeChannel: close the connection to remote address[] result: true
[wanxinp2p-account-service][${env:SERVER_PORT}] 2021-08-09 11:11:13,707 INFO [NettyClientSelector_1][Slf4jLoggerFactory.java:95] - closeChannel: close the connection to remote address[] result: true
[wanxinp2p-account-service][${env:SERVER_PORT}] 2021-08-09 11:11:34,390 INFO [NettyClientSelector_1][Slf4jLoggerFactory.java:95] - closeChannel: close the connection to remote address[] result: true
[wanxinp2p-account-service][${env:SERVER_PORT}] 2021-08-09 11:11:43,714 INFO [NettyClientSelector_1][Slf4jLoggerFactory.java:95] - closeChannel: close the connection to remote address[] result: true
[wanxinp2p-account-service][${env:SERVER_PORT}] 2021-08-09 11:12:04,391 INFO [NettyClientSelector_1][Slf4jLoggerFactory.java:95] - closeChannel: close the connection to remote address[] result: true
[wanxinp2p-account-service][${env:SERVER_PORT}] 2021-08-09 11:12:13,705 INFO [NettyClientSelector_1][Slf4jLoggerFactory.java:95] - closeChannel: close the connection to remote address[] result: true
[wanxinp2p-account-service][${env:SERVER_PORT}] 2021-08-09 11:12:34,393 INFO [NettyClientSelector_1][Slf4jLoggerFactory.java:95] - closeChannel: close the connection to remote address[] result: true
[wanxinp2p-account-service][${env:SERVER_PORT}] 2021-08-09 11:12:43,710 INFO [NettyClientSelector_1][Slf4jLoggerFactory.java:95] - closeChannel: close the connection to remote address[] result: true
[wanxinp2p-account-service][${env:SERVER_PORT}] 2021-08-09 11:13:04,395 INFO [NettyClientSelector_1][Slf4jLoggerFactory.java:95] - closeChannel: close the connection to remote address[] result: true
[wanxinp2p-account-service][${env:SERVER_PORT}] 2021-08-09 11:13:13,703 INFO [NettyClientSelector_1][Slf4jLoggerFactory.java:95] - closeChannel: close the connection to remote address[] result: true
[wanxinp2p-account-service][${env:SERVER_PORT}] 2021-08-09 11:13:34,400 INFO [NettyClientSelector_1][Slf4jLoggerFactory.java:95] - closeChannel: close the connection to remote address[] result: true
[wanxinp2p-account-service][${env:SERVER_PORT}] 2021-08-09 11:13:43,708 INFO [NettyClientSelector_1][Slf4jLoggerFactory.java:95] - closeChannel: close the connection to remote address[] result: true
[wanxinp2p-account-service][${env:SERVER_PORT}] 2021-08-09 11:14:04,402 INFO [NettyClientSelector_1][Slf4jLoggerFactory.java:95] - closeChannel: close the connection to remote address[] result: true
[wanxinp2p-account-service][${env:SERVER_PORT}] 2021-08-09 11:14:13,715 INFO [NettyClientSelector_1][Slf4jLoggerFactory.java:95] - closeChannel: close the connection to remote address[] result: true
[wanxinp2p-account-service][${env:SERVER_PORT}] 2021-08-09 11:14:34,390 INFO [NettyClientSelector_1][Slf4jLoggerFactory.java:95] - closeChannel: close the connection to remote address[] result: true
[wanxinp2p-account-service][${env:SERVER_PORT}] 2021-08-09 11:14:43,707 INFO [NettyClientSelector_1][Slf4jLoggerFactory.java:95] - closeChannel: close the connection to remote address[] result: true
[wanxinp2p-account-service][${env:SERVER_PORT}] 2021-08-09 11:15:04,398 INFO [NettyClientSelector_1][Slf4jLoggerFactory.java:95] - closeChannel: close the connection to remote address[] result: true
[wanxinp2p-account-service][${env:SERVER_PORT}] 2021-08-09 11:15:08,415 INFO [AsyncResolver-bootstrap-executor-0][ConfigClusterResolver.java:43] - Resolving eureka endpoints via configuration
[wanxinp2p-account-service][${env:SERVER_PORT}] 2021-08-09 11:15:13,702 INFO [NettyClientSelector_1][Slf4jLoggerFactory.java:95] - closeChannel: close the connection to remote address[] result: true
[wanxinp2p-account-service][${env:SERVER_PORT}] 2021-08-09 11:15:34,390 INFO [NettyClientSelector_1][Slf4jLoggerFactory.java:95] - closeChannel: close the connection to remote address[] result: true
[wanxinp2p-account-service][${env:SERVER_PORT}] 2021-08-09 11:15:43,705 INFO [NettyClientSelector_1][Slf4jLoggerFactory.java:95] - closeChannel: close the connection to remote address[] result: true
[wanxinp2p-account-service][${env:SERVER_PORT}] 2021-08-09 11:16:04,389 INFO [NettyClientSelector_1][Slf4jLoggerFactory.java:95] - closeChannel: close the connection to remote address[] result: true
[wanxinp2p-account-service][${env:SERVER_PORT}] 2021-08-09 11:16:13,705 INFO [NettyClientSelector_1][Slf4jLoggerFactory.java:95] - closeChannel: close the connection to remote address[] result: true
[wanxinp2p-account-service][${env:SERVER_PORT}] 2021-08-09 11:16:34,392 INFO [NettyClientSelector_1][Slf4jLoggerFactory.java:95] - closeChannel: close the connection to remote address[] result: true
[wanxinp2p-account-service][${env:SERVER_PORT}] 2021-08-09 11:16:43,713 INFO [NettyClientSelector_1][Slf4jLoggerFactory.java:95] - closeChannel: close the connection to remote address[] result: true
[wanxinp2p-account-service][${env:SERVER_PORT}] 2021-08-09 11:17:04,389 INFO [NettyClientSelector_1][Slf4jLoggerFactory.java:95] - closeChannel: close the connection to remote address[] result: true
[wanxinp2p-account-service][${env:SERVER_PORT}] 2021-08-09 11:17:13,706 INFO [NettyClientSelector_1][Slf4jLoggerFactory.java:95] - closeChannel: close the connection to remote address[] result: true
[wanxinp2p-account-service][${env:SERVER_PORT}] 2021-08-09 11:17:34,400 INFO [NettyClientSelector_1][Slf4jLoggerFactory.java:95] - closeChannel: close the connection to remote address[] result: true
[wanxinp2p-account-service][${env:SERVER_PORT}] 2021-08-09 11:17:43,704 INFO [NettyClientSelector_1][Slf4jLoggerFactory.java:95] - closeChannel: close the connection to remote address[] result: true
[wanxinp2p-account-service][${env:SERVER_PORT}] 2021-08-09 11:18:04,401 INFO [NettyClientSelector_1][Slf4jLoggerFactory.java:95] - closeChannel: close the connection to remote address[] result: true
[wanxinp2p-account-service][${env:SERVER_PORT}] 2021-08-09 11:18:13,714 INFO [NettyClientSelector_1][Slf4jLoggerFactory.java:95] - closeChannel: close the connection to remote address[] result: true
[wanxinp2p-account-service][${env:SERVER_PORT}] 2021-08-09 11:18:34,402 INFO [NettyClientSelector_1][Slf4jLoggerFactory.java:95] - closeChannel: close the connection to remote address[] result: true
[wanxinp2p-account-service][${env:SERVER_PORT}] 2021-08-09 11:18:43,705 INFO [NettyClientSelector_1][Slf4jLoggerFactory.java:95] - closeChannel: close the connection to remote address[] result: true
[wanxinp2p-account-service][${env:SERVER_PORT}] 2021-08-09 11:19:04,393 INFO [NettyClientSelector_1][Slf4jLoggerFactory.java:95] - closeChannel: close the connection to remote address[] result: true
[wanxinp2p-account-service][${env:SERVER_PORT}] 2021-08-09 11:19:13,705 INFO [NettyClientSelector_1][Slf4jLoggerFactory.java:95] - closeChannel: close the connection to remote address[] result: true
[wanxinp2p-account-service][${env:SERVER_PORT}] 2021-08-09 11:19:34,392 INFO [NettyClientSelector_1][Slf4jLoggerFactory.java:95] - closeChannel: close the connection to remote address[] result: true
[wanxinp2p-account-service][${env:SERVER_PORT}] 2021-08-09 11:19:43,703 INFO [NettyClientSelector_1][Slf4jLoggerFactory.java:95] - closeChannel: close the connection to remote address[] result: true
[wanxinp2p-account-service][${env:SERVER_PORT}] 2021-08-09 11:20:04,400 INFO [NettyClientSelector_1][Slf4jLoggerFactory.java:95] - closeChannel: close the connection to remote address[] result: true
[wanxinp2p-account-service][${env:SERVER_PORT}] 2021-08-09 11:20:08,416 INFO [AsyncResolver-bootstrap-executor-0][ConfigClusterResolver.java:43] - Resolving eureka endpoints via configuration
[wanxinp2p-account-service][${env:SERVER_PORT}] 2021-08-09 11:20:13,705 INFO [NettyClientSelector_1][Slf4jLoggerFactory.java:95] - closeChannel: close the connection to remote address[] result: true
[wanxinp2p-account-service][${env:SERVER_PORT}] 2021-08-09 11:20:34,401 INFO [NettyClientSelector_1][Slf4jLoggerFactory.java:95] - closeChannel: close the connection to remote address[] result: true
[wanxinp2p-account-service][${env:SERVER_PORT}] 2021-08-09 11:20:43,708 INFO [NettyClientSelector_1][Slf4jLoggerFactory.java:95] - closeChannel: close the connection to remote address[] result: true
[wanxinp2p-account-service][${env:SERVER_PORT}] 2021-08-09 11:20:44,013 ERROR [DiscoveryClient-HeartbeatExecutor-0][RedirectingEurekaHttpClient.java:91] - Request execution error. endpoint=DefaultEndpoint{ serviceUrl='http://localhost:53000/eureka/}
com.sun.jersey.api.client.ClientHandlerException: java.net.ConnectException: Connection refused: connect
	at com.sun.jersey.client.apache4.ApacheHttpClient4Handler.handle(ApacheHttpClient4Handler.java:187)
	at com.sun.jersey.api.client.filter.GZIPContentEncodingFilter.handle(GZIPContentEncodingFilter.java:123)
	at com.netflix.discovery.EurekaIdentityHeaderFilter.handle(EurekaIdentityHeaderFilter.java:27)
	at com.sun.jersey.api.client.Client.handle(Client.java:652)
	at com.sun.jersey.api.client.WebResource.handle(WebResource.java:682)
	at com.sun.jersey.api.client.WebResource.access$200(WebResource.java:74)
	at com.sun.jersey.api.client.WebResource$Builder.put(WebResource.java:529)
	at com.netflix.discovery.shared.transport.jersey.AbstractJerseyEurekaHttpClient.sendHeartBeat(AbstractJerseyEurekaHttpClient.java:102)
	at com.netflix.discovery.shared.transport.decorator.EurekaHttpClientDecorator$3.execute(EurekaHttpClientDecorator.java:92)
	at com.netflix.discovery.shared.transport.decorator.MetricsCollectingEurekaHttpClient.execute(MetricsCollectingEurekaHttpClient.java:73)
	at com.netflix.discovery.shared.transport.decorator.EurekaHttpClientDecorator.sendHeartBeat(EurekaHttpClientDecorator.java:89)
	at com.netflix.discovery.shared.transport.decorator.EurekaHttpClientDecorator$3.execute(EurekaHttpClientDecorator.java:92)
	at com.netflix.discovery.shared.transport.decorator.RedirectingEurekaHttpClient.execute(RedirectingEurekaHttpClient.java:89)
	at com.netflix.discovery.shared.transport.decorator.EurekaHttpClientDecorator.sendHeartBeat(EurekaHttpClientDecorator.java:89)
	at com.netflix.discovery.shared.transport.decorator.EurekaHttpClientDecorator$3.execute(EurekaHttpClientDecorator.java:92)
	at com.netflix.discovery.shared.transport.decorator.RetryableEurekaHttpClient.execute(RetryableEurekaHttpClient.java:120)
	at com.netflix.discovery.shared.transport.decorator.EurekaHttpClientDecorator.sendHeartBeat(EurekaHttpClientDecorator.java:89)
	at com.netflix.discovery.shared.transport.decorator.EurekaHttpClientDecorator$3.execute(EurekaHttpClientDecorator.java:92)
	at com.netflix.discovery.shared.transport.decorator.SessionedEurekaHttpClient.execute(SessionedEurekaHttpClient.java:77)
	at com.netflix.discovery.shared.transport.decorator.EurekaHttpClientDecorator.sendHeartBeat(EurekaHttpClientDecorator.java:89)
	at com.netflix.discovery.DiscoveryClient.renew(DiscoveryClient.java:846)
	at com.netflix.discovery.DiscoveryClient$HeartbeatThread.run(DiscoveryClient.java:1405)
	at java.util.concurrent.Executors$RunnableAdapter.call(Executors.java:511)
	at java.util.concurrent.FutureTask.run(FutureTask.java:266)
	at java.util.concurrent.ThreadPoolExecutor.runWorker(ThreadPoolExecutor.java:1142)
	at java.util.concurrent.ThreadPoolExecutor$Worker.run(ThreadPoolExecutor.java:617)
	at java.lang.Thread.run(Thread.java:745)
Caused by: java.net.ConnectException: Connection refused: connect
	at java.net.DualStackPlainSocketImpl.waitForConnect(Native Method)
	at java.net.DualStackPlainSocketImpl.socketConnect(DualStackPlainSocketImpl.java:85)
	at java.net.AbstractPlainSocketImpl.doConnect(AbstractPlainSocketImpl.java:345)
	at java.net.AbstractPlainSocketImpl.connectToAddress(AbstractPlainSocketImpl.java:206)
	at java.net.AbstractPlainSocketImpl.connect(AbstractPlainSocketImpl.java:188)
	at java.net.PlainSocketImpl.connect(PlainSocketImpl.java:172)
	at java.net.SocksSocketImpl.connect(SocksSocketImpl.java:392)
	at java.net.Socket.connect(Socket.java:589)
	at org.apache.http.conn.scheme.PlainSocketFactory.connectSocket(PlainSocketFactory.java:121)
	at org.apache.http.impl.conn.DefaultClientConnectionOperator.openConnection(DefaultClientConnectionOperator.java:180)
	at org.apache.http.impl.conn.AbstractPoolEntry.open(AbstractPoolEntry.java:144)
	at org.apache.http.impl.conn.AbstractPooledConnAdapter.open(AbstractPooledConnAdapter.java:134)
	at org.apache.http.impl.client.DefaultRequestDirector.tryConnect(DefaultRequestDirector.java:605)
	at org.apache.http.impl.client.DefaultRequestDirector.execute(DefaultRequestDirector.java:440)
	at org.apache.http.impl.client.AbstractHttpClient.doExecute(AbstractHttpClient.java:835)
	at org.apache.http.impl.client.CloseableHttpClient.execute(CloseableHttpClient.java:118)
	at org.apache.http.impl.client.CloseableHttpClient.execute(CloseableHttpClient.java:56)
	at com.sun.jersey.client.apache4.ApacheHttpClient4Handler.handle(ApacheHttpClient4Handler.java:173)
	... 26 more
[wanxinp2p-account-service][${env:SERVER_PORT}] 2021-08-09 11:20:44,061 WARN [DiscoveryClient-HeartbeatExecutor-0][RetryableEurekaHttpClient.java:130] - Request execution failed with message: java.net.ConnectException: Connection refused: connect
[wanxinp2p-account-service][${env:SERVER_PORT}] 2021-08-09 11:20:44,813 ERROR [DiscoveryClient-CacheRefreshExecutor-0][RedirectingEurekaHttpClient.java:91] - Request execution error. endpoint=DefaultEndpoint{ serviceUrl='http://localhost:53000/eureka/}
com.sun.jersey.api.client.ClientHandlerException: java.net.ConnectException: Connection refused: connect
	at com.sun.jersey.client.apache4.ApacheHttpClient4Handler.handle(ApacheHttpClient4Handler.java:187)
	at com.sun.jersey.api.client.filter.GZIPContentEncodingFilter.handle(GZIPContentEncodingFilter.java:123)
	at com.netflix.discovery.EurekaIdentityHeaderFilter.handle(EurekaIdentityHeaderFilter.java:27)
	at com.sun.jersey.api.client.Client.handle(Client.java:652)
	at com.sun.jersey.api.client.WebResource.handle(WebResource.java:682)
	at com.sun.jersey.api.client.WebResource.access$200(WebResource.java:74)
	at com.sun.jersey.api.client.WebResource$Builder.get(WebResource.java:509)
	at com.netflix.discovery.shared.transport.jersey.AbstractJerseyEurekaHttpClient.getApplicationsInternal(AbstractJerseyEurekaHttpClient.java:194)
	at com.netflix.discovery.shared.transport.jersey.AbstractJerseyEurekaHttpClient.getDelta(AbstractJerseyEurekaHttpClient.java:170)
	at com.netflix.discovery.shared.transport.decorator.EurekaHttpClientDecorator$7.execute(EurekaHttpClientDecorator.java:152)
	at com.netflix.discovery.shared.transport.decorator.MetricsCollectingEurekaHttpClient.execute(MetricsCollectingEurekaHttpClient.java:73)
	at com.netflix.discovery.shared.transport.decorator.EurekaHttpClientDecorator.getDelta(EurekaHttpClientDecorator.java:149)
	at com.netflix.discovery.shared.transport.decorator.EurekaHttpClientDecorator$7.execute(EurekaHttpClientDecorator.java:152)
	at com.netflix.discovery.shared.transport.decorator.RedirectingEurekaHttpClient.execute(RedirectingEurekaHttpClient.java:89)
	at com.netflix.discovery.shared.transport.decorator.EurekaHttpClientDecorator.getDelta(EurekaHttpClientDecorator.java:149)
	at com.netflix.discovery.shared.transport.decorator.EurekaHttpClientDecorator$7.execute(EurekaHttpClientDecorator.java:152)
	at com.netflix.discovery.shared.transport.decorator.RetryableEurekaHttpClient.execute(RetryableEurekaHttpClient.java:120)
	at com.netflix.discovery.shared.transport.decorator.EurekaHttpClientDecorator.getDelta(EurekaHttpClientDecorator.java:149)
	at com.netflix.discovery.shared.transport.decorator.EurekaHttpClientDecorator$7.execute(EurekaHttpClientDecorator.java:152)
	at com.netflix.discovery.shared.transport.decorator.SessionedEurekaHttpClient.execute(SessionedEurekaHttpClient.java:77)
	at com.netflix.discovery.shared.transport.decorator.EurekaHttpClientDecorator.getDelta(EurekaHttpClientDecorator.java:149)
	at com.netflix.discovery.DiscoveryClient.getAndUpdateDelta(DiscoveryClient.java:1085)
	at com.netflix.discovery.DiscoveryClient.fetchRegistry(DiscoveryClient.java:967)
	at com.netflix.discovery.DiscoveryClient.refreshRegistry(DiscoveryClient.java:1479)
	at com.netflix.discovery.DiscoveryClient$CacheRefreshThread.run(DiscoveryClient.java:1446)
	at java.util.concurrent.Executors$RunnableAdapter.call(Executors.java:511)
	at java.util.concurrent.FutureTask.run(FutureTask.java:266)
	at java.util.concurrent.ThreadPoolExecutor.runWorker(ThreadPoolExecutor.java:1142)
	at java.util.concurrent.ThreadPoolExecutor$Worker.run(ThreadPoolExecutor.java:617)
	at java.lang.Thread.run(Thread.java:745)
Caused by: java.net.ConnectException: Connection refused: connect
	at java.net.DualStackPlainSocketImpl.waitForConnect(Native Method)
	at java.net.DualStackPlainSocketImpl.socketConnect(DualStackPlainSocketImpl.java:85)
	at java.net.AbstractPlainSocketImpl.doConnect(AbstractPlainSocketImpl.java:345)
	at java.net.AbstractPlainSocketImpl.connectToAddress(AbstractPlainSocketImpl.java:206)
	at java.net.AbstractPlainSocketImpl.connect(AbstractPlainSocketImpl.java:188)
	at java.net.PlainSocketImpl.connect(PlainSocketImpl.java:172)
	at java.net.SocksSocketImpl.connect(SocksSocketImpl.java:392)
	at java.net.Socket.connect(Socket.java:589)
	at org.apache.http.conn.scheme.PlainSocketFactory.connectSocket(PlainSocketFactory.java:121)
	at org.apache.http.impl.conn.DefaultClientConnectionOperator.openConnection(DefaultClientConnectionOperator.java:180)
	at org.apache.http.impl.conn.AbstractPoolEntry.open(AbstractPoolEntry.java:144)
	at org.apache.http.impl.conn.AbstractPooledConnAdapter.open(AbstractPooledConnAdapter.java:134)
	at org.apache.http.impl.client.DefaultRequestDirector.tryConnect(DefaultRequestDirector.java:605)
	at org.apache.http.impl.client.DefaultRequestDirector.execute(DefaultRequestDirector.java:440)
	at org.apache.http.impl.client.AbstractHttpClient.doExecute(AbstractHttpClient.java:835)
	at org.apache.http.impl.client.CloseableHttpClient.execute(CloseableHttpClient.java:118)
	at org.apache.http.impl.client.CloseableHttpClient.execute(CloseableHttpClient.java:56)
	at com.sun.jersey.client.apache4.ApacheHttpClient4Handler.handle(ApacheHttpClient4Handler.java:173)
	... 29 more
[wanxinp2p-account-service][${env:SERVER_PORT}] 2021-08-09 11:20:44,814 WARN [DiscoveryClient-CacheRefreshExecutor-0][RetryableEurekaHttpClient.java:130] - Request execution failed with message: java.net.ConnectException: Connection refused: connect
[wanxinp2p-account-service][${env:SERVER_PORT}] 2021-08-09 11:20:48,206 ERROR [DiscoveryClient-HeartbeatExecutor-0][RedirectingEurekaHttpClient.java:83] - Request execution error. endpoint=DefaultEndpoint{ serviceUrl='http://localhost:53000/eureka/}
com.sun.jersey.api.client.ClientHandlerException: java.net.ConnectException: Connection refused: connect
	at com.sun.jersey.client.apache4.ApacheHttpClient4Handler.handle(ApacheHttpClient4Handler.java:187)
	at com.sun.jersey.api.client.filter.GZIPContentEncodingFilter.handle(GZIPContentEncodingFilter.java:123)
	at com.netflix.discovery.EurekaIdentityHeaderFilter.handle(EurekaIdentityHeaderFilter.java:27)
	at com.sun.jersey.api.client.Client.handle(Client.java:652)
	at com.sun.jersey.api.client.WebResource.handle(WebResource.java:682)
	at com.sun.jersey.api.client.WebResource.access$200(WebResource.java:74)
	at com.sun.jersey.api.client.WebResource$Builder.put(WebResource.java:529)
	at com.netflix.discovery.shared.transport.jersey.AbstractJerseyEurekaHttpClient.sendHeartBeat(AbstractJerseyEurekaHttpClient.java:102)
	at com.netflix.discovery.shared.transport.decorator.EurekaHttpClientDecorator$3.execute(EurekaHttpClientDecorator.java:92)
	at com.netflix.discovery.shared.transport.decorator.MetricsCollectingEurekaHttpClient.execute(MetricsCollectingEurekaHttpClient.java:73)
	at com.netflix.discovery.shared.transport.decorator.EurekaHttpClientDecorator.sendHeartBeat(EurekaHttpClientDecorator.java:89)
	at com.netflix.discovery.shared.transport.decorator.EurekaHttpClientDecorator$3.execute(EurekaHttpClientDecorator.java:92)
	at com.netflix.discovery.shared.transport.decorator.RedirectingEurekaHttpClient.executeOnNewServer(RedirectingEurekaHttpClient.java:118)
	at com.netflix.discovery.shared.transport.decorator.RedirectingEurekaHttpClient.execute(RedirectingEurekaHttpClient.java:79)
	at com.netflix.discovery.shared.transport.decorator.EurekaHttpClientDecorator.sendHeartBeat(EurekaHttpClientDecorator.java:89)
	at com.netflix.discovery.shared.transport.decorator.EurekaHttpClientDecorator$3.execute(EurekaHttpClientDecorator.java:92)
	at com.netflix.discovery.shared.transport.decorator.RetryableEurekaHttpClient.execute(RetryableEurekaHttpClient.java:120)
	at com.netflix.discovery.shared.transport.decorator.EurekaHttpClientDecorator.sendHeartBeat(EurekaHttpClientDecorator.java:89)
	at com.netflix.discovery.shared.transport.decorator.EurekaHttpClientDecorator$3.execute(EurekaHttpClientDecorator.java:92)
	at com.netflix.discovery.shared.transport.decorator.SessionedEurekaHttpClient.execute(SessionedEurekaHttpClient.java:77)
	at com.netflix.discovery.shared.transport.decorator.EurekaHttpClientDecorator.sendHeartBeat(EurekaHttpClientDecorator.java:89)
	at com.netflix.discovery.DiscoveryClient.renew(DiscoveryClient.java:846)
	at com.netflix.discovery.DiscoveryClient$HeartbeatThread.run(DiscoveryClient.java:1405)
	at java.util.concurrent.Executors$RunnableAdapter.call(Executors.java:511)
	at java.util.concurrent.FutureTask.run(FutureTask.java:266)
	at java.util.concurrent.ThreadPoolExecutor.runWorker(ThreadPoolExecutor.java:1142)
	at java.util.concurrent.ThreadPoolExecutor$Worker.run(ThreadPoolExecutor.java:617)
	at java.lang.Thread.run(Thread.java:745)
Caused by: java.net.ConnectException: Connection refused: connect
	at java.net.DualStackPlainSocketImpl.waitForConnect(Native Method)
	at java.net.DualStackPlainSocketImpl.socketConnect(DualStackPlainSocketImpl.java:85)
	at java.net.AbstractPlainSocketImpl.doConnect(AbstractPlainSocketImpl.java:345)
	at java.net.AbstractPlainSocketImpl.connectToAddress(AbstractPlainSocketImpl.java:206)
	at java.net.AbstractPlainSocketImpl.connect(AbstractPlainSocketImpl.java:188)
	at java.net.PlainSocketImpl.connect(PlainSocketImpl.java:172)
	at java.net.SocksSocketImpl.connect(SocksSocketImpl.java:392)
	at java.net.Socket.connect(Socket.java:589)
	at org.apache.http.conn.scheme.PlainSocketFactory.connectSocket(PlainSocketFactory.java:121)
	at org.apache.http.impl.conn.DefaultClientConnectionOperator.openConnection(DefaultClientConnectionOperator.java:180)
	at org.apache.http.impl.conn.AbstractPoolEntry.open(AbstractPoolEntry.java:144)
	at org.apache.http.impl.conn.AbstractPooledConnAdapter.open(AbstractPooledConnAdapter.java:134)
	at org.apache.http.impl.client.DefaultRequestDirector.tryConnect(DefaultRequestDirector.java:605)
	at org.apache.http.impl.client.DefaultRequestDirector.execute(DefaultRequestDirector.java:440)
	at org.apache.http.impl.client.AbstractHttpClient.doExecute(AbstractHttpClient.java:835)
	at org.apache.http.impl.client.CloseableHttpClient.execute(CloseableHttpClient.java:118)
	at org.apache.http.impl.client.CloseableHttpClient.execute(CloseableHttpClient.java:56)
	at com.sun.jersey.client.apache4.ApacheHttpClient4Handler.handle(ApacheHttpClient4Handler.java:173)
	... 27 more
[wanxinp2p-account-service][${env:SERVER_PORT}] 2021-08-09 11:20:48,208 WARN [DiscoveryClient-HeartbeatExecutor-0][RetryableEurekaHttpClient.java:130] - Request execution failed with message: java.net.ConnectException: Connection refused: connect
[wanxinp2p-account-service][${env:SERVER_PORT}] 2021-08-09 11:20:48,225 ERROR [DiscoveryClient-HeartbeatExecutor-0][DiscoveryClient.java:860] - DiscoveryClient_CONSUMER-SERVICE/consumer-service:172.27.35.1:53030 - was unable to send heartbeat!
com.netflix.discovery.shared.transport.TransportException: Cannot execute request on any known server
	at com.netflix.discovery.shared.transport.decorator.RetryableEurekaHttpClient.execute(RetryableEurekaHttpClient.java:112)
	at com.netflix.discovery.shared.transport.decorator.EurekaHttpClientDecorator.sendHeartBeat(EurekaHttpClientDecorator.java:89)
	at com.netflix.discovery.shared.transport.decorator.EurekaHttpClientDecorator$3.execute(EurekaHttpClientDecorator.java:92)
	at com.netflix.discovery.shared.transport.decorator.SessionedEurekaHttpClient.execute(SessionedEurekaHttpClient.java:77)
	at com.netflix.discovery.shared.transport.decorator.EurekaHttpClientDecorator.sendHeartBeat(EurekaHttpClientDecorator.java:89)
	at com.netflix.discovery.DiscoveryClient.renew(DiscoveryClient.java:846)
	at com.netflix.discovery.DiscoveryClient$HeartbeatThread.run(DiscoveryClient.java:1405)
	at java.util.concurrent.Executors$RunnableAdapter.call(Executors.java:511)
	at java.util.concurrent.FutureTask.run(FutureTask.java:266)
	at java.util.concurrent.ThreadPoolExecutor.runWorker(ThreadPoolExecutor.java:1142)
	at java.util.concurrent.ThreadPoolExecutor$Worker.run(ThreadPoolExecutor.java:617)
	at java.lang.Thread.run(Thread.java:745)
[wanxinp2p-account-service][${env:SERVER_PORT}] 2021-08-09 11:20:48,824 ERROR [DiscoveryClient-CacheRefreshExecutor-0][RedirectingEurekaHttpClient.java:83] - Request execution error. endpoint=DefaultEndpoint{ serviceUrl='http://localhost:53000/eureka/}
com.sun.jersey.api.client.ClientHandlerException: java.net.ConnectException: Connection refused: connect
	at com.sun.jersey.client.apache4.ApacheHttpClient4Handler.handle(ApacheHttpClient4Handler.java:187)
	at com.sun.jersey.api.client.filter.GZIPContentEncodingFilter.handle(GZIPContentEncodingFilter.java:123)
	at com.netflix.discovery.EurekaIdentityHeaderFilter.handle(EurekaIdentityHeaderFilter.java:27)
	at com.sun.jersey.api.client.Client.handle(Client.java:652)
	at com.sun.jersey.api.client.WebResource.handle(WebResource.java:682)
	at com.sun.jersey.api.client.WebResource.access$200(WebResource.java:74)
	at com.sun.jersey.api.client.WebResource$Builder.get(WebResource.java:509)
	at com.netflix.discovery.shared.transport.jersey.AbstractJerseyEurekaHttpClient.getApplicationsInternal(AbstractJerseyEurekaHttpClient.java:194)
	at com.netflix.discovery.shared.transport.jersey.AbstractJerseyEurekaHttpClient.getDelta(AbstractJerseyEurekaHttpClient.java:170)
	at com.netflix.discovery.shared.transport.decorator.EurekaHttpClientDecorator$7.execute(EurekaHttpClientDecorator.java:152)
	at com.netflix.discovery.shared.transport.decorator.MetricsCollectingEurekaHttpClient.execute(MetricsCollectingEurekaHttpClient.java:73)
	at com.netflix.discovery.shared.transport.decorator.EurekaHttpClientDecorator.getDelta(EurekaHttpClientDecorator.java:149)
	at com.netflix.discovery.shared.transport.decorator.EurekaHttpClientDecorator$7.execute(EurekaHttpClientDecorator.java:152)
	at com.netflix.discovery.shared.transport.decorator.RedirectingEurekaHttpClient.executeOnNewServer(RedirectingEurekaHttpClient.java:118)
	at com.netflix.discovery.shared.transport.decorator.RedirectingEurekaHttpClient.execute(RedirectingEurekaHttpClient.java:79)
	at com.netflix.discovery.shared.transport.decorator.EurekaHttpClientDecorator.getDelta(EurekaHttpClientDecorator.java:149)
	at com.netflix.discovery.shared.transport.decorator.EurekaHttpClientDecorator$7.execute(EurekaHttpClientDecorator.java:152)
	at com.netflix.discovery.shared.transport.decorator.RetryableEurekaHttpClient.execute(RetryableEurekaHttpClient.java:120)
	at com.netflix.discovery.shared.transport.decorator.EurekaHttpClientDecorator.getDelta(EurekaHttpClientDecorator.java:149)
	at com.netflix.discovery.shared.transport.decorator.EurekaHttpClientDecorator$7.execute(EurekaHttpClientDecorator.java:152)
	at com.netflix.discovery.shared.transport.decorator.SessionedEurekaHttpClient.execute(SessionedEurekaHttpClient.java:77)
	at com.netflix.discovery.shared.transport.decorator.EurekaHttpClientDecorator.getDelta(EurekaHttpClientDecorator.java:149)
	at com.netflix.discovery.DiscoveryClient.getAndUpdateDelta(DiscoveryClient.java:1085)
	at com.netflix.discovery.DiscoveryClient.fetchRegistry(DiscoveryClient.java:967)
	at com.netflix.discovery.DiscoveryClient.refreshRegistry(DiscoveryClient.java:1479)
	at com.netflix.discovery.DiscoveryClient$CacheRefreshThread.run(DiscoveryClient.java:1446)
	at java.util.concurrent.Executors$RunnableAdapter.call(Executors.java:511)
	at java.util.concurrent.FutureTask.run(FutureTask.java:266)
	at java.util.concurrent.ThreadPoolExecutor.runWorker(ThreadPoolExecutor.java:1142)
	at java.util.concurrent.ThreadPoolExecutor$Worker.run(ThreadPoolExecutor.java:617)
	at java.lang.Thread.run(Thread.java:745)
Caused by: java.net.ConnectException: Connection refused: connect
	at java.net.DualStackPlainSocketImpl.waitForConnect(Native Method)
	at java.net.DualStackPlainSocketImpl.socketConnect(DualStackPlainSocketImpl.java:85)
	at java.net.AbstractPlainSocketImpl.doConnect(AbstractPlainSocketImpl.java:345)
	at java.net.AbstractPlainSocketImpl.connectToAddress(AbstractPlainSocketImpl.java:206)
	at java.net.AbstractPlainSocketImpl.connect(AbstractPlainSocketImpl.java:188)
	at java.net.PlainSocketImpl.connect(PlainSocketImpl.java:172)
	at java.net.SocksSocketImpl.connect(SocksSocketImpl.java:392)
	at java.net.Socket.connect(Socket.java:589)
	at org.apache.http.conn.scheme.PlainSocketFactory.connectSocket(PlainSocketFactory.java:121)
	at org.apache.http.impl.conn.DefaultClientConnectionOperator.openConnection(DefaultClientConnectionOperator.java:180)
	at org.apache.http.impl.conn.AbstractPoolEntry.open(AbstractPoolEntry.java:144)
	at org.apache.http.impl.conn.AbstractPooledConnAdapter.open(AbstractPooledConnAdapter.java:134)
	at org.apache.http.impl.client.DefaultRequestDirector.tryConnect(DefaultRequestDirector.java:605)
	at org.apache.http.impl.client.DefaultRequestDirector.execute(DefaultRequestDirector.java:440)
	at org.apache.http.impl.client.AbstractHttpClient.doExecute(AbstractHttpClient.java:835)
	at org.apache.http.impl.client.CloseableHttpClient.execute(CloseableHttpClient.java:118)
	at org.apache.http.impl.client.CloseableHttpClient.execute(CloseableHttpClient.java:56)
	at com.sun.jersey.client.apache4.ApacheHttpClient4Handler.handle(ApacheHttpClient4Handler.java:173)
	... 30 more
[wanxinp2p-account-service][${env:SERVER_PORT}] 2021-08-09 11:20:48,826 WARN [DiscoveryClient-CacheRefreshExecutor-0][RetryableEurekaHttpClient.java:130] - Request execution failed with message: java.net.ConnectException: Connection refused: connect
[wanxinp2p-account-service][${env:SERVER_PORT}] 2021-08-09 11:20:48,826 ERROR [DiscoveryClient-CacheRefreshExecutor-0][DiscoveryClient.java:972] - DiscoveryClient_CONSUMER-SERVICE/consumer-service:172.27.35.1:53030 - was unable to refresh its cache! status = Cannot execute request on any known server
com.netflix.discovery.shared.transport.TransportException: Cannot execute request on any known server
	at com.netflix.discovery.shared.transport.decorator.RetryableEurekaHttpClient.execute(RetryableEurekaHttpClient.java:112)
	at com.netflix.discovery.shared.transport.decorator.EurekaHttpClientDecorator.getDelta(EurekaHttpClientDecorator.java:149)
	at com.netflix.discovery.shared.transport.decorator.EurekaHttpClientDecorator$7.execute(EurekaHttpClientDecorator.java:152)
	at com.netflix.discovery.shared.transport.decorator.SessionedEurekaHttpClient.execute(SessionedEurekaHttpClient.java:77)
	at com.netflix.discovery.shared.transport.decorator.EurekaHttpClientDecorator.getDelta(EurekaHttpClientDecorator.java:149)
	at com.netflix.discovery.DiscoveryClient.getAndUpdateDelta(DiscoveryClient.java:1085)
	at com.netflix.discovery.DiscoveryClient.fetchRegistry(DiscoveryClient.java:967)
	at com.netflix.discovery.DiscoveryClient.refreshRegistry(DiscoveryClient.java:1479)
	at com.netflix.discovery.DiscoveryClient$CacheRefreshThread.run(DiscoveryClient.java:1446)
	at java.util.concurrent.Executors$RunnableAdapter.call(Executors.java:511)
	at java.util.concurrent.FutureTask.run(FutureTask.java:266)
	at java.util.concurrent.ThreadPoolExecutor.runWorker(ThreadPoolExecutor.java:1142)
	at java.util.concurrent.ThreadPoolExecutor$Worker.run(ThreadPoolExecutor.java:617)
	at java.lang.Thread.run(Thread.java:745)
[wanxinp2p-account-service][${env:SERVER_PORT}] 2021-08-09 11:21:04,392 INFO [NettyClientSelector_1][Slf4jLoggerFactory.java:95] - closeChannel: close the connection to remote address[] result: true
[wanxinp2p-account-service][${env:SERVER_PORT}] 2021-08-09 11:21:13,715 INFO [NettyClientSelector_1][Slf4jLoggerFactory.java:95] - closeChannel: close the connection to remote address[] result: true
[wanxinp2p-account-service][${env:SERVER_PORT}] 2021-08-09 11:21:18,237 INFO [DiscoveryClient-HeartbeatExecutor-0][DiscoveryClient.java:850] - DiscoveryClient_CONSUMER-SERVICE/consumer-service:172.27.35.1:53030 - Re-registering apps/CONSUMER-SERVICE
[wanxinp2p-account-service][${env:SERVER_PORT}] 2021-08-09 11:21:18,237 INFO [DiscoveryClient-HeartbeatExecutor-0][DiscoveryClient.java:826] - DiscoveryClient_CONSUMER-SERVICE/consumer-service:172.27.35.1:53030: registering service...
[wanxinp2p-account-service][${env:SERVER_PORT}] 2021-08-09 11:21:18,257 INFO [DiscoveryClient-HeartbeatExecutor-0][DiscoveryClient.java:835] - DiscoveryClient_CONSUMER-SERVICE/consumer-service:172.27.35.1:53030 - registration status: 204
[wanxinp2p-account-service][${env:SERVER_PORT}] 2021-08-09 11:21:34,391 INFO [NettyClientSelector_1][Slf4jLoggerFactory.java:95] - closeChannel: close the connection to remote address[] result: true
[wanxinp2p-account-service][${env:SERVER_PORT}] 2021-08-09 11:21:43,716 INFO [NettyClientSelector_1][Slf4jLoggerFactory.java:95] - closeChannel: close the connection to remote address[] result: true
[wanxinp2p-account-service][${env:SERVER_PORT}] 2021-08-09 11:21:48,842 INFO [DiscoveryClient-CacheRefreshExecutor-0][DiscoveryClient.java:958] - Disable delta property : false
[wanxinp2p-account-service][${env:SERVER_PORT}] 2021-08-09 11:21:48,842 INFO [DiscoveryClient-CacheRefreshExecutor-0][DiscoveryClient.java:959] - Single vip registry refresh property : null
[wanxinp2p-account-service][${env:SERVER_PORT}] 2021-08-09 11:21:48,842 INFO [DiscoveryClient-CacheRefreshExecutor-0][DiscoveryClient.java:960] - Force full registry fetch : false
[wanxinp2p-account-service][${env:SERVER_PORT}] 2021-08-09 11:21:48,842 INFO [DiscoveryClient-CacheRefreshExecutor-0][DiscoveryClient.java:961] - Application is null : false
[wanxinp2p-account-service][${env:SERVER_PORT}] 2021-08-09 11:21:48,842 INFO [DiscoveryClient-CacheRefreshExecutor-0][DiscoveryClient.java:962] - Registered Applications size is zero : true
[wanxinp2p-account-service][${env:SERVER_PORT}] 2021-08-09 11:21:48,842 INFO [DiscoveryClient-CacheRefreshExecutor-0][DiscoveryClient.java:964] - Application version is -1: false
[wanxinp2p-account-service][${env:SERVER_PORT}] 2021-08-09 11:21:48,842 INFO [DiscoveryClient-CacheRefreshExecutor-0][DiscoveryClient.java:1047] - Getting all instance registry info from the eureka server
[wanxinp2p-account-service][${env:SERVER_PORT}] 2021-08-09 11:21:48,847 INFO [DiscoveryClient-CacheRefreshExecutor-0][DiscoveryClient.java:1056] - The response status is 200
[wanxinp2p-account-service][${env:SERVER_PORT}] 2021-08-09 11:22:04,400 INFO [NettyClientSelector_1][Slf4jLoggerFactory.java:95] - closeChannel: close the connection to remote address[] result: true
[wanxinp2p-account-service][${env:SERVER_PORT}] 2021-08-09 11:22:13,706 INFO [NettyClientSelector_1][Slf4jLoggerFactory.java:95] - closeChannel: close the connection to remote address[] result: true
[wanxinp2p-account-service][${env:SERVER_PORT}] 2021-08-09 11:22:34,398 INFO [NettyClientSelector_1][Slf4jLoggerFactory.java:95] - closeChannel: close the connection to remote address[] result: true
[wanxinp2p-account-service][${env:SERVER_PORT}] 2021-08-09 11:22:43,714 INFO [NettyClientSelector_1][Slf4jLoggerFactory.java:95] - closeChannel: close the connection to remote address[] result: true
[wanxinp2p-account-service][${env:SERVER_PORT}] 2021-08-09 11:23:04,389 INFO [NettyClientSelector_1][Slf4jLoggerFactory.java:95] - closeChannel: close the connection to remote address[] result: true
[wanxinp2p-account-service][${env:SERVER_PORT}] 2021-08-09 11:23:13,705 INFO [NettyClientSelector_1][Slf4jLoggerFactory.java:95] - closeChannel: close the connection to remote address[] result: true
[wanxinp2p-account-service][${env:SERVER_PORT}] 2021-08-09 11:23:34,398 INFO [NettyClientSelector_1][Slf4jLoggerFactory.java:95] - closeChannel: close the connection to remote address[] result: true
[wanxinp2p-account-service][${env:SERVER_PORT}] 2021-08-09 11:23:43,705 INFO [NettyClientSelector_1][Slf4jLoggerFactory.java:95] - closeChannel: close the connection to remote address[] result: true
[wanxinp2p-account-service][${env:SERVER_PORT}] 2021-08-09 11:24:04,389 INFO [NettyClientSelector_1][Slf4jLoggerFactory.java:95] - closeChannel: close the connection to remote address[] result: true
[wanxinp2p-account-service][${env:SERVER_PORT}] 2021-08-09 11:24:13,705 INFO [NettyClientSelector_1][Slf4jLoggerFactory.java:95] - closeChannel: close the connection to remote address[] result: true
[wanxinp2p-account-service][${env:SERVER_PORT}] 2021-08-09 11:24:34,390 INFO [NettyClientSelector_1][Slf4jLoggerFactory.java:95] - closeChannel: close the connection to remote address[] result: true
[wanxinp2p-account-service][${env:SERVER_PORT}] 2021-08-09 11:24:43,703 INFO [NettyClientSelector_1][Slf4jLoggerFactory.java:95] - closeChannel: close the connection to remote address[] result: true
[wanxinp2p-account-service][${env:SERVER_PORT}] 2021-08-09 11:25:04,390 INFO [NettyClientSelector_1][Slf4jLoggerFactory.java:95] - closeChannel: close the connection to remote address[] result: true
[wanxinp2p-account-service][${env:SERVER_PORT}] 2021-08-09 11:25:08,418 INFO [AsyncResolver-bootstrap-executor-0][ConfigClusterResolver.java:43] - Resolving eureka endpoints via configuration
[wanxinp2p-account-service][${env:SERVER_PORT}] 2021-08-09 11:25:13,705 INFO [NettyClientSelector_1][Slf4jLoggerFactory.java:95] - closeChannel: close the connection to remote address[] result: true
[wanxinp2p-account-service][${env:SERVER_PORT}] 2021-08-09 11:25:34,391 INFO [NettyClientSelector_1][Slf4jLoggerFactory.java:95] - closeChannel: close the connection to remote address[] result: true
[wanxinp2p-account-service][${env:SERVER_PORT}] 2021-08-09 11:25:43,703 INFO [NettyClientSelector_1][Slf4jLoggerFactory.java:95] - closeChannel: close the connection to remote address[] result: true
[wanxinp2p-account-service][${env:SERVER_PORT}] 2021-08-09 11:26:04,390 INFO [NettyClientSelector_1][Slf4jLoggerFactory.java:95] - closeChannel: close the connection to remote address[] result: true
[wanxinp2p-account-service][${env:SERVER_PORT}] 2021-08-09 11:26:13,716 INFO [NettyClientSelector_1][Slf4jLoggerFactory.java:95] - closeChannel: close the connection to remote address[] result: true
[wanxinp2p-account-service][${env:SERVER_PORT}] 2021-08-09 11:26:34,390 INFO [NettyClientSelector_1][Slf4jLoggerFactory.java:95] - closeChannel: close the connection to remote address[] result: true
[wanxinp2p-account-service][${env:SERVER_PORT}] 2021-08-09 11:26:43,710 INFO [NettyClientSelector_1][Slf4jLoggerFactory.java:95] - closeChannel: close the connection to remote address[] result: true
[wanxinp2p-account-service][${env:SERVER_PORT}] 2021-08-09 11:27:04,391 INFO [NettyClientSelector_1][Slf4jLoggerFactory.java:95] - closeChannel: close the connection to remote address[] result: true
[wanxinp2p-account-service][${env:SERVER_PORT}] 2021-08-09 11:27:13,706 INFO [NettyClientSelector_1][Slf4jLoggerFactory.java:95] - closeChannel: close the connection to remote address[] result: true
[wanxinp2p-account-service][${env:SERVER_PORT}] 2021-08-09 11:27:34,390 INFO [NettyClientSelector_1][Slf4jLoggerFactory.java:95] - closeChannel: close the connection to remote address[] result: true
[wanxinp2p-account-service][${env:SERVER_PORT}] 2021-08-09 11:27:43,714 INFO [NettyClientSelector_1][Slf4jLoggerFactory.java:95] - closeChannel: close the connection to remote address[] result: true
[wanxinp2p-account-service][${env:SERVER_PORT}] 2021-08-09 11:28:04,392 INFO [NettyClientSelector_1][Slf4jLoggerFactory.java:95] - closeChannel: close the connection to remote address[] result: true
[wanxinp2p-account-service][${env:SERVER_PORT}] 2021-08-09 11:28:13,711 INFO [NettyClientSelector_1][Slf4jLoggerFactory.java:95] - closeChannel: close the connection to remote address[] result: true
[wanxinp2p-account-service][${env:SERVER_PORT}] 2021-08-09 11:28:34,392 INFO [NettyClientSelector_1][Slf4jLoggerFactory.java:95] - closeChannel: close the connection to remote address[] result: true
[wanxinp2p-account-service][${env:SERVER_PORT}] 2021-08-09 11:28:43,711 INFO [NettyClientSelector_1][Slf4jLoggerFactory.java:95] - closeChannel: close the connection to remote address[] result: true
[wanxinp2p-account-service][${env:SERVER_PORT}] 2021-08-09 11:29:04,401 INFO [NettyClientSelector_1][Slf4jLoggerFactory.java:95] - closeChannel: close the connection to remote address[] result: true
[wanxinp2p-account-service][${env:SERVER_PORT}] 2021-08-09 11:29:13,714 INFO [NettyClientSelector_1][Slf4jLoggerFactory.java:95] - closeChannel: close the connection to remote address[] result: true
[wanxinp2p-account-service][${env:SERVER_PORT}] 2021-08-09 11:29:34,390 INFO [NettyClientSelector_1][Slf4jLoggerFactory.java:95] - closeChannel: close the connection to remote address[] result: true
[wanxinp2p-account-service][${env:SERVER_PORT}] 2021-08-09 11:29:43,716 INFO [NettyClientSelector_1][Slf4jLoggerFactory.java:95] - closeChannel: close the connection to remote address[] result: true
[wanxinp2p-account-service][${env:SERVER_PORT}] 2021-08-09 11:30:04,390 INFO [NettyClientSelector_1][Slf4jLoggerFactory.java:95] - closeChannel: close the connection to remote address[] result: true
[wanxinp2p-account-service][${env:SERVER_PORT}] 2021-08-09 11:30:08,418 INFO [AsyncResolver-bootstrap-executor-0][ConfigClusterResolver.java:43] - Resolving eureka endpoints via configuration
[wanxinp2p-account-service][${env:SERVER_PORT}] 2021-08-09 11:30:13,719 INFO [NettyClientSelector_1][Slf4jLoggerFactory.java:95] - closeChannel: close the connection to remote address[] result: true
[wanxinp2p-account-service][${env:SERVER_PORT}] 2021-08-09 11:30:34,400 INFO [NettyClientSelector_1][Slf4jLoggerFactory.java:95] - closeChannel: close the connection to remote address[] result: true
[wanxinp2p-account-service][${env:SERVER_PORT}] 2021-08-09 11:30:43,716 INFO [NettyClientSelector_1][Slf4jLoggerFactory.java:95] - closeChannel: close the connection to remote address[] result: true
[wanxinp2p-account-service][${env:SERVER_PORT}] 2021-08-09 11:31:04,399 INFO [NettyClientSelector_1][Slf4jLoggerFactory.java:95] - closeChannel: close the connection to remote address[] result: true
[wanxinp2p-account-service][${env:SERVER_PORT}] 2021-08-09 11:31:13,707 INFO [NettyClientSelector_1][Slf4jLoggerFactory.java:95] - closeChannel: close the connection to remote address[] result: true
[wanxinp2p-account-service][${env:SERVER_PORT}] 2021-08-09 11:31:34,401 INFO [NettyClientSelector_1][Slf4jLoggerFactory.java:95] - closeChannel: close the connection to remote address[] result: true
[wanxinp2p-account-service][${env:SERVER_PORT}] 2021-08-09 11:31:43,714 INFO [NettyClientSelector_1][Slf4jLoggerFactory.java:95] - closeChannel: close the connection to remote address[] result: true
[wanxinp2p-account-service][${env:SERVER_PORT}] 2021-08-09 11:32:04,405 INFO [NettyClientSelector_1][Slf4jLoggerFactory.java:95] - closeChannel: close the connection to remote address[] result: true
[wanxinp2p-account-service][${env:SERVER_PORT}] 2021-08-09 11:32:13,707 INFO [NettyClientSelector_1][Slf4jLoggerFactory.java:95] - closeChannel: close the connection to remote address[] result: true
[wanxinp2p-account-service][${env:SERVER_PORT}] 2021-08-09 11:32:34,391 INFO [NettyClientSelector_1][Slf4jLoggerFactory.java:95] - closeChannel: close the connection to remote address[] result: true
[wanxinp2p-account-service][${env:SERVER_PORT}] 2021-08-09 11:32:43,714 INFO [NettyClientSelector_1][Slf4jLoggerFactory.java:95] - closeChannel: close the connection to remote address[] result: true
[wanxinp2p-account-service][${env:SERVER_PORT}] 2021-08-09 11:33:04,390 INFO [NettyClientSelector_1][Slf4jLoggerFactory.java:95] - closeChannel: close the connection to remote address[] result: true
[wanxinp2p-account-service][${env:SERVER_PORT}] 2021-08-09 11:33:13,703 INFO [NettyClientSelector_1][Slf4jLoggerFactory.java:95] - closeChannel: close the connection to remote address[] result: true
[wanxinp2p-account-service][${env:SERVER_PORT}] 2021-08-09 11:33:34,392 INFO [NettyClientSelector_1][Slf4jLoggerFactory.java:95] - closeChannel: close the connection to remote address[] result: true
[wanxinp2p-account-service][${env:SERVER_PORT}] 2021-08-09 11:33:43,728 INFO [NettyClientSelector_1][Slf4jLoggerFactory.java:95] - closeChannel: close the connection to remote address[] result: true
[wanxinp2p-account-service][${env:SERVER_PORT}] 2021-08-09 11:34:04,390 INFO [NettyClientSelector_1][Slf4jLoggerFactory.java:95] - closeChannel: close the connection to remote address[] result: true
[wanxinp2p-account-service][${env:SERVER_PORT}] 2021-08-09 11:34:13,734 INFO [NettyClientSelector_1][Slf4jLoggerFactory.java:95] - closeChannel: close the connection to remote address[] result: true
[wanxinp2p-account-service][${env:SERVER_PORT}] 2021-08-09 11:34:34,390 INFO [NettyClientSelector_1][Slf4jLoggerFactory.java:95] - closeChannel: close the connection to remote address[] result: true
[wanxinp2p-account-service][${env:SERVER_PORT}] 2021-08-09 11:34:43,707 INFO [NettyClientSelector_1][Slf4jLoggerFactory.java:95] - closeChannel: close the connection to remote address[] result: true
[wanxinp2p-account-service][${env:SERVER_PORT}] 2021-08-09 11:35:04,401 INFO [NettyClientSelector_1][Slf4jLoggerFactory.java:95] - closeChannel: close the connection to remote address[] result: true
[wanxinp2p-account-service][${env:SERVER_PORT}] 2021-08-09 11:35:08,419 INFO [AsyncResolver-bootstrap-executor-0][ConfigClusterResolver.java:43] - Resolving eureka endpoints via configuration
[wanxinp2p-account-service][${env:SERVER_PORT}] 2021-08-09 11:35:13,709 INFO [NettyClientSelector_1][Slf4jLoggerFactory.java:95] - closeChannel: close the connection to remote address[] result: true
[wanxinp2p-account-service][${env:SERVER_PORT}] 2021-08-09 11:35:34,388 INFO [NettyClientSelector_1][Slf4jLoggerFactory.java:95] - closeChannel: close the connection to remote address[] result: true
[wanxinp2p-account-service][${env:SERVER_PORT}] 2021-08-09 11:35:43,715 INFO [NettyClientSelector_1][Slf4jLoggerFactory.java:95] - closeChannel: close the connection to remote address[] result: true
[wanxinp2p-account-service][${env:SERVER_PORT}] 2021-08-09 11:36:04,400 INFO [NettyClientSelector_1][Slf4jLoggerFactory.java:95] - closeChannel: close the connection to remote address[] result: true
[wanxinp2p-account-service][${env:SERVER_PORT}] 2021-08-09 11:36:13,705 INFO [NettyClientSelector_1][Slf4jLoggerFactory.java:95] - closeChannel: close the connection to remote address[] result: true
[wanxinp2p-account-service][${env:SERVER_PORT}] 2021-08-09 11:36:34,392 INFO [NettyClientSelector_1][Slf4jLoggerFactory.java:95] - closeChannel: close the connection to remote address[] result: true
[wanxinp2p-account-service][${env:SERVER_PORT}] 2021-08-09 11:36:43,715 INFO [NettyClientSelector_1][Slf4jLoggerFactory.java:95] - closeChannel: close the connection to remote address[] result: true
[wanxinp2p-account-service][${env:SERVER_PORT}] 2021-08-09 11:37:04,389 INFO [NettyClientSelector_1][Slf4jLoggerFactory.java:95] - closeChannel: close the connection to remote address[] result: true
[wanxinp2p-account-service][${env:SERVER_PORT}] 2021-08-09 11:37:13,703 INFO [NettyClientSelector_1][Slf4jLoggerFactory.java:95] - closeChannel: close the connection to remote address[] result: true
[wanxinp2p-account-service][${env:SERVER_PORT}] 2021-08-09 11:37:34,391 INFO [NettyClientSelector_1][Slf4jLoggerFactory.java:95] - closeChannel: close the connection to remote address[] result: true
[wanxinp2p-account-service][${env:SERVER_PORT}] 2021-08-09 11:37:43,702 INFO [NettyClientSelector_1][Slf4jLoggerFactory.java:95] - closeChannel: close the connection to remote address[] result: true
[wanxinp2p-account-service][${env:SERVER_PORT}] 2021-08-09 11:38:04,390 INFO [NettyClientSelector_1][Slf4jLoggerFactory.java:95] - closeChannel: close the connection to remote address[] result: true
[wanxinp2p-account-service][${env:SERVER_PORT}] 2021-08-09 11:38:13,703 INFO [NettyClientSelector_1][Slf4jLoggerFactory.java:95] - closeChannel: close the connection to remote address[] result: true
[wanxinp2p-account-service][${env:SERVER_PORT}] 2021-08-09 11:38:34,401 INFO [NettyClientSelector_1][Slf4jLoggerFactory.java:95] - closeChannel: close the connection to remote address[] result: true
[wanxinp2p-account-service][${env:SERVER_PORT}] 2021-08-09 11:38:43,706 INFO [NettyClientSelector_1][Slf4jLoggerFactory.java:95] - closeChannel: close the connection to remote address[] result: true
[wanxinp2p-account-service][${env:SERVER_PORT}] 2021-08-09 11:39:04,395 INFO [NettyClientSelector_1][Slf4jLoggerFactory.java:95] - closeChannel: close the connection to remote address[] result: true
[wanxinp2p-account-service][${env:SERVER_PORT}] 2021-08-09 11:39:13,713 INFO [NettyClientSelector_1][Slf4jLoggerFactory.java:95] - closeChannel: close the connection to remote address[] result: true
[wanxinp2p-account-service][${env:SERVER_PORT}] 2021-08-09 11:39:34,389 INFO [NettyClientSelector_1][Slf4jLoggerFactory.java:95] - closeChannel: close the connection to remote address[] result: true
[wanxinp2p-account-service][${env:SERVER_PORT}] 2021-08-09 11:39:43,703 INFO [NettyClientSelector_1][Slf4jLoggerFactory.java:95] - closeChannel: close the connection to remote address[] result: true
[wanxinp2p-account-service][${env:SERVER_PORT}] 2021-08-09 11:40:04,389 INFO [NettyClientSelector_1][Slf4jLoggerFactory.java:95] - closeChannel: close the connection to remote address[] result: true
[wanxinp2p-account-service][${env:SERVER_PORT}] 2021-08-09 11:40:08,420 INFO [AsyncResolver-bootstrap-executor-0][ConfigClusterResolver.java:43] - Resolving eureka endpoints via configuration
[wanxinp2p-account-service][${env:SERVER_PORT}] 2021-08-09 11:40:13,708 INFO [NettyClientSelector_1][Slf4jLoggerFactory.java:95] - closeChannel: close the connection to remote address[] result: true
[wanxinp2p-account-service][${env:SERVER_PORT}] 2021-08-09 11:40:34,390 INFO [NettyClientSelector_1][Slf4jLoggerFactory.java:95] - closeChannel: close the connection to remote address[] result: true
[wanxinp2p-account-service][${env:SERVER_PORT}] 2021-08-09 11:40:43,705 INFO [NettyClientSelector_1][Slf4jLoggerFactory.java:95] - closeChannel: close the connection to remote address[] result: true
[wanxinp2p-account-service][${env:SERVER_PORT}] 2021-08-09 11:41:04,390 INFO [NettyClientSelector_1][Slf4jLoggerFactory.java:95] - closeChannel: close the connection to remote address[] result: true
[wanxinp2p-account-service][${env:SERVER_PORT}] 2021-08-09 11:41:13,706 INFO [NettyClientSelector_1][Slf4jLoggerFactory.java:95] - closeChannel: close the connection to remote address[] result: true
[wanxinp2p-account-service][${env:SERVER_PORT}] 2021-08-09 11:41:34,390 INFO [NettyClientSelector_1][Slf4jLoggerFactory.java:95] - closeChannel: close the connection to remote address[] result: true
[wanxinp2p-account-service][${env:SERVER_PORT}] 2021-08-09 11:41:43,703 INFO [NettyClientSelector_1][Slf4jLoggerFactory.java:95] - closeChannel: close the connection to remote address[] result: true
[wanxinp2p-account-service][${env:SERVER_PORT}] 2021-08-09 11:42:04,402 INFO [NettyClientSelector_1][Slf4jLoggerFactory.java:95] - closeChannel: close the connection to remote address[] result: true
[wanxinp2p-account-service][${env:SERVER_PORT}] 2021-08-09 11:42:13,705 INFO [NettyClientSelector_1][Slf4jLoggerFactory.java:95] - closeChannel: close the connection to remote address[] result: true
[wanxinp2p-account-service][${env:SERVER_PORT}] 2021-08-09 11:42:34,389 INFO [NettyClientSelector_1][Slf4jLoggerFactory.java:95] - closeChannel: close the connection to remote address[] result: true
[wanxinp2p-account-service][${env:SERVER_PORT}] 2021-08-09 11:42:43,728 INFO [NettyClientSelector_1][Slf4jLoggerFactory.java:95] - closeChannel: close the connection to remote address[] result: true
[wanxinp2p-account-service][${env:SERVER_PORT}] 2021-08-09 11:43:04,400 INFO [NettyClientSelector_1][Slf4jLoggerFactory.java:95] - closeChannel: close the connection to remote address[] result: true
[wanxinp2p-account-service][${env:SERVER_PORT}] 2021-08-09 11:43:13,709 INFO [NettyClientSelector_1][Slf4jLoggerFactory.java:95] - closeChannel: close the connection to remote address[] result: true
[wanxinp2p-account-service][${env:SERVER_PORT}] 2021-08-09 11:43:34,389 INFO [NettyClientSelector_1][Slf4jLoggerFactory.java:95] - closeChannel: close the connection to remote address[] result: true
[wanxinp2p-account-service][${env:SERVER_PORT}] 2021-08-09 11:43:43,713 INFO [NettyClientSelector_1][Slf4jLoggerFactory.java:95] - closeChannel: close the connection to remote address[] result: true
[wanxinp2p-account-service][${env:SERVER_PORT}] 2021-08-09 11:44:04,401 INFO [NettyClientSelector_1][Slf4jLoggerFactory.java:95] - closeChannel: close the connection to remote address[] result: true
[wanxinp2p-account-service][${env:SERVER_PORT}] 2021-08-09 11:44:13,707 INFO [NettyClientSelector_1][Slf4jLoggerFactory.java:95] - closeChannel: close the connection to remote address[] result: true
[wanxinp2p-account-service][${env:SERVER_PORT}] 2021-08-09 11:44:34,390 INFO [NettyClientSelector_1][Slf4jLoggerFactory.java:95] - closeChannel: close the connection to remote address[] result: true
[wanxinp2p-account-service][${env:SERVER_PORT}] 2021-08-09 11:44:43,705 INFO [NettyClientSelector_1][Slf4jLoggerFactory.java:95] - closeChannel: close the connection to remote address[] result: true
[wanxinp2p-account-service][${env:SERVER_PORT}] 2021-08-09 11:45:04,390 INFO [NettyClientSelector_1][Slf4jLoggerFactory.java:95] - closeChannel: close the connection to remote address[] result: true
[wanxinp2p-account-service][${env:SERVER_PORT}] 2021-08-09 11:45:08,422 INFO [AsyncResolver-bootstrap-executor-0][ConfigClusterResolver.java:43] - Resolving eureka endpoints via configuration
[wanxinp2p-account-service][${env:SERVER_PORT}] 2021-08-09 11:45:13,715 INFO [NettyClientSelector_1][Slf4jLoggerFactory.java:95] - closeChannel: close the connection to remote address[] result: true
[wanxinp2p-account-service][${env:SERVER_PORT}] 2021-08-09 11:45:34,391 INFO [NettyClientSelector_1][Slf4jLoggerFactory.java:95] - closeChannel: close the connection to remote address[] result: true
[wanxinp2p-account-service][${env:SERVER_PORT}] 2021-08-09 11:45:43,714 INFO [NettyClientSelector_1][Slf4jLoggerFactory.java:95] - closeChannel: close the connection to remote address[] result: true
[wanxinp2p-account-service][${env:SERVER_PORT}] 2021-08-09 11:46:04,388 INFO [NettyClientSelector_1][Slf4jLoggerFactory.java:95] - closeChannel: close the connection to remote address[] result: true
[wanxinp2p-account-service][${env:SERVER_PORT}] 2021-08-09 11:46:13,704 INFO [NettyClientSelector_1][Slf4jLoggerFactory.java:95] - closeChannel: close the connection to remote address[] result: true
[wanxinp2p-account-service][${env:SERVER_PORT}] 2021-08-09 11:46:34,391 INFO [NettyClientSelector_1][Slf4jLoggerFactory.java:95] - closeChannel: close the connection to remote address[] result: true
[wanxinp2p-account-service][${env:SERVER_PORT}] 2021-08-09 11:46:43,705 INFO [NettyClientSelector_1][Slf4jLoggerFactory.java:95] - closeChannel: close the connection to remote address[] result: true
[wanxinp2p-account-service][${env:SERVER_PORT}] 2021-08-09 11:47:04,392 INFO [NettyClientSelector_1][Slf4jLoggerFactory.java:95] - closeChannel: close the connection to remote address[] result: true
[wanxinp2p-account-service][${env:SERVER_PORT}] 2021-08-09 11:47:13,704 INFO [NettyClientSelector_1][Slf4jLoggerFactory.java:95] - closeChannel: close the connection to remote address[] result: true
[wanxinp2p-account-service][${env:SERVER_PORT}] 2021-08-09 11:47:34,400 INFO [NettyClientSelector_1][Slf4jLoggerFactory.java:95] - closeChannel: close the connection to remote address[] result: true
[wanxinp2p-account-service][${env:SERVER_PORT}] 2021-08-09 11:47:43,706 INFO [NettyClientSelector_1][Slf4jLoggerFactory.java:95] - closeChannel: close the connection to remote address[] result: true
[wanxinp2p-account-service][${env:SERVER_PORT}] 2021-08-09 11:48:04,397 INFO [NettyClientSelector_1][Slf4jLoggerFactory.java:95] - closeChannel: close the connection to remote address[] result: true
[wanxinp2p-account-service][${env:SERVER_PORT}] 2021-08-09 11:48:13,707 INFO [NettyClientSelector_1][Slf4jLoggerFactory.java:95] - closeChannel: close the connection to remote address[] result: true
[wanxinp2p-account-service][${env:SERVER_PORT}] 2021-08-09 11:48:34,396 INFO [NettyClientSelector_1][Slf4jLoggerFactory.java:95] - closeChannel: close the connection to remote address[] result: true
[wanxinp2p-account-service][${env:SERVER_PORT}] 2021-08-09 11:48:43,715 INFO [NettyClientSelector_1][Slf4jLoggerFactory.java:95] - closeChannel: close the connection to remote address[] result: true
[wanxinp2p-account-service][${env:SERVER_PORT}] 2021-08-09 11:49:04,390 INFO [NettyClientSelector_1][Slf4jLoggerFactory.java:95] - closeChannel: close the connection to remote address[] result: true
[wanxinp2p-account-service][${env:SERVER_PORT}] 2021-08-09 11:49:13,707 INFO [NettyClientSelector_1][Slf4jLoggerFactory.java:95] - closeChannel: close the connection to remote address[] result: true
[wanxinp2p-account-service][${env:SERVER_PORT}] 2021-08-09 11:49:34,389 INFO [NettyClientSelector_1][Slf4jLoggerFactory.java:95] - closeChannel: close the connection to remote address[] result: true
[wanxinp2p-account-service][${env:SERVER_PORT}] 2021-08-09 11:49:43,702 INFO [NettyClientSelector_1][Slf4jLoggerFactory.java:95] - closeChannel: close the connection to remote address[] result: true
[wanxinp2p-account-service][${env:SERVER_PORT}] 2021-08-09 11:50:04,390 INFO [NettyClientSelector_1][Slf4jLoggerFactory.java:95] - closeChannel: close the connection to remote address[] result: true
[wanxinp2p-account-service][${env:SERVER_PORT}] 2021-08-09 11:50:08,422 INFO [AsyncResolver-bootstrap-executor-0][ConfigClusterResolver.java:43] - Resolving eureka endpoints via configuration
[wanxinp2p-account-service][${env:SERVER_PORT}] 2021-08-09 11:50:13,704 INFO [NettyClientSelector_1][Slf4jLoggerFactory.java:95] - closeChannel: close the connection to remote address[] result: true
[wanxinp2p-account-service][${env:SERVER_PORT}] 2021-08-09 11:50:34,390 INFO [NettyClientSelector_1][Slf4jLoggerFactory.java:95] - closeChannel: close the connection to remote address[] result: true
[wanxinp2p-account-service][${env:SERVER_PORT}] 2021-08-09 11:50:43,708 INFO [NettyClientSelector_1][Slf4jLoggerFactory.java:95] - closeChannel: close the connection to remote address[] result: true
[wanxinp2p-account-service][${env:SERVER_PORT}] 2021-08-09 11:51:04,391 INFO [NettyClientSelector_1][Slf4jLoggerFactory.java:95] - closeChannel: close the connection to remote address[] result: true
[wanxinp2p-account-service][${env:SERVER_PORT}] 2021-08-09 11:51:13,715 INFO [NettyClientSelector_1][Slf4jLoggerFactory.java:95] - closeChannel: close the connection to remote address[] result: true
[wanxinp2p-account-service][${env:SERVER_PORT}] 2021-08-09 11:51:34,400 INFO [NettyClientSelector_1][Slf4jLoggerFactory.java:95] - closeChannel: close the connection to remote address[] result: true
[wanxinp2p-account-service][${env:SERVER_PORT}] 2021-08-09 11:51:43,715 INFO [NettyClientSelector_1][Slf4jLoggerFactory.java:95] - closeChannel: close the connection to remote address[] result: true
[wanxinp2p-account-service][${env:SERVER_PORT}] 2021-08-09 11:52:04,390 INFO [NettyClientSelector_1][Slf4jLoggerFactory.java:95] - closeChannel: close the connection to remote address[] result: true
[wanxinp2p-account-service][${env:SERVER_PORT}] 2021-08-09 11:52:13,715 INFO [NettyClientSelector_1][Slf4jLoggerFactory.java:95] - closeChannel: close the connection to remote address[] result: true
[wanxinp2p-account-service][${env:SERVER_PORT}] 2021-08-09 11:52:34,390 INFO [NettyClientSelector_1][Slf4jLoggerFactory.java:95] - closeChannel: close the connection to remote address[] result: true
[wanxinp2p-account-service][${env:SERVER_PORT}] 2021-08-09 11:52:43,715 INFO [NettyClientSelector_1][Slf4jLoggerFactory.java:95] - closeChannel: close the connection to remote address[] result: true
[wanxinp2p-account-service][${env:SERVER_PORT}] 2021-08-09 11:53:04,400 INFO [NettyClientSelector_1][Slf4jLoggerFactory.java:95] - closeChannel: close the connection to remote address[] result: true
[wanxinp2p-account-service][${env:SERVER_PORT}] 2021-08-09 11:53:13,708 INFO [NettyClientSelector_1][Slf4jLoggerFactory.java:95] - closeChannel: close the connection to remote address[] result: true
[wanxinp2p-account-service][${env:SERVER_PORT}] 2021-08-09 11:53:34,389 INFO [NettyClientSelector_1][Slf4jLoggerFactory.java:95] - closeChannel: close the connection to remote address[] result: true
[wanxinp2p-account-service][${env:SERVER_PORT}] 2021-08-09 11:53:43,713 INFO [NettyClientSelector_1][Slf4jLoggerFactory.java:95] - closeChannel: close the connection to remote address[] result: true
[wanxinp2p-account-service][${env:SERVER_PORT}] 2021-08-09 11:54:04,400 INFO [NettyClientSelector_1][Slf4jLoggerFactory.java:95] - closeChannel: close the connection to remote address[] result: true
[wanxinp2p-account-service][${env:SERVER_PORT}] 2021-08-09 11:54:13,716 INFO [NettyClientSelector_1][Slf4jLoggerFactory.java:95] - closeChannel: close the connection to remote address[] result: true
[wanxinp2p-account-service][${env:SERVER_PORT}] 2021-08-09 11:54:34,391 INFO [NettyClientSelector_1][Slf4jLoggerFactory.java:95] - closeChannel: close the connection to remote address[] result: true
[wanxinp2p-account-service][${env:SERVER_PORT}] 2021-08-09 11:54:43,704 INFO [NettyClientSelector_1][Slf4jLoggerFactory.java:95] - closeChannel: close the connection to remote address[] result: true
[wanxinp2p-account-service][${env:SERVER_PORT}] 2021-08-09 11:55:04,390 INFO [NettyClientSelector_1][Slf4jLoggerFactory.java:95] - closeChannel: close the connection to remote address[] result: true
[wanxinp2p-account-service][${env:SERVER_PORT}] 2021-08-09 11:55:08,424 INFO [AsyncResolver-bootstrap-executor-0][ConfigClusterResolver.java:43] - Resolving eureka endpoints via configuration
[wanxinp2p-account-service][${env:SERVER_PORT}] 2021-08-09 11:55:13,705 INFO [NettyClientSelector_1][Slf4jLoggerFactory.java:95] - closeChannel: close the connection to remote address[] result: true
[wanxinp2p-account-service][${env:SERVER_PORT}] 2021-08-09 11:55:34,416 INFO [NettyClientSelector_1][Slf4jLoggerFactory.java:95] - closeChannel: close the connection to remote address[] result: true
[wanxinp2p-account-service][${env:SERVER_PORT}] 2021-08-09 11:55:43,715 INFO [NettyClientSelector_1][Slf4jLoggerFactory.java:95] - closeChannel: close the connection to remote address[] result: true
[wanxinp2p-account-service][${env:SERVER_PORT}] 2021-08-09 11:56:04,389 INFO [NettyClientSelector_1][Slf4jLoggerFactory.java:95] - closeChannel: close the connection to remote address[] result: true
[wanxinp2p-account-service][${env:SERVER_PORT}] 2021-08-09 11:56:13,707 INFO [NettyClientSelector_1][Slf4jLoggerFactory.java:95] - closeChannel: close the connection to remote address[] result: true
[wanxinp2p-account-service][${env:SERVER_PORT}] 2021-08-09 11:56:34,401 INFO [NettyClientSelector_1][Slf4jLoggerFactory.java:95] - closeChannel: close the connection to remote address[] result: true
[wanxinp2p-account-service][${env:SERVER_PORT}] 2021-08-09 11:56:43,707 INFO [NettyClientSelector_1][Slf4jLoggerFactory.java:95] - closeChannel: close the connection to remote address[] result: true
[wanxinp2p-account-service][${env:SERVER_PORT}] 2021-08-09 11:57:04,401 INFO [NettyClientSelector_1][Slf4jLoggerFactory.java:95] - closeChannel: close the connection to remote address[] result: true
[wanxinp2p-account-service][${env:SERVER_PORT}] 2021-08-09 11:57:13,714 INFO [NettyClientSelector_1][Slf4jLoggerFactory.java:95] - closeChannel: close the connection to remote address[] result: true
[wanxinp2p-account-service][${env:SERVER_PORT}] 2021-08-09 11:57:34,390 INFO [NettyClientSelector_1][Slf4jLoggerFactory.java:95] - closeChannel: close the connection to remote address[] result: true
[wanxinp2p-account-service][${env:SERVER_PORT}] 2021-08-09 11:57:43,708 INFO [NettyClientSelector_1][Slf4jLoggerFactory.java:95] - closeChannel: close the connection to remote address[] result: true
[wanxinp2p-account-service][${env:SERVER_PORT}] 2021-08-09 11:58:04,402 INFO [NettyClientSelector_1][Slf4jLoggerFactory.java:95] - closeChannel: close the connection to remote address[] result: true
[wanxinp2p-account-service][${env:SERVER_PORT}] 2021-08-09 11:58:13,704 INFO [NettyClientSelector_1][Slf4jLoggerFactory.java:95] - closeChannel: close the connection to remote address[] result: true
[wanxinp2p-account-service][${env:SERVER_PORT}] 2021-08-09 11:58:34,389 INFO [NettyClientSelector_1][Slf4jLoggerFactory.java:95] - closeChannel: close the connection to remote address[] result: true
[wanxinp2p-account-service][${env:SERVER_PORT}] 2021-08-09 11:58:43,715 INFO [NettyClientSelector_1][Slf4jLoggerFactory.java:95] - closeChannel: close the connection to remote address[] result: true
[wanxinp2p-account-service][${env:SERVER_PORT}] 2021-08-09 11:59:04,400 INFO [NettyClientSelector_1][Slf4jLoggerFactory.java:95] - closeChannel: close the connection to remote address[] result: true
[wanxinp2p-account-service][${env:SERVER_PORT}] 2021-08-09 11:59:13,715 INFO [NettyClientSelector_1][Slf4jLoggerFactory.java:95] - closeChannel: close the connection to remote address[] result: true
[wanxinp2p-account-service][${env:SERVER_PORT}] 2021-08-09 11:59:34,399 INFO [NettyClientSelector_1][Slf4jLoggerFactory.java:95] - closeChannel: close the connection to remote address[] result: true
[wanxinp2p-account-service][${env:SERVER_PORT}] 2021-08-09 11:59:43,704 INFO [NettyClientSelector_1][Slf4jLoggerFactory.java:95] - closeChannel: close the connection to remote address[] result: true
